Gym has been unmaintained since 2022 and does not support NumPy 2.0 amongst other critical functionality.
Please upgrade to Gymnasium, the maintained drop-in replacement of Gym, or contact the authors of your software and request that they upgrade.
Users of this version of Gym should be able to simply replace 'import gym' with 'import gymnasium as gym' in the vast majority of cases.
See the migration guide at https://gymnasium.farama.org/introduction/migration_guide/ for additional information.
CUDA: False
Namespace(algo='ppo', lr=0.0003, eps=1e-05, alpha=0.99, gamma=0.997, use_gae=True, gae_lambda=0.95, entropy_coef=0.005, value_loss_coef=0.5, max_grad_norm=0.5, seed=137, cuda_deterministic=False, num_processes=1, num_steps=128, ppo_epoch=4, num_mini_batch=1, clip_param=0.2, log_interval=1, save_interval=10, no_cuda=True, use_proper_time_limits=False, recurrent_policy=True, use_linear_lr_decay=False, env_name='plume', log_dir='/tmp/gym/', save_dir='/home/ubuntu/pathintegrationBPU/outputs/odor_plume_mb_bpu/mb_bpu', dynamic=False, eval_type='skip', eval_episodes=5, eval_interval=10, weight_decay=0.01, rnn_type='VRNN', hidden_size=64, betadist=False, policy_type='bpu', bpu_matrix='/home/ubuntu/pathintegrationBPU/outputs/hemibrain_mushroom_body_plume/adjacency_unsigned.npz', bpu_pools='/home/ubuntu/pathintegrationBPU/outputs/hemibrain_mushroom_body_plume/pool_assignments.csv', bpu_metadata='/home/ubuntu/pathintegrationBPU/outputs/hemibrain_mushroom_body_plume/graph_metadata.json', bpu_k=3, bpu_output_limit=0, stacking=0, masking=None, stride=1, dataset=['constantx5b5'], num_env_steps=[50000], qvar=[0.0], birthx=[0.2], diff_max=[0.9], diff_min=[0.4], birthx_max=1.0, dryrun=False, curriculum=False, turnx=1.0, movex=1.0, auto_movex=False, auto_reward=False, loc_algo='uniform', time_algo='uniform', env_dt=0.04, outsuffix='mb_bpu', walking=False, radiusx=1.0, diffusion_min=0.33, diffusion_max=1.0, r_shaping=['step', 'oob', 'stray'], wind_rel=True, action_feedback=False, squash_action=True, flipping=True, odor_scaling=True, stray_max=2.0, test_episodes=20, viz_episodes=0, model_fname='', obs_noise=0.025, act_noise=0.025, cuda=False)
PPO Args ---> Namespace(algo='ppo', lr=0.0003, eps=1e-05, alpha=0.99, gamma=0.997, use_gae=True, gae_lambda=0.95, entropy_coef=0.005, value_loss_coef=0.5, max_grad_norm=0.5, seed=137, cuda_deterministic=False, num_processes=1, num_steps=128, ppo_epoch=4, num_mini_batch=1, clip_param=0.2, log_interval=1, save_interval=10, no_cuda=True, use_proper_time_limits=False, recurrent_policy=True, use_linear_lr_decay=False, env_name='plume', log_dir='/tmp/gym/', save_dir='/home/ubuntu/pathintegrationBPU/outputs/odor_plume_mb_bpu/mb_bpu', dynamic=False, eval_type='skip', eval_episodes=5, eval_interval=10, weight_decay=0.01, rnn_type='VRNN', hidden_size=64, betadist=False, policy_type='bpu', bpu_matrix='/home/ubuntu/pathintegrationBPU/outputs/hemibrain_mushroom_body_plume/adjacency_unsigned.npz', bpu_pools='/home/ubuntu/pathintegrationBPU/outputs/hemibrain_mushroom_body_plume/pool_assignments.csv', bpu_metadata='/home/ubuntu/pathintegrationBPU/outputs/hemibrain_mushroom_body_plume/graph_metadata.json', bpu_k=3, bpu_output_limit=0, stacking=0, masking=None, stride=1, dataset=['constantx5b5'], num_env_steps=[50000], qvar=[0.0], birthx=[0.2], diff_max=[0.9], diff_min=[0.4], birthx_max=1.0, dryrun=False, curriculum=False, turnx=1.0, movex=1.0, auto_movex=False, auto_reward=False, loc_algo='uniform', time_algo='uniform', env_dt=0.04, outsuffix='mb_bpu', walking=False, radiusx=1.0, diffusion_min=0.33, diffusion_max=1.0, r_shaping=['step', 'oob', 'stray'], wind_rel=True, action_feedback=False, squash_action=True, flipping=True, odor_scaling=True, stray_max=2.0, test_episodes=20, viz_episodes=0, model_fname='', obs_noise=0.025, act_noise=0.025, cuda=False)
Using Precomputed Plume...
PlumeEnvironment: {'self': <plume_env.PlumeEnvironment object at 0x7dabbffbbcb0>, 't_val_min': 60.0, 'sim_steps_max': 300, 'reset_offset_tmax': 30, 'dataset': 'constantx5b5', 'move_capacity': 2.0, 'turn_capacity': 19.634954084936208, 'wind_obsx': 1.0, 'movex': 1.0, 'turnx': 1.0, 'birthx': 0.2, 'birthx_max': 1.0, 'env_dt': 0.04, 'loc_algo': 'uniform', 'qvar': 0.0, 'time_algo': 'uniform', 'angle_algo': 'uniform', 'homed_radius': 0.2, 'stray_max': 2.0, 'wind_rel': True, 'auto_movex': False, 'auto_reward': False, 'diff_max': 0.9, 'diff_min': 0.4, 'r_shaping': ['step', 'oob', 'stray'], 'rewardx': 1.0, 'rescale': False, 'squash_action': True, 'walking': False, 'walk_move': 0.05, 'walk_turn': 3.141592653589793, 'radiusx': 1.0, 'diffusion_min': 1.0, 'diffusion_max': 1.0, 'action_feedback': False, 'flipping': True, 'odor_scaling': True, 'obs_noise': 0.025, 'act_noise': 0.025, 'dynamic': False, 'seed': 137, 'verbose': 0, '__class__': <class 'plume_env.PlumeEnvironment'>}
Squashing actions to 0-1
constantx5b5
wind: t_val_diff 0.03999999999999915 env_dt 0.04
puffs: t_val_diff 0.03999999999999915 env_dt 0.04
Reward Shaping ['step', 'oob', 'stray']
Using Precomputed Plume...
PlumeEnvironment: {'self': <plume_env.PlumeEnvironment object at 0x7dabbff99e80>, 't_val_min': 60.0, 'sim_steps_max': 300, 'reset_offset_tmax': 30, 'dataset': 'constantx5b5', 'move_capacity': 2.0, 'turn_capacity': 19.634954084936208, 'wind_obsx': 1.0, 'movex': 1.0, 'turnx': 1.0, 'birthx': 0.2, 'birthx_max': 1.0, 'env_dt': 0.04, 'loc_algo': 'uniform', 'qvar': 0.0, 'time_algo': 'uniform', 'angle_algo': 'uniform', 'homed_radius': 0.2, 'stray_max': 2.0, 'wind_rel': True, 'auto_movex': False, 'auto_reward': False, 'diff_max': 0.9, 'diff_min': 0.4, 'r_shaping': ['step', 'oob', 'stray'], 'rewardx': 1.0, 'rescale': False, 'squash_action': True, 'walking': False, 'walk_move': 0.05, 'walk_turn': 3.141592653589793, 'radiusx': 1.0, 'diffusion_min': 1.0, 'diffusion_max': 1.0, 'action_feedback': False, 'flipping': True, 'odor_scaling': True, 'obs_noise': 0.025, 'act_noise': 0.025, 'dynamic': False, 'seed': 137, 'verbose': 0, '__class__': <class 'plume_env.PlumeEnvironment'>}
Squashing actions to 0-1
constantx5b5
wind: t_val_diff 0.03999999999999915 env_dt 0.04
puffs: t_val_diff 0.03999999999999915 env_dt 0.04
Reward Shaping ['step', 'oob', 'stray']
Using ConnectomeBPUBase
ConnectomeBPUBase N=11690 edges=1277773 sensory=582 output=269 K=3 actor_hidden=64
Saved /home/ubuntu/pathintegrationBPU/outputs/odor_plume_mb_bpu/mb_bpu/plume_mb_bpu.pt.start
Stage: 0/1 - constantx5b5 b0.2 q0.0 n50000
Saved /home/ubuntu/pathintegrationBPU/outputs/odor_plume_mb_bpu/mb_bpu/plume_mb_bpu.pt
Update 2/390, T 384, FPS 0, 2-training-episode: mean/median -105.4/-105.4, min/max -112.5/-98.3
Update 3/390, T 512, FPS 0, 2-training-episode: mean/median -105.4/-105.4, min/max -112.5/-98.3
Update 4/390, T 640, FPS 0, 2-training-episode: mean/median -105.4/-105.4, min/max -112.5/-98.3
Update 5/390, T 768, FPS 0, 4-training-episode: mean/median -85.4/-91.0, min/max -112.5/-47.0
Update 6/390, T 896, FPS 0, 4-training-episode: mean/median -85.4/-91.0, min/max -112.5/-47.0
Update 7/390, T 1024, FPS 0, 5-training-episode: mean/median -91.6/-98.3, min/max -116.3/-47.0
Update 8/390, T 1152, FPS 0, 6-training-episode: mean/median -86.0/-91.0, min/max -116.3/-47.0
Update 9/390, T 1280, FPS 0, 7-training-episode: mean/median -80.4/-83.7, min/max -116.3/-46.7
Saved /home/ubuntu/pathintegrationBPU/outputs/odor_plume_mb_bpu/mb_bpu/plume_mb_bpu.pt
Update 10/390, T 1408, FPS 0, 8-training-episode: mean/median -84.9/-91.0, min/max -116.3/-46.7
eval_lite: {'r_mean': -83.45, 'r_std': 6.22, 'steps_mean': 299.0, 't': 182.36, 'T': 1408}
Update 11/390, T 1536, FPS 0, 8-training-episode: mean/median -84.9/-91.0, min/max -116.3/-46.7
Update 12/390, T 1664, FPS 0, 8-training-episode: mean/median -84.9/-91.0, min/max -116.3/-46.7
Update 13/390, T 1792, FPS 0, 9-training-episode: mean/median -85.8/-93.0, min/max -116.3/-46.7
Update 14/390, T 1920, FPS 0, 9-training-episode: mean/median -85.8/-93.0, min/max -116.3/-46.7
Update 15/390, T 2048, FPS 0, 10-training-episode: mean/median -88.3/-95.7, min/max -116.3/-46.7
Update 16/390, T 2176, FPS 0, 11-training-episode: mean/median -85.9/-93.0, min/max -116.3/-46.7
Update 17/390, T 2304, FPS 0, 11-training-episode: mean/median -85.9/-93.0, min/max -116.3/-46.7
Update 18/390, T 2432, FPS 0, 12-training-episode: mean/median -84.6/-88.4, min/max -116.3/-46.7
Update 19/390, T 2560, FPS 0, 12-training-episode: mean/median -84.6/-88.4, min/max -116.3/-46.7
Saved /home/ubuntu/pathintegrationBPU/outputs/odor_plume_mb_bpu/mb_bpu/plume_mb_bpu.pt
Update 20/390, T 2688, FPS 0, 12-training-episode: mean/median -84.6/-88.4, min/max -116.3/-46.7
eval_lite: {'r_mean': -75.08, 'r_std': 4.91, 'steps_mean': 299.0, 't': 182.14, 'T': 2688}
Update 21/390, T 2816, FPS 0, 13-training-episode: mean/median -85.3/-93.0, min/max -116.3/-46.7
Update 22/390, T 2944, FPS 0, 13-training-episode: mean/median -85.3/-93.0, min/max -116.3/-46.7
Update 23/390, T 3072, FPS 0, 14-training-episode: mean/median -85.6/-91.5, min/max -116.3/-46.7
Update 24/390, T 3200, FPS 0, 15-training-episode: mean/median -83.9/-90.0, min/max -116.3/-46.7
Update 25/390, T 3328, FPS 0, 15-training-episode: mean/median -83.9/-90.0, min/max -116.3/-46.7
Update 26/390, T 3456, FPS 0, 16-training-episode: mean/median -83.3/-86.8, min/max -116.3/-46.7
Update 27/390, T 3584, FPS 0, 17-training-episode: mean/median -82.2/-83.7, min/max -116.3/-46.7
Update 28/390, T 3712, FPS 0, 17-training-episode: mean/median -82.2/-83.7, min/max -116.3/-46.7
Update 29/390, T 3840, FPS 0, 18-training-episode: mean/median -86.5/-86.8, min/max -159.9/-46.7
Saved /home/ubuntu/pathintegrationBPU/outputs/odor_plume_mb_bpu/mb_bpu/plume_mb_bpu.pt
Update 30/390, T 3968, FPS 0, 18-training-episode: mean/median -86.5/-86.8, min/max -159.9/-46.7
eval_lite: {'r_mean': -79.92, 'r_std': 6.25, 'steps_mean': 299.0, 't': 182.19, 'T': 3968}
Update 31/390, T 4096, FPS 0, 18-training-episode: mean/median -86.5/-86.8, min/max -159.9/-46.7
Update 32/390, T 4224, FPS 0, 19-training-episode: mean/median -85.5/-83.7, min/max -159.9/-46.7
Update 33/390, T 4352, FPS 0, 19-training-episode: mean/median -85.5/-83.7, min/max -159.9/-46.7
Update 34/390, T 4480, FPS 0, 20-training-episode: mean/median -86.3/-86.8, min/max -159.9/-46.7
Update 35/390, T 4608, FPS 0, 20-training-episode: mean/median -86.3/-86.8, min/max -159.9/-46.7
Update 36/390, T 4736, FPS 0, 21-training-episode: mean/median -86.1/-83.7, min/max -159.9/-46.7
Update 37/390, T 4864, FPS 0, 21-training-episode: mean/median -86.1/-83.7, min/max -159.9/-46.7
Update 38/390, T 4992, FPS 0, 22-training-episode: mean/median -88.6/-86.8, min/max -159.9/-46.7
Update 39/390, T 5120, FPS 0, 22-training-episode: mean/median -88.6/-86.8, min/max -159.9/-46.7
Saved /home/ubuntu/pathintegrationBPU/outputs/odor_plume_mb_bpu/mb_bpu/plume_mb_bpu.pt
Update 40/390, T 5248, FPS 0, 23-training-episode: mean/median -88.2/-83.7, min/max -159.9/-46.7
eval_lite: {'r_mean': -77.67, 'r_std': 5.41, 'steps_mean': 299.0, 't': 181.21, 'T': 5248}
Update 41/390, T 5376, FPS 0, 23-training-episode: mean/median -88.2/-83.7, min/max -159.9/-46.7
Update 42/390, T 5504, FPS 0, 24-training-episode: mean/median -88.9/-86.8, min/max -159.9/-46.7
Update 43/390, T 5632, FPS 0, 24-training-episode: mean/median -88.9/-86.8, min/max -159.9/-46.7
Update 44/390, T 5760, FPS 0, 25-training-episode: mean/median -87.8/-83.7, min/max -159.9/-46.7
Update 45/390, T 5888, FPS 0, 25-training-episode: mean/median -87.8/-83.7, min/max -159.9/-46.7
Update 46/390, T 6016, FPS 0, 26-training-episode: mean/median -88.0/-86.8, min/max -159.9/-46.7
Update 47/390, T 6144, FPS 0, 27-training-episode: mean/median -86.6/-83.7, min/max -159.9/-46.7
Update 48/390, T 6272, FPS 0, 29-training-episode: mean/median -84.3/-81.5, min/max -159.9/-46.7
Update 49/390, T 6400, FPS 0, 29-training-episode: mean/median -84.3/-81.5, min/max -159.9/-46.7
Saved /home/ubuntu/pathintegrationBPU/outputs/odor_plume_mb_bpu/mb_bpu/plume_mb_bpu.pt
Update 50/390, T 6528, FPS 0, 29-training-episode: mean/median -84.3/-81.5, min/max -159.9/-46.7
eval_lite: {'r_mean': -76.7, 'r_std': 5.34, 'steps_mean': 299.0, 't': 180.99, 'T': 6528}
Update 51/390, T 6656, FPS 0, 31-training-episode: mean/median -83.2/-81.5, min/max -159.9/-46.7
Update 52/390, T 6784, FPS 0, 31-training-episode: mean/median -83.2/-81.5, min/max -159.9/-46.7
Update 53/390, T 6912, FPS 0, 32-training-episode: mean/median -83.1/-80.4, min/max -159.9/-46.7
Update 54/390, T 7040, FPS 0, 33-training-episode: mean/median -83.8/-81.5, min/max -159.9/-46.7
Update 55/390, T 7168, FPS 0, 34-training-episode: mean/median -83.6/-80.4, min/max -159.9/-46.7
Update 56/390, T 7296, FPS 0, 34-training-episode: mean/median -83.6/-80.4, min/max -159.9/-46.7
Update 57/390, T 7424, FPS 0, 35-training-episode: mean/median -84.9/-81.5, min/max -159.9/-46.7
Update 58/390, T 7552, FPS 0, 35-training-episode: mean/median -84.9/-81.5, min/max -159.9/-46.7
Update 59/390, T 7680, FPS 0, 36-training-episode: mean/median -84.8/-81.8, min/max -159.9/-46.7
Saved /home/ubuntu/pathintegrationBPU/outputs/odor_plume_mb_bpu/mb_bpu/plume_mb_bpu.pt
Update 60/390, T 7808, FPS 0, 37-training-episode: mean/median -84.9/-82.1, min/max -159.9/-46.7
eval_lite: {'r_mean': -82.47, 'r_std': 45.78, 'steps_mean': 166.0, 't': 100.93, 'T': 7808}
Update 61/390, T 7936, FPS 0, 37-training-episode: mean/median -84.9/-82.1, min/max -159.9/-46.7
Update 62/390, T 8064, FPS 0, 37-training-episode: mean/median -84.9/-82.1, min/max -159.9/-46.7
Update 63/390, T 8192, FPS 0, 38-training-episode: mean/median -85.2/-82.9, min/max -159.9/-46.7
Update 64/390, T 8320, FPS 0, 39-training-episode: mean/median -85.3/-83.7, min/max -159.9/-46.7
Update 65/390, T 8448, FPS 0, 39-training-episode: mean/median -85.3/-83.7, min/max -159.9/-46.7
Update 66/390, T 8576, FPS 0, 40-training-episode: mean/median -86.7/-83.8, min/max -159.9/-46.7
Update 67/390, T 8704, FPS 0, 41-training-episode: mean/median -85.6/-83.7, min/max -159.9/-40.9
Update 68/390, T 8832, FPS 0, 41-training-episode: mean/median -85.6/-83.7, min/max -159.9/-40.9
Update 69/390, T 8960, FPS 0, 42-training-episode: mean/median -86.4/-83.8, min/max -159.9/-40.9
Saved /home/ubuntu/pathintegrationBPU/outputs/odor_plume_mb_bpu/mb_bpu/plume_mb_bpu.pt
Update 70/390, T 9088, FPS 0, 43-training-episode: mean/median -85.9/-83.7, min/max -159.9/-40.9
eval_lite: {'r_mean': -23.62, 'r_std': 51.84, 'steps_mean': 99.2, 't': 61.31, 'T': 9088}
Update 71/390, T 9216, FPS 0, 43-training-episode: mean/median -85.9/-83.7, min/max -159.9/-40.9
Update 72/390, T 9344, FPS 0, 44-training-episode: mean/median -86.0/-83.8, min/max -159.9/-40.9
Update 73/390, T 9472, FPS 0, 44-training-episode: mean/median -86.0/-83.8, min/max -159.9/-40.9
Update 74/390, T 9600, FPS 0, 44-training-episode: mean/median -86.0/-83.8, min/max -159.9/-40.9
Update 75/390, T 9728, FPS 0, 45-training-episode: mean/median -86.1/-83.9, min/max -159.9/-40.9
Update 76/390, T 9856, FPS 0, 46-training-episode: mean/median -86.1/-84.1, min/max -159.9/-40.9
Update 77/390, T 9984, FPS 0, 48-training-episode: mean/median -84.9/-83.8, min/max -159.9/-40.9
Update 78/390, T 10112, FPS 0, 49-training-episode: mean/median -84.6/-83.7, min/max -159.9/-40.9
Update 79/390, T 10240, FPS 0, 49-training-episode: mean/median -84.6/-83.7, min/max -159.9/-40.9
Saved /home/ubuntu/pathintegrationBPU/outputs/odor_plume_mb_bpu/mb_bpu/plume_mb_bpu.pt
Update 80/390, T 10368, FPS 0, 50-training-episode: mean/median -84.7/-83.8, min/max -159.9/-40.9
eval_lite: {'r_mean': -76.91, 'r_std': 48.82, 'steps_mean': 105.4, 't': 63.96, 'T': 10368}
Update 81/390, T 10496, FPS 0, 50-training-episode: mean/median -85.2/-83.8, min/max -159.9/-40.9
Update 82/390, T 10624, FPS 0, 50-training-episode: mean/median -83.7/-82.9, min/max -159.9/-38.3
Update 83/390, T 10752, FPS 0, 50-training-episode: mean/median -83.7/-82.9, min/max -159.9/-38.3
Update 84/390, T 10880, FPS 0, 50-training-episode: mean/median -85.2/-83.0, min/max -161.6/-38.3
Update 85/390, T 11008, FPS 0, 50-training-episode: mean/median -85.2/-83.0, min/max -161.6/-38.3
Update 86/390, T 11136, FPS 0, 50-training-episode: mean/median -85.7/-83.0, min/max -161.6/-38.3
Update 87/390, T 11264, FPS 0, 50-training-episode: mean/median -85.7/-83.0, min/max -161.6/-38.3
Update 88/390, T 11392, FPS 0, 50-training-episode: mean/median -85.1/-83.0, min/max -161.6/-38.3
Update 89/390, T 11520, FPS 0, 50-training-episode: mean/median -84.9/-83.0, min/max -161.6/-38.3
Saved /home/ubuntu/pathintegrationBPU/outputs/odor_plume_mb_bpu/mb_bpu/plume_mb_bpu.pt
Update 90/390, T 11648, FPS 0, 50-training-episode: mean/median -85.5/-83.0, min/max -161.6/-38.3
eval_lite: {'r_mean': -82.27, 'r_std': 29.37, 'steps_mean': 114.6, 't': 69.68, 'T': 11648}
Update 91/390, T 11776, FPS 0, 50-training-episode: mean/median -85.5/-83.0, min/max -161.6/-38.3
Update 92/390, T 11904, FPS 0, 50-training-episode: mean/median -84.9/-83.0, min/max -161.6/-38.3
Update 93/390, T 12032, FPS 0, 50-training-episode: mean/median -84.5/-81.8, min/max -161.6/-38.3
Update 94/390, T 12160, FPS 0, 50-training-episode: mean/median -84.5/-81.8, min/max -161.6/-38.3
Update 95/390, T 12288, FPS 0, 50-training-episode: mean/median -84.4/-81.8, min/max -161.6/-38.3
Update 96/390, T 12416, FPS 0, 50-training-episode: mean/median -83.4/-81.8, min/max -161.6/-38.3
Update 97/390, T 12544, FPS 0, 50-training-episode: mean/median -83.4/-81.8, min/max -161.6/-38.3
Update 98/390, T 12672, FPS 0, 50-training-episode: mean/median -83.4/-81.8, min/max -161.6/-38.3
Update 99/390, T 12800, FPS 0, 50-training-episode: mean/median -83.4/-81.8, min/max -161.6/-38.3
Saved /home/ubuntu/pathintegrationBPU/outputs/odor_plume_mb_bpu/mb_bpu/plume_mb_bpu.pt
Update 100/390, T 12928, FPS 0, 50-training-episode: mean/median -82.8/-80.4, min/max -161.6/-38.3
eval_lite: {'r_mean': -54.07, 'r_std': 24.11, 'steps_mean': 129.0, 't': 78.36, 'T': 12928}
Update 101/390, T 13056, FPS 0, 50-training-episode: mean/median -83.0/-80.4, min/max -161.6/-38.3
Update 102/390, T 13184, FPS 0, 50-training-episode: mean/median -83.0/-80.4, min/max -161.6/-38.3
Update 103/390, T 13312, FPS 0, 50-training-episode: mean/median -83.6/-81.8, min/max -161.6/-38.3
Update 104/390, T 13440, FPS 0, 50-training-episode: mean/median -83.6/-81.8, min/max -161.6/-38.3
Update 105/390, T 13568, FPS 0, 50-training-episode: mean/median -83.9/-81.8, min/max -161.6/-38.3
Update 106/390, T 13696, FPS 0, 50-training-episode: mean/median -83.9/-81.8, min/max -161.6/-38.3
Update 107/390, T 13824, FPS 0, 50-training-episode: mean/median -83.1/-81.8, min/max -161.6/-38.3
Update 108/390, T 13952, FPS 0, 50-training-episode: mean/median -82.3/-80.4, min/max -161.6/-38.3
Update 109/390, T 14080, FPS 0, 50-training-episode: mean/median -82.3/-80.4, min/max -161.6/-38.3
Saved /home/ubuntu/pathintegrationBPU/outputs/odor_plume_mb_bpu/mb_bpu/plume_mb_bpu.pt
Update 110/390, T 14208, FPS 0, 50-training-episode: mean/median -82.8/-80.7, min/max -161.6/-38.3
eval_lite: {'r_mean': -27.29, 'r_std': 66.08, 'steps_mean': 90.8, 't': 55.49, 'T': 14208}
Update 111/390, T 14336, FPS 0, 50-training-episode: mean/median -82.8/-80.7, min/max -161.6/-38.3
Update 112/390, T 14464, FPS 0, 50-training-episode: mean/median -82.8/-80.7, min/max -161.6/-38.3
Update 113/390, T 14592, FPS 0, 50-training-episode: mean/median -81.5/-79.1, min/max -161.6/-38.3
Update 114/390, T 14720, FPS 0, 50-training-episode: mean/median -81.5/-79.1, min/max -161.6/-38.3
Update 115/390, T 14848, FPS 0, 50-training-episode: mean/median -81.1/-79.1, min/max -161.6/-38.3
Update 116/390, T 14976, FPS 0, 50-training-episode: mean/median -80.3/-78.8, min/max -161.6/-38.3
Update 117/390, T 15104, FPS 0, 50-training-episode: mean/median -80.3/-78.8, min/max -161.6/-38.3
Update 118/390, T 15232, FPS 0, 50-training-episode: mean/median -80.3/-78.8, min/max -161.6/-38.3
Update 119/390, T 15360, FPS 0, 50-training-episode: mean/median -80.4/-78.8, min/max -161.6/-38.3
Saved /home/ubuntu/pathintegrationBPU/outputs/odor_plume_mb_bpu/mb_bpu/plume_mb_bpu.pt
Update 120/390, T 15488, FPS 0, 50-training-episode: mean/median -80.4/-78.8, min/max -161.6/-38.3
eval_lite: {'r_mean': -65.86, 'r_std': 25.78, 'steps_mean': 158.4, 't': 97.09, 'T': 15488}
Update 121/390, T 15616, FPS 0, 50-training-episode: mean/median -81.0/-79.1, min/max -161.6/-38.3
Update 122/390, T 15744, FPS 0, 50-training-episode: mean/median -81.3/-79.1, min/max -161.6/-38.3
Update 123/390, T 15872, FPS 0, 50-training-episode: mean/median -81.3/-79.1, min/max -161.6/-38.3
Update 124/390, T 16000, FPS 0, 50-training-episode: mean/median -81.9/-79.1, min/max -161.6/-38.3
Update 125/390, T 16128, FPS 0, 50-training-episode: mean/median -82.1/-79.1, min/max -161.6/-38.3
Update 126/390, T 16256, FPS 0, 50-training-episode: mean/median -82.0/-78.8, min/max -161.6/-38.3
Update 127/390, T 16384, FPS 0, 50-training-episode: mean/median -81.0/-77.6, min/max -161.6/-38.3
Update 128/390, T 16512, FPS 0, 50-training-episode: mean/median -80.7/-77.6, min/max -161.6/-38.3
Update 129/390, T 16640, FPS 0, 50-training-episode: mean/median -80.7/-77.6, min/max -161.6/-38.3
Saved /home/ubuntu/pathintegrationBPU/outputs/odor_plume_mb_bpu/mb_bpu/plume_mb_bpu.pt
Update 130/390, T 16768, FPS 0, 50-training-episode: mean/median -81.0/-77.6, min/max -161.6/-38.3
eval_lite: {'r_mean': -76.55, 'r_std': 23.55, 'steps_mean': 218.6, 't': 133.29, 'T': 16768}
Update 131/390, T 16896, FPS 0, 50-training-episode: mean/median -81.0/-77.6, min/max -161.6/-38.3
Update 132/390, T 17024, FPS 0, 50-training-episode: mean/median -80.9/-76.7, min/max -161.6/-38.3
Update 133/390, T 17152, FPS 0, 50-training-episode: mean/median -80.5/-75.4, min/max -161.6/-38.3
Update 134/390, T 17280, FPS 0, 50-training-episode: mean/median -80.5/-75.4, min/max -161.6/-38.3
Update 135/390, T 17408, FPS 0, 50-training-episode: mean/median -80.2/-75.4, min/max -161.6/-38.3
Update 136/390, T 17536, FPS 0, 50-training-episode: mean/median -80.2/-75.4, min/max -161.6/-38.3
Update 137/390, T 17664, FPS 0, 50-training-episode: mean/median -79.8/-73.5, min/max -161.6/-38.3
Update 138/390, T 17792, FPS 0, 50-training-episode: mean/median -79.2/-73.5, min/max -161.6/-38.3
Update 139/390, T 17920, FPS 0, 50-training-episode: mean/median -79.2/-73.5, min/max -161.6/-38.3
Saved /home/ubuntu/pathintegrationBPU/outputs/odor_plume_mb_bpu/mb_bpu/plume_mb_bpu.pt
Update 140/390, T 18048, FPS 0, 50-training-episode: mean/median -79.8/-73.5, min/max -161.6/-38.3
eval_lite: {'r_mean': -70.52, 'r_std': 39.13, 'steps_mean': 135.6, 't': 82.57, 'T': 18048}
Update 141/390, T 18176, FPS 0, 50-training-episode: mean/median -79.8/-73.5, min/max -161.6/-38.3
Update 142/390, T 18304, FPS 0, 50-training-episode: mean/median -79.1/-73.5, min/max -161.6/-38.3
Update 143/390, T 18432, FPS 0, 50-training-episode: mean/median -79.1/-73.5, min/max -161.6/-38.3
Update 144/390, T 18560, FPS 0, 50-training-episode: mean/median -79.1/-73.5, min/max -161.6/-38.3
Update 145/390, T 18688, FPS 0, 50-training-episode: mean/median -79.2/-73.5, min/max -161.6/-38.3
Update 146/390, T 18816, FPS 0, 50-training-episode: mean/median -78.6/-72.6, min/max -161.6/-38.3
Update 147/390, T 18944, FPS 0, 50-training-episode: mean/median -79.1/-72.6, min/max -161.6/-38.3
Update 148/390, T 19072, FPS 0, 50-training-episode: mean/median -79.1/-72.6, min/max -161.6/-38.3
Update 149/390, T 19200, FPS 0, 50-training-episode: mean/median -79.4/-72.6, min/max -161.6/-38.3
Saved /home/ubuntu/pathintegrationBPU/outputs/odor_plume_mb_bpu/mb_bpu/plume_mb_bpu.pt
Update 150/390, T 19328, FPS 0, 50-training-episode: mean/median -79.2/-72.6, min/max -161.6/-38.3
eval_lite: {'r_mean': -59.95, 'r_std': 36.23, 'steps_mean': 82.4, 't': 50.25, 'T': 19328}
Update 151/390, T 19456, FPS 0, 50-training-episode: mean/median -79.3/-72.6, min/max -161.6/-38.3
Update 152/390, T 19584, FPS 0, 50-training-episode: mean/median -79.1/-72.6, min/max -161.6/-38.3
Update 153/390, T 19712, FPS 0, 50-training-episode: mean/median -77.4/-71.4, min/max -161.6/-38.3
Update 154/390, T 19840, FPS 0, 50-training-episode: mean/median -77.5/-71.4, min/max -161.6/-38.9
Update 155/390, T 19968, FPS 0, 50-training-episode: mean/median -77.5/-71.4, min/max -161.6/-38.9
Update 156/390, T 20096, FPS 0, 50-training-episode: mean/median -77.5/-71.4, min/max -161.6/-38.9
Update 157/390, T 20224, FPS 0, 50-training-episode: mean/median -76.9/-71.4, min/max -142.2/-38.9
Update 158/390, T 20352, FPS 0, 50-training-episode: mean/median -76.9/-71.4, min/max -142.2/-38.9
Update 159/390, T 20480, FPS 0, 50-training-episode: mean/median -76.2/-70.2, min/max -142.2/-38.9
Saved /home/ubuntu/pathintegrationBPU/outputs/odor_plume_mb_bpu/mb_bpu/plume_mb_bpu.pt
Update 160/390, T 20608, FPS 0, 50-training-episode: mean/median -76.2/-70.2, min/max -142.2/-38.9
eval_lite: {'r_mean': -41.38, 'r_std': 8.71, 'steps_mean': 100.0, 't': 61.03, 'T': 20608}
Update 161/390, T 20736, FPS 0, 50-training-episode: mean/median -76.2/-70.2, min/max -142.2/-38.9
Update 162/390, T 20864, FPS 0, 50-training-episode: mean/median -77.2/-71.3, min/max -142.2/-38.9
Update 163/390, T 20992, FPS 0, 50-training-episode: mean/median -77.2/-71.3, min/max -142.2/-38.9
Update 164/390, T 21120, FPS 0, 50-training-episode: mean/median -76.7/-70.2, min/max -142.2/-38.9
Update 165/390, T 21248, FPS 0, 50-training-episode: mean/median -76.7/-70.2, min/max -142.2/-38.9
Update 166/390, T 21376, FPS 0, 50-training-episode: mean/median -76.8/-70.2, min/max -142.2/-38.9
Update 167/390, T 21504, FPS 0, 50-training-episode: mean/median -75.8/-68.9, min/max -142.2/-38.9
Update 168/390, T 21632, FPS 0, 50-training-episode: mean/median -75.8/-68.9, min/max -142.2/-38.9
Update 169/390, T 21760, FPS 0, 50-training-episode: mean/median -77.9/-70.2, min/max -143.4/-40.3
Saved /home/ubuntu/pathintegrationBPU/outputs/odor_plume_mb_bpu/mb_bpu/plume_mb_bpu.pt
Update 170/390, T 21888, FPS 0, 50-training-episode: mean/median -77.2/-68.9, min/max -143.4/-40.3
eval_lite: {'r_mean': -42.75, 'r_std': 9.09, 'steps_mean': 80.4, 't': 49.03, 'T': 21888}
Update 171/390, T 22016, FPS 0, 50-training-episode: mean/median -77.2/-68.9, min/max -143.4/-40.3
Update 172/390, T 22144, FPS 0, 50-training-episode: mean/median -77.2/-68.9, min/max -143.4/-40.3
Update 173/390, T 22272, FPS 0, 50-training-episode: mean/median -77.3/-68.9, min/max -143.4/-40.3
Update 174/390, T 22400, FPS 0, 50-training-episode: mean/median -77.3/-68.9, min/max -143.4/-40.3
Update 175/390, T 22528, FPS 0, 50-training-episode: mean/median -76.5/-68.1, min/max -143.4/-40.3
Update 176/390, T 22656, FPS 0, 50-training-episode: mean/median -77.3/-68.1, min/max -143.4/-40.3
Update 177/390, T 22784, FPS 0, 50-training-episode: mean/median -75.4/-68.0, min/max -143.4/-40.3
Update 178/390, T 22912, FPS 0, 50-training-episode: mean/median -75.4/-68.0, min/max -143.4/-40.3
Update 179/390, T 23040, FPS 0, 50-training-episode: mean/median -76.1/-68.1, min/max -143.4/-40.3
Saved /home/ubuntu/pathintegrationBPU/outputs/odor_plume_mb_bpu/mb_bpu/plume_mb_bpu.pt
Update 180/390, T 23168, FPS 0, 50-training-episode: mean/median -76.1/-68.1, min/max -143.4/-40.3
eval_lite: {'r_mean': -65.19, 'r_std': 22.67, 'steps_mean': 151.8, 't': 91.98, 'T': 23168}
Update 181/390, T 23296, FPS 0, 50-training-episode: mean/median -76.6/-68.9, min/max -143.4/-40.3
Update 182/390, T 23424, FPS 0, 50-training-episode: mean/median -76.6/-68.9, min/max -143.4/-40.3
Update 183/390, T 23552, FPS 0, 50-training-episode: mean/median -76.4/-68.9, min/max -143.4/-40.3
Update 184/390, T 23680, FPS 0, 50-training-episode: mean/median -76.4/-68.9, min/max -143.4/-40.3
Update 185/390, T 23808, FPS 0, 50-training-episode: mean/median -76.4/-68.9, min/max -143.4/-40.3
Update 186/390, T 23936, FPS 0, 50-training-episode: mean/median -78.1/-69.0, min/max -150.4/-40.3
Update 187/390, T 24064, FPS 0, 50-training-episode: mean/median -78.3/-70.2, min/max -150.4/-40.3
Update 188/390, T 24192, FPS 0, 50-training-episode: mean/median -78.3/-70.2, min/max -150.4/-40.3
Update 189/390, T 24320, FPS 0, 50-training-episode: mean/median -78.0/-70.2, min/max -150.4/-40.3
Saved /home/ubuntu/pathintegrationBPU/outputs/odor_plume_mb_bpu/mb_bpu/plume_mb_bpu.pt
Update 190/390, T 24448, FPS 0, 50-training-episode: mean/median -78.7/-70.2, min/max -150.4/-40.3
eval_lite: {'r_mean': -58.54, 'r_std': 41.11, 'steps_mean': 102.6, 't': 62.46, 'T': 24448}
Update 191/390, T 24576, FPS 0, 50-training-episode: mean/median -78.6/-70.2, min/max -150.4/-40.3
Update 192/390, T 24704, FPS 0, 50-training-episode: mean/median -78.6/-70.2, min/max -150.4/-40.3
Update 193/390, T 24832, FPS 0, 50-training-episode: mean/median -78.7/-70.9, min/max -150.4/-40.3
Update 194/390, T 24960, FPS 0, 50-training-episode: mean/median -78.7/-70.9, min/max -150.4/-40.3
Update 195/390, T 25088, FPS 0, 50-training-episode: mean/median -79.8/-71.2, min/max -150.4/-40.3
Update 196/390, T 25216, FPS 0, 50-training-episode: mean/median -78.8/-70.9, min/max -150.4/-40.3
Update 197/390, T 25344, FPS 0, 50-training-episode: mean/median -79.8/-71.2, min/max -150.4/-40.3
Update 198/390, T 25472, FPS 0, 50-training-episode: mean/median -80.0/-71.2, min/max -150.4/-40.3
Update 199/390, T 25600, FPS 0, 50-training-episode: mean/median -79.8/-71.2, min/max -150.4/-40.3
Saved /home/ubuntu/pathintegrationBPU/outputs/odor_plume_mb_bpu/mb_bpu/plume_mb_bpu.pt
Update 200/390, T 25728, FPS 0, 50-training-episode: mean/median -79.8/-71.2, min/max -150.4/-40.3
eval_lite: {'r_mean': -94.7, 'r_std': 44.22, 'steps_mean': 128.2, 't': 78.0, 'T': 25728}
Update 201/390, T 25856, FPS 0, 50-training-episode: mean/median -80.7/-71.7, min/max -150.4/-40.3
Update 202/390, T 25984, FPS 0, 50-training-episode: mean/median -80.7/-71.7, min/max -150.4/-40.3
Update 203/390, T 26112, FPS 0, 50-training-episode: mean/median -79.7/-71.7, min/max -150.4/-40.3
Update 204/390, T 26240, FPS 0, 50-training-episode: mean/median -79.4/-71.2, min/max -150.4/-40.3
Update 205/390, T 26368, FPS 0, 50-training-episode: mean/median -79.4/-71.2, min/max -150.4/-40.3
Update 206/390, T 26496, FPS 0, 50-training-episode: mean/median -79.1/-71.2, min/max -150.4/-40.3
Update 207/390, T 26624, FPS 0, 50-training-episode: mean/median -80.4/-71.2, min/max -150.4/-40.3
Update 208/390, T 26752, FPS 0, 50-training-episode: mean/median -81.3/-71.7, min/max -150.4/-40.3
Update 209/390, T 26880, FPS 0, 50-training-episode: mean/median -79.9/-71.2, min/max -150.4/-40.3
Saved /home/ubuntu/pathintegrationBPU/outputs/odor_plume_mb_bpu/mb_bpu/plume_mb_bpu.pt
Update 210/390, T 27008, FPS 0, 50-training-episode: mean/median -79.9/-71.2, min/max -150.4/-40.3
eval_lite: {'r_mean': -92.9, 'r_std': 51.9, 'steps_mean': 123.2, 't': 74.75, 'T': 27008}
Update 211/390, T 27136, FPS 0, 50-training-episode: mean/median -80.6/-71.7, min/max -150.4/-40.3
Update 212/390, T 27264, FPS 0, 50-training-episode: mean/median -80.6/-71.7, min/max -150.4/-40.3
Update 213/390, T 27392, FPS 0, 50-training-episode: mean/median -82.0/-71.7, min/max -155.1/-40.3
Update 214/390, T 27520, FPS 0, 50-training-episode: mean/median -82.0/-71.7, min/max -155.1/-40.3
Update 215/390, T 27648, FPS 0, 50-training-episode: mean/median -82.5/-74.7, min/max -155.1/-40.3
Update 216/390, T 27776, FPS 0, 50-training-episode: mean/median -80.8/-71.7, min/max -155.1/-38.0
Update 217/390, T 27904, FPS 0, 50-training-episode: mean/median -79.6/-71.2, min/max -155.1/-36.8
Update 218/390, T 28032, FPS 0, 50-training-episode: mean/median -79.6/-71.2, min/max -155.1/-36.8
Update 219/390, T 28160, FPS 0, 50-training-episode: mean/median -80.3/-71.7, min/max -155.1/-36.8
Saved /home/ubuntu/pathintegrationBPU/outputs/odor_plume_mb_bpu/mb_bpu/plume_mb_bpu.pt
Update 220/390, T 28288, FPS 0, 50-training-episode: mean/median -80.5/-71.7, min/max -155.1/-36.8
eval_lite: {'r_mean': -74.67, 'r_std': 31.73, 'steps_mean': 106.8, 't': 64.98, 'T': 28288}
Update 221/390, T 28416, FPS 0, 50-training-episode: mean/median -80.5/-71.7, min/max -155.1/-36.8
Update 222/390, T 28544, FPS 0, 50-training-episode: mean/median -80.6/-71.9, min/max -155.1/-36.8
Update 223/390, T 28672, FPS 0, 50-training-episode: mean/median -80.9/-71.9, min/max -155.1/-36.8
Update 224/390, T 28800, FPS 0, 50-training-episode: mean/median -80.9/-71.9, min/max -155.1/-36.8
Update 225/390, T 28928, FPS 0, 50-training-episode: mean/median -81.4/-73.5, min/max -155.1/-36.8
Update 226/390, T 29056, FPS 0, 50-training-episode: mean/median -79.6/-71.9, min/max -155.1/-36.8
Update 227/390, T 29184, FPS 0, 50-training-episode: mean/median -79.6/-71.9, min/max -155.1/-36.8
Update 228/390, T 29312, FPS 0, 50-training-episode: mean/median -79.9/-71.9, min/max -155.1/-36.8
Update 229/390, T 29440, FPS 0, 50-training-episode: mean/median -80.0/-71.9, min/max -155.1/-36.8
Saved /home/ubuntu/pathintegrationBPU/outputs/odor_plume_mb_bpu/mb_bpu/plume_mb_bpu.pt
Update 230/390, T 29568, FPS 0, 50-training-episode: mean/median -80.0/-71.9, min/max -155.1/-36.8
eval_lite: {'r_mean': -71.53, 'r_std': 43.6, 'steps_mean': 123.4, 't': 75.08, 'T': 29568}
Update 231/390, T 29696, FPS 0, 50-training-episode: mean/median -80.4/-71.9, min/max -155.1/-36.8
Update 232/390, T 29824, FPS 0, 50-training-episode: mean/median -79.9/-71.6, min/max -155.1/-36.8
Update 233/390, T 29952, FPS 0, 50-training-episode: mean/median -79.9/-71.6, min/max -155.1/-36.8
Update 234/390, T 30080, FPS 0, 50-training-episode: mean/median -81.4/-73.3, min/max -155.1/-36.8
Update 235/390, T 30208, FPS 0, 50-training-episode: mean/median -81.4/-73.3, min/max -155.1/-36.8
Update 236/390, T 30336, FPS 0, 50-training-episode: mean/median -81.9/-73.3, min/max -155.1/-36.8
Update 237/390, T 30464, FPS 0, 50-training-episode: mean/median -81.9/-73.3, min/max -155.1/-36.8
Update 238/390, T 30592, FPS 0, 50-training-episode: mean/median -82.7/-76.2, min/max -155.1/-36.8
Update 239/390, T 30720, FPS 0, 50-training-episode: mean/median -82.7/-76.2, min/max -155.1/-36.8
Saved /home/ubuntu/pathintegrationBPU/outputs/odor_plume_mb_bpu/mb_bpu/plume_mb_bpu.pt
Update 240/390, T 30848, FPS 0, 50-training-episode: mean/median -82.7/-76.2, min/max -155.1/-36.8
eval_lite: {'r_mean': -44.87, 'r_std': 10.34, 'steps_mean': 88.0, 't': 53.61, 'T': 30848}
Update 241/390, T 30976, FPS 0, 50-training-episode: mean/median -82.5/-76.2, min/max -155.1/-36.8
Update 242/390, T 31104, FPS 0, 50-training-episode: mean/median -82.5/-76.2, min/max -155.1/-36.8
Update 243/390, T 31232, FPS 0, 50-training-episode: mean/median -82.5/-76.2, min/max -155.1/-36.8
Update 244/390, T 31360, FPS 0, 50-training-episode: mean/median -83.5/-80.1, min/max -155.1/-36.8
Update 245/390, T 31488, FPS 0, 50-training-episode: mean/median -82.9/-76.2, min/max -155.1/-36.8
Update 246/390, T 31616, FPS 0, 50-training-episode: mean/median -84.6/-80.1, min/max -155.1/-36.8
Update 247/390, T 31744, FPS 0, 50-training-episode: mean/median -84.1/-80.1, min/max -155.1/-36.8
Update 248/390, T 31872, FPS 0, 50-training-episode: mean/median -83.0/-76.2, min/max -155.1/-36.8
Update 249/390, T 32000, FPS 0, 50-training-episode: mean/median -85.0/-80.1, min/max -155.1/-36.8
Saved /home/ubuntu/pathintegrationBPU/outputs/odor_plume_mb_bpu/mb_bpu/plume_mb_bpu.pt
Update 250/390, T 32128, FPS 0, 50-training-episode: mean/median -85.0/-79.5, min/max -155.1/-36.8
eval_lite: {'r_mean': -56.66, 'r_std': 26.13, 'steps_mean': 79.2, 't': 48.19, 'T': 32128}
Update 251/390, T 32256, FPS 0, 50-training-episode: mean/median -84.3/-76.2, min/max -155.1/-36.8
Update 252/390, T 32384, FPS 0, 50-training-episode: mean/median -85.3/-76.2, min/max -155.1/-36.8
Update 253/390, T 32512, FPS 0, 50-training-episode: mean/median -83.9/-76.2, min/max -155.1/-36.8
Update 254/390, T 32640, FPS 0, 50-training-episode: mean/median -84.2/-79.5, min/max -155.1/-36.8
Update 255/390, T 32768, FPS 0, 50-training-episode: mean/median -83.7/-79.5, min/max -155.1/-36.8
Update 256/390, T 32896, FPS 0, 50-training-episode: mean/median -83.8/-79.5, min/max -155.1/-36.8
Update 257/390, T 33024, FPS 0, 50-training-episode: mean/median -83.8/-79.5, min/max -155.1/-36.8
Update 258/390, T 33152, FPS 0, 50-training-episode: mean/median -82.0/-73.3, min/max -155.1/-36.8
Update 259/390, T 33280, FPS 0, 50-training-episode: mean/median -81.5/-73.3, min/max -155.1/-36.8
Saved /home/ubuntu/pathintegrationBPU/outputs/odor_plume_mb_bpu/mb_bpu/plume_mb_bpu.pt
Update 260/390, T 33408, FPS 0, 50-training-episode: mean/median -81.5/-73.3, min/max -155.1/-36.8
eval_lite: {'r_mean': -41.5, 'r_std': 9.61, 'steps_mean': 76.6, 't': 46.78, 'T': 33408}
Update 261/390, T 33536, FPS 0, 50-training-episode: mean/median -81.5/-73.3, min/max -155.1/-36.8
Update 262/390, T 33664, FPS 0, 50-training-episode: mean/median -81.4/-73.3, min/max -155.1/-36.8
Update 263/390, T 33792, FPS 0, 50-training-episode: mean/median -81.4/-73.3, min/max -155.1/-36.8
Update 264/390, T 33920, FPS 0, 50-training-episode: mean/median -81.6/-73.3, min/max -155.1/-36.8
Update 265/390, T 34048, FPS 0, 50-training-episode: mean/median -81.6/-73.3, min/max -155.1/-36.8
Update 266/390, T 34176, FPS 0, 50-training-episode: mean/median -81.6/-73.3, min/max -155.1/-36.8
Update 267/390, T 34304, FPS 0, 50-training-episode: mean/median -81.6/-72.5, min/max -155.1/-36.8
Update 268/390, T 34432, FPS 0, 50-training-episode: mean/median -81.6/-72.5, min/max -155.1/-36.8
Update 269/390, T 34560, FPS 0, 50-training-episode: mean/median -81.6/-72.5, min/max -155.1/-36.8
Saved /home/ubuntu/pathintegrationBPU/outputs/odor_plume_mb_bpu/mb_bpu/plume_mb_bpu.pt
Update 270/390, T 34688, FPS 0, 50-training-episode: mean/median -81.4/-72.5, min/max -155.1/-36.8
eval_lite: {'r_mean': -45.17, 'r_std': 18.53, 'steps_mean': 103.2, 't': 62.95, 'T': 34688}
Update 271/390, T 34816, FPS 0, 50-training-episode: mean/median -81.4/-72.5, min/max -155.1/-36.8
Update 272/390, T 34944, FPS 0, 50-training-episode: mean/median -82.2/-72.5, min/max -155.1/-36.8
Update 273/390, T 35072, FPS 0, 50-training-episode: mean/median -84.0/-74.1, min/max -155.1/-36.8
Update 274/390, T 35200, FPS 0, 50-training-episode: mean/median -84.0/-74.1, min/max -155.1/-36.8
Update 275/390, T 35328, FPS 0, 50-training-episode: mean/median -84.6/-78.4, min/max -155.1/-36.8
Update 276/390, T 35456, FPS 0, 50-training-episode: mean/median -82.7/-74.1, min/max -155.1/-36.8
Update 277/390, T 35584, FPS 0, 50-training-episode: mean/median -81.5/-72.5, min/max -155.1/-36.8
Update 278/390, T 35712, FPS 0, 50-training-episode: mean/median -81.5/-72.5, min/max -155.1/-36.8
Update 279/390, T 35840, FPS 0, 50-training-episode: mean/median -82.6/-74.1, min/max -155.1/-36.8
Saved /home/ubuntu/pathintegrationBPU/outputs/odor_plume_mb_bpu/mb_bpu/plume_mb_bpu.pt
Update 280/390, T 35968, FPS 0, 50-training-episode: mean/median -82.0/-73.9, min/max -155.1/-36.8
eval_lite: {'r_mean': -81.72, 'r_std': 48.7, 'steps_mean': 108.4, 't': 65.94, 'T': 35968}
Update 281/390, T 36096, FPS 0, 50-training-episode: mean/median -79.8/-72.5, min/max -153.2/-36.8
Update 282/390, T 36224, FPS 0, 50-training-episode: mean/median -79.2/-70.9, min/max -153.2/-36.8
Update 283/390, T 36352, FPS 0, 50-training-episode: mean/median -79.2/-70.9, min/max -153.2/-36.8
Update 284/390, T 36480, FPS 0, 50-training-episode: mean/median -79.2/-70.9, min/max -153.2/-36.8
Update 285/390, T 36608, FPS 0, 50-training-episode: mean/median -80.6/-72.5, min/max -153.2/-36.8
Update 286/390, T 36736, FPS 0, 50-training-episode: mean/median -80.6/-72.5, min/max -153.2/-36.8
Update 287/390, T 36864, FPS 0, 50-training-episode: mean/median -81.0/-72.5, min/max -153.2/-37.9
Update 288/390, T 36992, FPS 0, 50-training-episode: mean/median -80.4/-72.5, min/max -153.2/-37.9
Update 289/390, T 37120, FPS 0, 50-training-episode: mean/median -79.3/-69.0, min/max -153.2/-35.3
Saved /home/ubuntu/pathintegrationBPU/outputs/odor_plume_mb_bpu/mb_bpu/plume_mb_bpu.pt
Update 290/390, T 37248, FPS 0, 50-training-episode: mean/median -79.3/-69.0, min/max -153.2/-35.3
eval_lite: {'r_mean': -86.57, 'r_std': 58.08, 'steps_mean': 112.8, 't': 68.81, 'T': 37248}
Update 291/390, T 37376, FPS 0, 50-training-episode: mean/median -79.5/-69.0, min/max -153.2/-35.3
Update 292/390, T 37504, FPS 0, 50-training-episode: mean/median -80.3/-73.9, min/max -153.2/-35.3
Update 293/390, T 37632, FPS 0, 50-training-episode: mean/median -80.3/-73.9, min/max -153.2/-35.3
Update 294/390, T 37760, FPS 0, 50-training-episode: mean/median -80.9/-73.9, min/max -153.2/-35.3
Update 295/390, T 37888, FPS 0, 50-training-episode: mean/median -80.9/-73.9, min/max -153.2/-35.3
Update 296/390, T 38016, FPS 0, 50-training-episode: mean/median -81.0/-73.9, min/max -153.2/-35.3
Update 297/390, T 38144, FPS 0, 50-training-episode: mean/median -81.0/-73.9, min/max -153.2/-35.3
Update 298/390, T 38272, FPS 0, 50-training-episode: mean/median -81.0/-73.9, min/max -153.2/-35.3
Update 299/390, T 38400, FPS 0, 50-training-episode: mean/median -79.7/-73.9, min/max -153.2/-35.3
Saved /home/ubuntu/pathintegrationBPU/outputs/odor_plume_mb_bpu/mb_bpu/plume_mb_bpu.pt
Update 300/390, T 38528, FPS 0, 50-training-episode: mean/median -78.2/-69.0, min/max -153.2/-35.3
eval_lite: {'r_mean': -35.72, 'r_std': 69.65, 'steps_mean': 108.4, 't': 65.9, 'T': 38528}
Update 301/390, T 38656, FPS 0, 50-training-episode: mean/median -79.3/-69.0, min/max -153.2/-35.3
Update 302/390, T 38784, FPS 0, 50-training-episode: mean/median -79.3/-69.0, min/max -153.2/-35.3
Update 303/390, T 38912, FPS 0, 50-training-episode: mean/median -79.3/-69.0, min/max -153.2/-35.3
Update 304/390, T 39040, FPS 0, 50-training-episode: mean/median -78.3/-69.0, min/max -153.2/-35.3
Update 305/390, T 39168, FPS 0, 50-training-episode: mean/median -78.3/-69.0, min/max -153.2/-35.3
Update 306/390, T 39296, FPS 0, 50-training-episode: mean/median -77.8/-66.4, min/max -153.2/-35.3
Update 307/390, T 39424, FPS 0, 50-training-episode: mean/median -77.8/-66.4, min/max -153.2/-35.3
Update 308/390, T 39552, FPS 0, 50-training-episode: mean/median -78.1/-70.8, min/max -153.2/-35.3
Update 309/390, T 39680, FPS 0, 50-training-episode: mean/median -78.1/-70.8, min/max -153.2/-35.3
Saved /home/ubuntu/pathintegrationBPU/outputs/odor_plume_mb_bpu/mb_bpu/plume_mb_bpu.pt
Update 310/390, T 39808, FPS 0, 50-training-episode: mean/median -78.6/-70.8, min/max -157.0/-35.3
eval_lite: {'r_mean': -27.65, 'r_std': 65.28, 'steps_mean': 131.6, 't': 79.94, 'T': 39808}
Update 311/390, T 39936, FPS 0, 50-training-episode: mean/median -80.1/-73.9, min/max -157.0/-35.3
Update 312/390, T 40064, FPS 0, 50-training-episode: mean/median -80.0/-73.9, min/max -157.0/-35.3
Update 313/390, T 40192, FPS 0, 50-training-episode: mean/median -77.3/-66.1, min/max -157.0/-35.3
Update 314/390, T 40320, FPS 0, 50-training-episode: mean/median -77.0/-66.1, min/max -157.0/-35.2
Update 315/390, T 40448, FPS 0, 50-training-episode: mean/median -77.0/-66.1, min/max -157.0/-35.2
Update 316/390, T 40576, FPS 0, 50-training-episode: mean/median -76.0/-66.1, min/max -157.0/-35.2
Update 317/390, T 40704, FPS 0, 50-training-episode: mean/median -76.0/-66.1, min/max -157.0/-35.2
Update 318/390, T 40832, FPS 0, 50-training-episode: mean/median -75.9/-66.1, min/max -157.0/-35.2
Update 319/390, T 40960, FPS 0, 50-training-episode: mean/median -75.9/-66.1, min/max -157.0/-35.2
Saved /home/ubuntu/pathintegrationBPU/outputs/odor_plume_mb_bpu/mb_bpu/plume_mb_bpu.pt
Update 320/390, T 41088, FPS 0, 50-training-episode: mean/median -75.9/-66.1, min/max -157.0/-35.2
eval_lite: {'r_mean': -59.87, 'r_std': 26.07, 'steps_mean': 80.8, 't': 49.45, 'T': 41088}
Update 321/390, T 41216, FPS 0, 50-training-episode: mean/median -76.0/-66.1, min/max -157.0/-35.2
Update 322/390, T 41344, FPS 0, 50-training-episode: mean/median -75.9/-66.1, min/max -157.0/-35.2
Update 323/390, T 41472, FPS 0, 50-training-episode: mean/median -75.8/-66.1, min/max -157.0/-35.2
Update 324/390, T 41600, FPS 0, 50-training-episode: mean/median -75.8/-66.1, min/max -157.0/-35.2
Update 325/390, T 41728, FPS 0, 50-training-episode: mean/median -76.2/-70.8, min/max -157.0/-35.2
Update 326/390, T 41856, FPS 0, 50-training-episode: mean/median -75.3/-70.8, min/max -157.0/-35.2
Update 327/390, T 41984, FPS 0, 50-training-episode: mean/median -74.1/-66.1, min/max -157.0/-35.2
Update 328/390, T 42112, FPS 0, 50-training-episode: mean/median -73.3/-63.2, min/max -157.0/-35.2
Update 329/390, T 42240, FPS 0, 50-training-episode: mean/median -72.4/-59.5, min/max -157.0/-35.2
Saved /home/ubuntu/pathintegrationBPU/outputs/odor_plume_mb_bpu/mb_bpu/plume_mb_bpu.pt
Update 330/390, T 42368, FPS 0, 50-training-episode: mean/median -70.7/-55.9, min/max -157.0/-35.2
eval_lite: {'r_mean': -45.56, 'r_std': 8.87, 'steps_mean': 66.8, 't': 40.86, 'T': 42368}
Update 331/390, T 42496, FPS 0, 50-training-episode: mean/median -70.7/-55.9, min/max -157.0/-35.2
Update 332/390, T 42624, FPS 0, 50-training-episode: mean/median -69.5/-55.9, min/max -157.0/-35.2
Update 333/390, T 42752, FPS 0, 50-training-episode: mean/median -69.1/-55.9, min/max -157.0/-35.2
Update 334/390, T 42880, FPS 0, 50-training-episode: mean/median -69.2/-55.9, min/max -157.0/-35.2
Update 335/390, T 43008, FPS 0, 50-training-episode: mean/median -68.5/-55.9, min/max -157.0/-35.2
Update 336/390, T 43136, FPS 0, 50-training-episode: mean/median -68.5/-55.9, min/max -157.0/-35.2
Update 337/390, T 43264, FPS 0, 50-training-episode: mean/median -68.5/-55.9, min/max -157.0/-35.2
Update 338/390, T 43392, FPS 0, 50-training-episode: mean/median -68.5/-55.9, min/max -157.0/-35.2
Update 339/390, T 43520, FPS 0, 50-training-episode: mean/median -69.7/-55.9, min/max -157.0/-35.2
Saved /home/ubuntu/pathintegrationBPU/outputs/odor_plume_mb_bpu/mb_bpu/plume_mb_bpu.pt
Update 340/390, T 43648, FPS 0, 50-training-episode: mean/median -69.7/-55.9, min/max -157.0/-35.2
eval_lite: {'r_mean': -60.9, 'r_std': 35.26, 'steps_mean': 110.0, 't': 67.07, 'T': 43648}
Update 341/390, T 43776, FPS 0, 50-training-episode: mean/median -69.7/-55.9, min/max -157.0/-35.2
Update 342/390, T 43904, FPS 0, 50-training-episode: mean/median -70.0/-59.5, min/max -157.0/-35.2
Update 343/390, T 44032, FPS 0, 50-training-episode: mean/median -70.1/-59.5, min/max -157.0/-35.2
Update 344/390, T 44160, FPS 0, 50-training-episode: mean/median -68.8/-55.5, min/max -157.0/-35.2
Update 345/390, T 44288, FPS 0, 50-training-episode: mean/median -68.8/-55.5, min/max -157.0/-35.2
Update 346/390, T 44416, FPS 0, 50-training-episode: mean/median -69.4/-59.5, min/max -157.0/-34.1
Update 347/390, T 44544, FPS 0, 50-training-episode: mean/median -69.5/-59.5, min/max -157.0/-34.1
Update 348/390, T 44672, FPS 0, 50-training-episode: mean/median -70.4/-63.4, min/max -157.0/-34.1
Update 349/390, T 44800, FPS 0, 50-training-episode: mean/median -70.6/-63.4, min/max -157.0/-34.1
Saved /home/ubuntu/pathintegrationBPU/outputs/odor_plume_mb_bpu/mb_bpu/plume_mb_bpu.pt
Update 350/390, T 44928, FPS 0, 50-training-episode: mean/median -70.3/-63.4, min/max -157.0/-34.1
eval_lite: {'r_mean': -71.29, 'r_std': 46.42, 'steps_mean': 104.6, 't': 63.7, 'T': 44928}
Update 351/390, T 45056, FPS 0, 50-training-episode: mean/median -70.3/-63.4, min/max -157.0/-34.1
Update 352/390, T 45184, FPS 0, 50-training-episode: mean/median -70.4/-63.4, min/max -157.0/-34.1
Update 353/390, T 45312, FPS 0, 50-training-episode: mean/median -69.1/-59.5, min/max -157.0/-34.1
Update 354/390, T 45440, FPS 0, 50-training-episode: mean/median -67.3/-56.7, min/max -157.0/-34.1
Update 355/390, T 45568, FPS 0, 50-training-episode: mean/median -67.3/-56.7, min/max -157.0/-34.1
Update 356/390, T 45696, FPS 0, 50-training-episode: mean/median -67.2/-56.7, min/max -157.0/-34.1
Update 357/390, T 45824, FPS 0, 50-training-episode: mean/median -67.2/-56.7, min/max -157.0/-34.1
Update 358/390, T 45952, FPS 0, 50-training-episode: mean/median -67.2/-56.7, min/max -157.0/-34.1
Update 359/390, T 46080, FPS 0, 50-training-episode: mean/median -68.4/-59.5, min/max -157.0/-34.1
Saved /home/ubuntu/pathintegrationBPU/outputs/odor_plume_mb_bpu/mb_bpu/plume_mb_bpu.pt
Update 360/390, T 46208, FPS 0, 50-training-episode: mean/median -68.4/-59.5, min/max -157.0/-34.1
eval_lite: {'r_mean': -42.64, 'r_std': 9.16, 'steps_mean': 66.6, 't': 40.78, 'T': 46208}
Update 361/390, T 46336, FPS 0, 50-training-episode: mean/median -68.3/-63.4, min/max -157.0/-34.1
Update 362/390, T 46464, FPS 0, 50-training-episode: mean/median -67.5/-59.5, min/max -157.0/-34.1
Update 363/390, T 46592, FPS 0, 50-training-episode: mean/median -67.4/-59.5, min/max -157.0/-34.1
Update 364/390, T 46720, FPS 0, 50-training-episode: mean/median -66.2/-55.5, min/max -157.0/-34.1
Update 365/390, T 46848, FPS 0, 50-training-episode: mean/median -64.7/-55.5, min/max -129.1/-34.1
Update 366/390, T 46976, FPS 0, 50-training-episode: mean/median -63.8/-55.5, min/max -129.1/-34.1
Update 367/390, T 47104, FPS 0, 50-training-episode: mean/median -64.1/-55.5, min/max -129.1/-34.1
Update 368/390, T 47232, FPS 0, 50-training-episode: mean/median -64.1/-55.5, min/max -129.1/-34.1
Update 369/390, T 47360, FPS 0, 50-training-episode: mean/median -64.9/-56.7, min/max -129.1/-34.1
Saved /home/ubuntu/pathintegrationBPU/outputs/odor_plume_mb_bpu/mb_bpu/plume_mb_bpu.pt
Update 370/390, T 47488, FPS 0, 50-training-episode: mean/median -65.0/-56.7, min/max -129.1/-34.1
eval_lite: {'r_mean': -92.61, 'r_std': 43.19, 'steps_mean': 116.0, 't': 70.64, 'T': 47488}
Update 371/390, T 47616, FPS 0, 50-training-episode: mean/median -65.0/-56.7, min/max -129.1/-34.1
Update 372/390, T 47744, FPS 0, 50-training-episode: mean/median -66.5/-60.6, min/max -129.1/-34.1
Update 373/390, T 47872, FPS 0, 50-training-episode: mean/median -66.5/-60.6, min/max -129.1/-34.1
Update 374/390, T 48000, FPS 0, 50-training-episode: mean/median -65.2/-56.7, min/max -129.1/-34.1
Update 375/390, T 48128, FPS 0, 50-training-episode: mean/median -62.6/-56.7, min/max -129.1/82.0
Update 376/390, T 48256, FPS 0, 50-training-episode: mean/median -63.1/-57.0, min/max -129.1/82.0
Update 377/390, T 48384, FPS 0, 50-training-episode: mean/median -64.8/-60.9, min/max -139.2/82.0
Update 378/390, T 48512, FPS 0, 50-training-episode: mean/median -64.0/-57.0, min/max -139.2/82.0
Update 379/390, T 48640, FPS 0, 50-training-episode: mean/median -63.1/-55.5, min/max -139.2/82.0
Saved /home/ubuntu/pathintegrationBPU/outputs/odor_plume_mb_bpu/mb_bpu/plume_mb_bpu.pt
Update 380/390, T 48768, FPS 0, 50-training-episode: mean/median -63.1/-55.5, min/max -139.2/82.0
eval_lite: {'r_mean': -78.03, 'r_std': 33.8, 'steps_mean': 113.0, 't': 69.13, 'T': 48768}
Update 381/390, T 48896, FPS 0, 50-training-episode: mean/median -65.0/-57.0, min/max -148.9/82.0
Update 382/390, T 49024, FPS 0, 50-training-episode: mean/median -65.4/-60.9, min/max -148.9/82.0
Update 383/390, T 49152, FPS 0, 50-training-episode: mean/median -66.2/-64.6, min/max -148.9/82.0
Update 384/390, T 49280, FPS 0, 50-training-episode: mean/median -65.9/-64.6, min/max -148.9/82.0
Update 385/390, T 49408, FPS 0, 50-training-episode: mean/median -66.4/-65.1, min/max -148.9/82.0
Update 386/390, T 49536, FPS 0, 50-training-episode: mean/median -67.1/-66.4, min/max -148.9/82.0
Update 387/390, T 49664, FPS 0, 50-training-episode: mean/median -67.1/-66.4, min/max -148.9/82.0
Update 388/390, T 49792, FPS 0, 50-training-episode: mean/median -67.1/-66.4, min/max -148.9/82.0
Saved /home/ubuntu/pathintegrationBPU/outputs/odor_plume_mb_bpu/mb_bpu/plume_mb_bpu.pt
Update 389/390, T 49920, FPS 0, 50-training-episode: mean/median -67.1/-66.4, min/max -148.9/82.0
Saved /home/ubuntu/pathintegrationBPU/outputs/odor_plume_mb_bpu/mb_bpu/plume_mb_bpu.pt
Batch/CLI mode
usage: main.py [-h] [--base_dir BASE_DIR]
main.py: error: unrecognized arguments: --env-name plume --dataset constantx5b5 --seed 137 --eval_type skip --eval-interval 10 --eval_episodes 5 --rnn_type VRNN --r_shaping step oob stray --diff_max 0.9 --diff_min 0.4 --diffusion_max 1.0 --diffusion_min 0.33 --odor_scaling True --flipping True --qvar 0.0 --birthx 0.2 --weight_decay 0.01 --obs_noise 0.025 --act_noise 0.025 --algo ppo --recurrent-policy --squash_action True --test_episodes 20 --viz_episodes 0 --log-interval 1 --save-interval 10 --num-processes 1 --num-mini-batch 1 --use-gae --num-steps 128 --lr 3e-4 --entropy-coef 0.005 --value-loss-coef 0.5 --ppo-epoch 4 --gamma 0.997 --gae-lambda 0.95 --no-cuda --num-env-steps 50000 --policy_type bpu --bpu-matrix /home/ubuntu/pathintegrationBPU/outputs/hemibrain_mushroom_body_plume/adjacency_unsigned.npz --bpu-pools /home/ubuntu/pathintegrationBPU/outputs/hemibrain_mushroom_body_plume/pool_assignments.csv --bpu-metadata /home/ubuntu/pathintegrationBPU/outputs/hemibrain_mushroom_body_plume/graph_metadata.json --bpu-k 3 --hidden_size 64 --save-dir /home/ubuntu/pathintegrationBPU/outputs/odor_plume_mb_bpu/mb_bpu --outsuffix mb_bpu
Exception ignored in atexit callback: <function dump_compile_times at 0x7dabbe32b2e0>
Traceback (most recent call last):
  File "/home/ubuntu/pathintegrationBPU/.venv/lib/python3.12/site-packages/torch/_dynamo/utils.py", line 860, in dump_compile_times
    log.info(compile_times(repr="str", aggregate=True))
             ^^^^^^^^^^^^^^^^^^^^^^^^^^^^^^^^^^^^^^^^^
  File "/home/ubuntu/pathintegrationBPU/.venv/lib/python3.12/site-packages/torch/_dynamo/utils.py", line 846, in compile_times
    out += tabulate(rows, headers=("Function", "Runtimes (s)"))
           ^^^^^^^^^^^^^^^^^^^^^^^^^^^^^^^^^^^^^^^^^^^^^^^^^^^^
  File "/home/ubuntu/pathintegrationBPU/.venv/lib/python3.12/site-packages/torch/_dynamo/utils.py", line 242, in tabulate
    import tabulate
  File "/home/ubuntu/pathintegrationBPU/plumetracknets/code/ppo/../tabulate.py", line 43, in <module>
    args = parser.parse_args()
           ^^^^^^^^^^^^^^^^^^^
  File "/usr/lib/python3.12/argparse.py", line 1911, in parse_args
    self.error(msg % ' '.join(argv))
  File "/usr/lib/python3.12/argparse.py", line 2677, in error
    self.exit(2, _('%(prog)s: error: %(message)s\n') % args)
  File "/usr/lib/python3.12/argparse.py", line 2664, in exit
    _sys.exit(status)
SystemExit: 2
