run-start task=odor_valence_associative_reversal output_dir=/home/ec2-user/pathintegrationBPU/outputs/mb_assoc_dense_only_lr1e4_3seed_100ep matrix=/home/ec2-user/pathintegrationBPU/outputs/hemibrain_mushroom_body_plume/adjacency_unsigned.npz device=cuda
data-ready N=11690 edges=1277773 input_dim=67 timesteps=21 models=hemibrain_dense,random_dense
model-start model=hemibrain_dense seed=0 runtime=dense N=11690 recurrent_params=136656100 trainable_params=137462711 init_nonzero_edges=1277773 timesteps=21
loss model=hemibrain_dense seed=0 epoch=1/100 train_loss=0.629167 val_loss=0.603802 val_acc=0.6583 val_reversal_acc=0.6620 best_val_loss=0.603802 patience_wait=0
loss model=hemibrain_dense seed=0 epoch=2/100 train_loss=0.606126 val_loss=0.599901 val_acc=0.6600 val_reversal_acc=0.6639 best_val_loss=0.599901 patience_wait=0
loss model=hemibrain_dense seed=0 epoch=3/100 train_loss=0.604123 val_loss=0.600034 val_acc=0.6607 val_reversal_acc=0.6650 best_val_loss=0.599901 patience_wait=1
loss model=hemibrain_dense seed=0 epoch=4/100 train_loss=0.602055 val_loss=0.599509 val_acc=0.6604 val_reversal_acc=0.6629 best_val_loss=0.599509 patience_wait=0
loss model=hemibrain_dense seed=0 epoch=5/100 train_loss=0.60447 val_loss=0.598715 val_acc=0.6645 val_reversal_acc=0.6686 best_val_loss=0.598715 patience_wait=0
loss model=hemibrain_dense seed=0 epoch=6/100 train_loss=0.601887 val_loss=0.600017 val_acc=0.6646 val_reversal_acc=0.6668 best_val_loss=0.598715 patience_wait=1
loss model=hemibrain_dense seed=0 epoch=7/100 train_loss=0.602082 val_loss=0.599073 val_acc=0.6613 val_reversal_acc=0.6668 best_val_loss=0.598715 patience_wait=2
loss model=hemibrain_dense seed=0 epoch=8/100 train_loss=0.602057 val_loss=0.600119 val_acc=0.6626 val_reversal_acc=0.6665 best_val_loss=0.598715 patience_wait=3
loss model=hemibrain_dense seed=0 epoch=9/100 train_loss=0.600696 val_loss=0.599171 val_acc=0.6672 val_reversal_acc=0.6684 best_val_loss=0.598715 patience_wait=4
loss model=hemibrain_dense seed=0 epoch=10/100 train_loss=0.601546 val_loss=0.596315 val_acc=0.6706 val_reversal_acc=0.6743 best_val_loss=0.596315 patience_wait=0
loss model=hemibrain_dense seed=0 epoch=11/100 train_loss=0.597349 val_loss=0.582205 val_acc=0.6908 val_reversal_acc=0.6878 best_val_loss=0.582205 patience_wait=0
loss model=hemibrain_dense seed=0 epoch=12/100 train_loss=0.567352 val_loss=0.546629 val_acc=0.7177 val_reversal_acc=0.7076 best_val_loss=0.546629 patience_wait=0
loss model=hemibrain_dense seed=0 epoch=13/100 train_loss=0.523072 val_loss=0.4968 val_acc=0.7582 val_reversal_acc=0.7464 best_val_loss=0.4968 patience_wait=0
loss model=hemibrain_dense seed=0 epoch=14/100 train_loss=0.472884 val_loss=0.448006 val_acc=0.7888 val_reversal_acc=0.7750 best_val_loss=0.448006 patience_wait=0
loss model=hemibrain_dense seed=0 epoch=15/100 train_loss=0.430545 val_loss=0.415261 val_acc=0.8076 val_reversal_acc=0.7945 best_val_loss=0.415261 patience_wait=0
loss model=hemibrain_dense seed=0 epoch=16/100 train_loss=0.405552 val_loss=0.391127 val_acc=0.8285 val_reversal_acc=0.8130 best_val_loss=0.391127 patience_wait=0
loss model=hemibrain_dense seed=0 epoch=17/100 train_loss=0.382565 val_loss=0.365356 val_acc=0.8365 val_reversal_acc=0.8225 best_val_loss=0.365356 patience_wait=0
loss model=hemibrain_dense seed=0 epoch=18/100 train_loss=0.36276 val_loss=0.345865 val_acc=0.8529 val_reversal_acc=0.8314 best_val_loss=0.345865 patience_wait=0
loss model=hemibrain_dense seed=0 epoch=19/100 train_loss=0.344298 val_loss=0.331262 val_acc=0.8578 val_reversal_acc=0.8387 best_val_loss=0.331262 patience_wait=0
loss model=hemibrain_dense seed=0 epoch=20/100 train_loss=0.323972 val_loss=0.312571 val_acc=0.8688 val_reversal_acc=0.8508 best_val_loss=0.312571 patience_wait=0
loss model=hemibrain_dense seed=0 epoch=21/100 train_loss=0.314662 val_loss=0.305756 val_acc=0.8704 val_reversal_acc=0.8464 best_val_loss=0.305756 patience_wait=0
loss model=hemibrain_dense seed=0 epoch=22/100 train_loss=0.297974 val_loss=0.295031 val_acc=0.8751 val_reversal_acc=0.8560 best_val_loss=0.295031 patience_wait=0
loss model=hemibrain_dense seed=0 epoch=23/100 train_loss=0.284203 val_loss=0.281551 val_acc=0.8819 val_reversal_acc=0.8613 best_val_loss=0.281551 patience_wait=0
loss model=hemibrain_dense seed=0 epoch=24/100 train_loss=0.270301 val_loss=0.264639 val_acc=0.8885 val_reversal_acc=0.8668 best_val_loss=0.264639 patience_wait=0
loss model=hemibrain_dense seed=0 epoch=25/100 train_loss=0.265616 val_loss=0.252418 val_acc=0.8992 val_reversal_acc=0.8759 best_val_loss=0.252418 patience_wait=0
loss model=hemibrain_dense seed=0 epoch=26/100 train_loss=0.249923 val_loss=0.242574 val_acc=0.9033 val_reversal_acc=0.8803 best_val_loss=0.242574 patience_wait=0
loss model=hemibrain_dense seed=0 epoch=27/100 train_loss=0.238814 val_loss=0.225142 val_acc=0.9122 val_reversal_acc=0.8891 best_val_loss=0.225142 patience_wait=0
loss model=hemibrain_dense seed=0 epoch=28/100 train_loss=0.223317 val_loss=0.211223 val_acc=0.9186 val_reversal_acc=0.8983 best_val_loss=0.211223 patience_wait=0
loss model=hemibrain_dense seed=0 epoch=29/100 train_loss=0.217852 val_loss=0.207673 val_acc=0.9199 val_reversal_acc=0.8979 best_val_loss=0.207673 patience_wait=0
loss model=hemibrain_dense seed=0 epoch=30/100 train_loss=0.208707 val_loss=0.207255 val_acc=0.9188 val_reversal_acc=0.8941 best_val_loss=0.207255 patience_wait=0
loss model=hemibrain_dense seed=0 epoch=31/100 train_loss=0.203294 val_loss=0.194482 val_acc=0.9256 val_reversal_acc=0.9065 best_val_loss=0.194482 patience_wait=0
loss model=hemibrain_dense seed=0 epoch=32/100 train_loss=0.195958 val_loss=0.19473 val_acc=0.9240 val_reversal_acc=0.9029 best_val_loss=0.194482 patience_wait=1
loss model=hemibrain_dense seed=0 epoch=33/100 train_loss=0.193809 val_loss=0.174424 val_acc=0.9331 val_reversal_acc=0.9135 best_val_loss=0.174424 patience_wait=0
loss model=hemibrain_dense seed=0 epoch=34/100 train_loss=0.186332 val_loss=0.181454 val_acc=0.9319 val_reversal_acc=0.9111 best_val_loss=0.174424 patience_wait=1
loss model=hemibrain_dense seed=0 epoch=35/100 train_loss=0.186322 val_loss=0.185265 val_acc=0.9301 val_reversal_acc=0.9089 best_val_loss=0.174424 patience_wait=2
loss model=hemibrain_dense seed=0 epoch=36/100 train_loss=0.181479 val_loss=0.172436 val_acc=0.9332 val_reversal_acc=0.9147 best_val_loss=0.172436 patience_wait=0
loss model=hemibrain_dense seed=0 epoch=37/100 train_loss=0.173688 val_loss=0.170677 val_acc=0.9369 val_reversal_acc=0.9151 best_val_loss=0.170677 patience_wait=0
loss model=hemibrain_dense seed=0 epoch=38/100 train_loss=0.173021 val_loss=0.171016 val_acc=0.9348 val_reversal_acc=0.9156 best_val_loss=0.170677 patience_wait=1
loss model=hemibrain_dense seed=0 epoch=39/100 train_loss=0.168061 val_loss=0.163806 val_acc=0.9381 val_reversal_acc=0.9184 best_val_loss=0.163806 patience_wait=0
loss model=hemibrain_dense seed=0 epoch=40/100 train_loss=0.166525 val_loss=0.15652 val_acc=0.9387 val_reversal_acc=0.9171 best_val_loss=0.15652 patience_wait=0
loss model=hemibrain_dense seed=0 epoch=41/100 train_loss=0.161787 val_loss=0.151708 val_acc=0.9426 val_reversal_acc=0.9243 best_val_loss=0.151708 patience_wait=0
loss model=hemibrain_dense seed=0 epoch=42/100 train_loss=0.153559 val_loss=0.150187 val_acc=0.9451 val_reversal_acc=0.9275 best_val_loss=0.150187 patience_wait=0
loss model=hemibrain_dense seed=0 epoch=43/100 train_loss=0.155271 val_loss=0.165649 val_acc=0.9382 val_reversal_acc=0.9150 best_val_loss=0.150187 patience_wait=1
loss model=hemibrain_dense seed=0 epoch=44/100 train_loss=0.152716 val_loss=0.132887 val_acc=0.9498 val_reversal_acc=0.9354 best_val_loss=0.132887 patience_wait=0
loss model=hemibrain_dense seed=0 epoch=45/100 train_loss=0.141652 val_loss=0.137388 val_acc=0.9486 val_reversal_acc=0.9298 best_val_loss=0.132887 patience_wait=1
loss model=hemibrain_dense seed=0 epoch=46/100 train_loss=0.140251 val_loss=0.129723 val_acc=0.9531 val_reversal_acc=0.9353 best_val_loss=0.129723 patience_wait=0
loss model=hemibrain_dense seed=0 epoch=47/100 train_loss=0.139232 val_loss=0.123894 val_acc=0.9542 val_reversal_acc=0.9401 best_val_loss=0.123894 patience_wait=0
loss model=hemibrain_dense seed=0 epoch=48/100 train_loss=0.134107 val_loss=0.13429 val_acc=0.9480 val_reversal_acc=0.9281 best_val_loss=0.123894 patience_wait=1
loss model=hemibrain_dense seed=0 epoch=49/100 train_loss=0.130752 val_loss=0.136086 val_acc=0.9487 val_reversal_acc=0.9303 best_val_loss=0.123894 patience_wait=2
loss model=hemibrain_dense seed=0 epoch=50/100 train_loss=0.12974 val_loss=0.120853 val_acc=0.9570 val_reversal_acc=0.9415 best_val_loss=0.120853 patience_wait=0
loss model=hemibrain_dense seed=0 epoch=51/100 train_loss=0.126036 val_loss=0.118034 val_acc=0.9570 val_reversal_acc=0.9409 best_val_loss=0.118034 patience_wait=0
loss model=hemibrain_dense seed=0 epoch=52/100 train_loss=0.122395 val_loss=0.129202 val_acc=0.9506 val_reversal_acc=0.9292 best_val_loss=0.118034 patience_wait=1
loss model=hemibrain_dense seed=0 epoch=53/100 train_loss=0.122981 val_loss=0.122431 val_acc=0.9567 val_reversal_acc=0.9391 best_val_loss=0.118034 patience_wait=2
loss model=hemibrain_dense seed=0 epoch=54/100 train_loss=0.118622 val_loss=0.116359 val_acc=0.9574 val_reversal_acc=0.9388 best_val_loss=0.116359 patience_wait=0
loss model=hemibrain_dense seed=0 epoch=55/100 train_loss=0.117599 val_loss=0.1148 val_acc=0.9576 val_reversal_acc=0.9428 best_val_loss=0.1148 patience_wait=0
loss model=hemibrain_dense seed=0 epoch=56/100 train_loss=0.113257 val_loss=0.108832 val_acc=0.9604 val_reversal_acc=0.9451 best_val_loss=0.108832 patience_wait=0
loss model=hemibrain_dense seed=0 epoch=57/100 train_loss=0.112547 val_loss=0.114681 val_acc=0.9586 val_reversal_acc=0.9408 best_val_loss=0.108832 patience_wait=1
loss model=hemibrain_dense seed=0 epoch=58/100 train_loss=0.110897 val_loss=0.106491 val_acc=0.9621 val_reversal_acc=0.9457 best_val_loss=0.106491 patience_wait=0
loss model=hemibrain_dense seed=0 epoch=59/100 train_loss=0.110305 val_loss=0.105596 val_acc=0.9605 val_reversal_acc=0.9466 best_val_loss=0.105596 patience_wait=0
loss model=hemibrain_dense seed=0 epoch=60/100 train_loss=0.10637 val_loss=0.0983075 val_acc=0.9649 val_reversal_acc=0.9512 best_val_loss=0.0983075 patience_wait=0
loss model=hemibrain_dense seed=0 epoch=61/100 train_loss=0.106025 val_loss=0.0981189 val_acc=0.9656 val_reversal_acc=0.9501 best_val_loss=0.0981189 patience_wait=0
loss model=hemibrain_dense seed=0 epoch=62/100 train_loss=0.103159 val_loss=0.105177 val_acc=0.9617 val_reversal_acc=0.9444 best_val_loss=0.0981189 patience_wait=1
loss model=hemibrain_dense seed=0 epoch=63/100 train_loss=0.100525 val_loss=0.0998017 val_acc=0.9636 val_reversal_acc=0.9477 best_val_loss=0.0981189 patience_wait=2
loss model=hemibrain_dense seed=0 epoch=64/100 train_loss=0.09891 val_loss=0.0980622 val_acc=0.9630 val_reversal_acc=0.9467 best_val_loss=0.0980622 patience_wait=0
loss model=hemibrain_dense seed=0 epoch=65/100 train_loss=0.0989507 val_loss=0.100428 val_acc=0.9624 val_reversal_acc=0.9431 best_val_loss=0.0980622 patience_wait=1
loss model=hemibrain_dense seed=0 epoch=66/100 train_loss=0.0970826 val_loss=0.0952291 val_acc=0.9673 val_reversal_acc=0.9517 best_val_loss=0.0952291 patience_wait=0
loss model=hemibrain_dense seed=0 epoch=67/100 train_loss=0.0976327 val_loss=0.0945649 val_acc=0.9650 val_reversal_acc=0.9483 best_val_loss=0.0945649 patience_wait=0
loss model=hemibrain_dense seed=0 epoch=68/100 train_loss=0.0944545 val_loss=0.101457 val_acc=0.9625 val_reversal_acc=0.9460 best_val_loss=0.0945649 patience_wait=1
loss model=hemibrain_dense seed=0 epoch=69/100 train_loss=0.0963699 val_loss=0.0921784 val_acc=0.9681 val_reversal_acc=0.9544 best_val_loss=0.0921784 patience_wait=0
loss model=hemibrain_dense seed=0 epoch=70/100 train_loss=0.0931122 val_loss=0.089976 val_acc=0.9668 val_reversal_acc=0.9513 best_val_loss=0.089976 patience_wait=0
loss model=hemibrain_dense seed=0 epoch=71/100 train_loss=0.0924441 val_loss=0.0912894 val_acc=0.9676 val_reversal_acc=0.9522 best_val_loss=0.089976 patience_wait=1
loss model=hemibrain_dense seed=0 epoch=72/100 train_loss=0.0900769 val_loss=0.0866793 val_acc=0.9682 val_reversal_acc=0.9531 best_val_loss=0.0866793 patience_wait=0
loss model=hemibrain_dense seed=0 epoch=73/100 train_loss=0.0891828 val_loss=0.0915475 val_acc=0.9672 val_reversal_acc=0.9508 best_val_loss=0.0866793 patience_wait=1
loss model=hemibrain_dense seed=0 epoch=74/100 train_loss=0.0871175 val_loss=0.0890836 val_acc=0.9673 val_reversal_acc=0.9534 best_val_loss=0.0866793 patience_wait=2
loss model=hemibrain_dense seed=0 epoch=75/100 train_loss=0.0873831 val_loss=0.0884035 val_acc=0.9680 val_reversal_acc=0.9522 best_val_loss=0.0866793 patience_wait=3
loss model=hemibrain_dense seed=0 epoch=76/100 train_loss=0.0852098 val_loss=0.0861548 val_acc=0.9691 val_reversal_acc=0.9539 best_val_loss=0.0861548 patience_wait=0
loss model=hemibrain_dense seed=0 epoch=77/100 train_loss=0.0832462 val_loss=0.0816772 val_acc=0.9704 val_reversal_acc=0.9555 best_val_loss=0.0816772 patience_wait=0
loss model=hemibrain_dense seed=0 epoch=78/100 train_loss=0.0843993 val_loss=0.077999 val_acc=0.9719 val_reversal_acc=0.9583 best_val_loss=0.077999 patience_wait=0
loss model=hemibrain_dense seed=0 epoch=79/100 train_loss=0.0837212 val_loss=0.0759249 val_acc=0.9734 val_reversal_acc=0.9618 best_val_loss=0.0759249 patience_wait=0
loss model=hemibrain_dense seed=0 epoch=80/100 train_loss=0.0835935 val_loss=0.0758317 val_acc=0.9742 val_reversal_acc=0.9639 best_val_loss=0.0758317 patience_wait=0
loss model=hemibrain_dense seed=0 epoch=81/100 train_loss=0.0804595 val_loss=0.078389 val_acc=0.9734 val_reversal_acc=0.9604 best_val_loss=0.0758317 patience_wait=1
loss model=hemibrain_dense seed=0 epoch=82/100 train_loss=0.0829027 val_loss=0.077833 val_acc=0.9731 val_reversal_acc=0.9613 best_val_loss=0.0758317 patience_wait=2
loss model=hemibrain_dense seed=0 epoch=83/100 train_loss=0.0819359 val_loss=0.076857 val_acc=0.9730 val_reversal_acc=0.9612 best_val_loss=0.0758317 patience_wait=3
loss model=hemibrain_dense seed=0 epoch=84/100 train_loss=0.0803968 val_loss=0.0803828 val_acc=0.9708 val_reversal_acc=0.9555 best_val_loss=0.0758317 patience_wait=4
loss model=hemibrain_dense seed=0 epoch=85/100 train_loss=0.0792111 val_loss=0.0820394 val_acc=0.9711 val_reversal_acc=0.9569 best_val_loss=0.0758317 patience_wait=5
loss model=hemibrain_dense seed=0 epoch=86/100 train_loss=0.0803614 val_loss=0.0784574 val_acc=0.9715 val_reversal_acc=0.9581 best_val_loss=0.0758317 patience_wait=6
loss model=hemibrain_dense seed=0 epoch=87/100 train_loss=0.0782741 val_loss=0.0837611 val_acc=0.9692 val_reversal_acc=0.9540 best_val_loss=0.0758317 patience_wait=7
loss model=hemibrain_dense seed=0 epoch=88/100 train_loss=0.0780597 val_loss=0.0738607 val_acc=0.9728 val_reversal_acc=0.9583 best_val_loss=0.0738607 patience_wait=0
loss model=hemibrain_dense seed=0 epoch=89/100 train_loss=0.0769406 val_loss=0.0764205 val_acc=0.9720 val_reversal_acc=0.9578 best_val_loss=0.0738607 patience_wait=1
loss model=hemibrain_dense seed=0 epoch=90/100 train_loss=0.0753218 val_loss=0.0700473 val_acc=0.9749 val_reversal_acc=0.9615 best_val_loss=0.0700473 patience_wait=0
loss model=hemibrain_dense seed=0 epoch=91/100 train_loss=0.0731562 val_loss=0.077933 val_acc=0.9732 val_reversal_acc=0.9595 best_val_loss=0.0700473 patience_wait=1
loss model=hemibrain_dense seed=0 epoch=92/100 train_loss=0.0747019 val_loss=0.0706836 val_acc=0.9747 val_reversal_acc=0.9609 best_val_loss=0.0700473 patience_wait=2
loss model=hemibrain_dense seed=0 epoch=93/100 train_loss=0.0724909 val_loss=0.0717357 val_acc=0.9738 val_reversal_acc=0.9598 best_val_loss=0.0700473 patience_wait=3
loss model=hemibrain_dense seed=0 epoch=94/100 train_loss=0.0735904 val_loss=0.0663203 val_acc=0.9757 val_reversal_acc=0.9646 best_val_loss=0.0663203 patience_wait=0
loss model=hemibrain_dense seed=0 epoch=95/100 train_loss=0.0729159 val_loss=0.0634233 val_acc=0.9781 val_reversal_acc=0.9680 best_val_loss=0.0634233 patience_wait=0
loss model=hemibrain_dense seed=0 epoch=96/100 train_loss=0.0729817 val_loss=0.0622524 val_acc=0.9778 val_reversal_acc=0.9695 best_val_loss=0.0622524 patience_wait=0
loss model=hemibrain_dense seed=0 epoch=97/100 train_loss=0.0708604 val_loss=0.0663531 val_acc=0.9773 val_reversal_acc=0.9663 best_val_loss=0.0622524 patience_wait=1
loss model=hemibrain_dense seed=0 epoch=98/100 train_loss=0.0701269 val_loss=0.0681911 val_acc=0.9766 val_reversal_acc=0.9646 best_val_loss=0.0622524 patience_wait=2
loss model=hemibrain_dense seed=0 epoch=99/100 train_loss=0.0735826 val_loss=0.0692832 val_acc=0.9751 val_reversal_acc=0.9624 best_val_loss=0.0622524 patience_wait=3
loss model=hemibrain_dense seed=0 epoch=100/100 train_loss=0.0696826 val_loss=0.0653005 val_acc=0.9778 val_reversal_acc=0.9665 best_val_loss=0.0622524 patience_wait=4
model-done model=hemibrain_dense seed=0 best_val_loss=0.0622524 test_acc=0.9775 test_reversal_acc=0.9665
model-start model=hemibrain_dense seed=1 runtime=dense N=11690 recurrent_params=136656100 trainable_params=137462711 init_nonzero_edges=1277773 timesteps=21
loss model=hemibrain_dense seed=1 epoch=1/100 train_loss=0.623254 val_loss=0.605898 val_acc=0.6589 val_reversal_acc=0.6620 best_val_loss=0.605898 patience_wait=0
loss model=hemibrain_dense seed=1 epoch=2/100 train_loss=0.606809 val_loss=0.603382 val_acc=0.6585 val_reversal_acc=0.6600 best_val_loss=0.603382 patience_wait=0
loss model=hemibrain_dense seed=1 epoch=3/100 train_loss=0.60435 val_loss=0.601769 val_acc=0.6593 val_reversal_acc=0.6609 best_val_loss=0.601769 patience_wait=0
loss model=hemibrain_dense seed=1 epoch=4/100 train_loss=0.604925 val_loss=0.602517 val_acc=0.6579 val_reversal_acc=0.6607 best_val_loss=0.601769 patience_wait=1
loss model=hemibrain_dense seed=1 epoch=5/100 train_loss=0.60379 val_loss=0.600947 val_acc=0.6606 val_reversal_acc=0.6596 best_val_loss=0.600947 patience_wait=0
loss model=hemibrain_dense seed=1 epoch=6/100 train_loss=0.601629 val_loss=0.601802 val_acc=0.6559 val_reversal_acc=0.6589 best_val_loss=0.600947 patience_wait=1
loss model=hemibrain_dense seed=1 epoch=7/100 train_loss=0.60184 val_loss=0.600746 val_acc=0.6574 val_reversal_acc=0.6589 best_val_loss=0.600746 patience_wait=0
loss model=hemibrain_dense seed=1 epoch=8/100 train_loss=0.600748 val_loss=0.600231 val_acc=0.6619 val_reversal_acc=0.6668 best_val_loss=0.600231 patience_wait=0
loss model=hemibrain_dense seed=1 epoch=9/100 train_loss=0.599198 val_loss=0.600019 val_acc=0.6589 val_reversal_acc=0.6611 best_val_loss=0.600019 patience_wait=0
loss model=hemibrain_dense seed=1 epoch=10/100 train_loss=0.598913 val_loss=0.588233 val_acc=0.6809 val_reversal_acc=0.6816 best_val_loss=0.588233 patience_wait=0
loss model=hemibrain_dense seed=1 epoch=11/100 train_loss=0.57348 val_loss=0.554891 val_acc=0.7102 val_reversal_acc=0.7079 best_val_loss=0.554891 patience_wait=0
loss model=hemibrain_dense seed=1 epoch=12/100 train_loss=0.529254 val_loss=0.501877 val_acc=0.7534 val_reversal_acc=0.7414 best_val_loss=0.501877 patience_wait=0
loss model=hemibrain_dense seed=1 epoch=13/100 train_loss=0.474141 val_loss=0.45232 val_acc=0.7950 val_reversal_acc=0.7772 best_val_loss=0.45232 patience_wait=0
loss model=hemibrain_dense seed=1 epoch=14/100 train_loss=0.423777 val_loss=0.402562 val_acc=0.8240 val_reversal_acc=0.8021 best_val_loss=0.402562 patience_wait=0
loss model=hemibrain_dense seed=1 epoch=15/100 train_loss=0.387053 val_loss=0.368751 val_acc=0.8403 val_reversal_acc=0.8141 best_val_loss=0.368751 patience_wait=0
loss model=hemibrain_dense seed=1 epoch=16/100 train_loss=0.356858 val_loss=0.358934 val_acc=0.8477 val_reversal_acc=0.8194 best_val_loss=0.358934 patience_wait=0
loss model=hemibrain_dense seed=1 epoch=17/100 train_loss=0.331768 val_loss=0.323071 val_acc=0.8651 val_reversal_acc=0.8371 best_val_loss=0.323071 patience_wait=0
loss model=hemibrain_dense seed=1 epoch=18/100 train_loss=0.315003 val_loss=0.299174 val_acc=0.8757 val_reversal_acc=0.8579 best_val_loss=0.299174 patience_wait=0
loss model=hemibrain_dense seed=1 epoch=19/100 train_loss=0.300144 val_loss=0.29738 val_acc=0.8776 val_reversal_acc=0.8555 best_val_loss=0.29738 patience_wait=0
loss model=hemibrain_dense seed=1 epoch=20/100 train_loss=0.283146 val_loss=0.280566 val_acc=0.8861 val_reversal_acc=0.8621 best_val_loss=0.280566 patience_wait=0
loss model=hemibrain_dense seed=1 epoch=21/100 train_loss=0.267513 val_loss=0.25409 val_acc=0.8999 val_reversal_acc=0.8789 best_val_loss=0.25409 patience_wait=0
loss model=hemibrain_dense seed=1 epoch=22/100 train_loss=0.248381 val_loss=0.253605 val_acc=0.8970 val_reversal_acc=0.8707 best_val_loss=0.253605 patience_wait=0
loss model=hemibrain_dense seed=1 epoch=23/100 train_loss=0.237108 val_loss=0.238596 val_acc=0.9057 val_reversal_acc=0.8816 best_val_loss=0.238596 patience_wait=0
loss model=hemibrain_dense seed=1 epoch=24/100 train_loss=0.227239 val_loss=0.232489 val_acc=0.9063 val_reversal_acc=0.8794 best_val_loss=0.232489 patience_wait=0
loss model=hemibrain_dense seed=1 epoch=25/100 train_loss=0.217684 val_loss=0.223758 val_acc=0.9133 val_reversal_acc=0.8885 best_val_loss=0.223758 patience_wait=0
loss model=hemibrain_dense seed=1 epoch=26/100 train_loss=0.208424 val_loss=0.221241 val_acc=0.9144 val_reversal_acc=0.8887 best_val_loss=0.221241 patience_wait=0
loss model=hemibrain_dense seed=1 epoch=27/100 train_loss=0.201805 val_loss=0.202147 val_acc=0.9233 val_reversal_acc=0.8978 best_val_loss=0.202147 patience_wait=0
loss model=hemibrain_dense seed=1 epoch=28/100 train_loss=0.189908 val_loss=0.207241 val_acc=0.9202 val_reversal_acc=0.8932 best_val_loss=0.202147 patience_wait=1
loss model=hemibrain_dense seed=1 epoch=29/100 train_loss=0.186982 val_loss=0.189737 val_acc=0.9297 val_reversal_acc=0.9091 best_val_loss=0.189737 patience_wait=0
loss model=hemibrain_dense seed=1 epoch=30/100 train_loss=0.182755 val_loss=0.195501 val_acc=0.9234 val_reversal_acc=0.8993 best_val_loss=0.189737 patience_wait=1
loss model=hemibrain_dense seed=1 epoch=31/100 train_loss=0.178165 val_loss=0.193866 val_acc=0.9245 val_reversal_acc=0.9013 best_val_loss=0.189737 patience_wait=2
loss model=hemibrain_dense seed=1 epoch=32/100 train_loss=0.175729 val_loss=0.183049 val_acc=0.9292 val_reversal_acc=0.9039 best_val_loss=0.183049 patience_wait=0
loss model=hemibrain_dense seed=1 epoch=33/100 train_loss=0.170485 val_loss=0.179132 val_acc=0.9317 val_reversal_acc=0.9099 best_val_loss=0.179132 patience_wait=0
loss model=hemibrain_dense seed=1 epoch=34/100 train_loss=0.166866 val_loss=0.171407 val_acc=0.9336 val_reversal_acc=0.9142 best_val_loss=0.171407 patience_wait=0
loss model=hemibrain_dense seed=1 epoch=35/100 train_loss=0.162541 val_loss=0.167342 val_acc=0.9353 val_reversal_acc=0.9158 best_val_loss=0.167342 patience_wait=0
loss model=hemibrain_dense seed=1 epoch=36/100 train_loss=0.162452 val_loss=0.164732 val_acc=0.9381 val_reversal_acc=0.9180 best_val_loss=0.164732 patience_wait=0
loss model=hemibrain_dense seed=1 epoch=37/100 train_loss=0.158755 val_loss=0.164727 val_acc=0.9352 val_reversal_acc=0.9141 best_val_loss=0.164727 patience_wait=0
loss model=hemibrain_dense seed=1 epoch=38/100 train_loss=0.154372 val_loss=0.167862 val_acc=0.9357 val_reversal_acc=0.9163 best_val_loss=0.164727 patience_wait=1
loss model=hemibrain_dense seed=1 epoch=39/100 train_loss=0.151765 val_loss=0.158251 val_acc=0.9405 val_reversal_acc=0.9168 best_val_loss=0.158251 patience_wait=0
loss model=hemibrain_dense seed=1 epoch=40/100 train_loss=0.146232 val_loss=0.156764 val_acc=0.9395 val_reversal_acc=0.9185 best_val_loss=0.156764 patience_wait=0
loss model=hemibrain_dense seed=1 epoch=41/100 train_loss=0.148557 val_loss=0.149879 val_acc=0.9430 val_reversal_acc=0.9247 best_val_loss=0.149879 patience_wait=0
loss model=hemibrain_dense seed=1 epoch=42/100 train_loss=0.144805 val_loss=0.141491 val_acc=0.9469 val_reversal_acc=0.9284 best_val_loss=0.141491 patience_wait=0
loss model=hemibrain_dense seed=1 epoch=43/100 train_loss=0.139237 val_loss=0.141321 val_acc=0.9456 val_reversal_acc=0.9286 best_val_loss=0.141321 patience_wait=0
loss model=hemibrain_dense seed=1 epoch=44/100 train_loss=0.140041 val_loss=0.140831 val_acc=0.9467 val_reversal_acc=0.9254 best_val_loss=0.140831 patience_wait=0
loss model=hemibrain_dense seed=1 epoch=45/100 train_loss=0.133151 val_loss=0.144242 val_acc=0.9450 val_reversal_acc=0.9238 best_val_loss=0.140831 patience_wait=1
loss model=hemibrain_dense seed=1 epoch=46/100 train_loss=0.133008 val_loss=0.137731 val_acc=0.9462 val_reversal_acc=0.9254 best_val_loss=0.137731 patience_wait=0
loss model=hemibrain_dense seed=1 epoch=47/100 train_loss=0.129121 val_loss=0.135781 val_acc=0.9493 val_reversal_acc=0.9276 best_val_loss=0.135781 patience_wait=0
loss model=hemibrain_dense seed=1 epoch=48/100 train_loss=0.12476 val_loss=0.131107 val_acc=0.9511 val_reversal_acc=0.9323 best_val_loss=0.131107 patience_wait=0
loss model=hemibrain_dense seed=1 epoch=49/100 train_loss=0.122998 val_loss=0.122388 val_acc=0.9546 val_reversal_acc=0.9365 best_val_loss=0.122388 patience_wait=0
loss model=hemibrain_dense seed=1 epoch=50/100 train_loss=0.124564 val_loss=0.12939 val_acc=0.9517 val_reversal_acc=0.9340 best_val_loss=0.122388 patience_wait=1
loss model=hemibrain_dense seed=1 epoch=51/100 train_loss=0.119064 val_loss=0.116559 val_acc=0.9572 val_reversal_acc=0.9427 best_val_loss=0.116559 patience_wait=0
loss model=hemibrain_dense seed=1 epoch=52/100 train_loss=0.117439 val_loss=0.118499 val_acc=0.9568 val_reversal_acc=0.9404 best_val_loss=0.116559 patience_wait=1
loss model=hemibrain_dense seed=1 epoch=53/100 train_loss=0.112141 val_loss=0.114856 val_acc=0.9579 val_reversal_acc=0.9424 best_val_loss=0.114856 patience_wait=0
loss model=hemibrain_dense seed=1 epoch=54/100 train_loss=0.11353 val_loss=0.130749 val_acc=0.9501 val_reversal_acc=0.9277 best_val_loss=0.114856 patience_wait=1
loss model=hemibrain_dense seed=1 epoch=55/100 train_loss=0.11139 val_loss=0.110968 val_acc=0.9605 val_reversal_acc=0.9460 best_val_loss=0.110968 patience_wait=0
loss model=hemibrain_dense seed=1 epoch=56/100 train_loss=0.11038 val_loss=0.109681 val_acc=0.9584 val_reversal_acc=0.9431 best_val_loss=0.109681 patience_wait=0
loss model=hemibrain_dense seed=1 epoch=57/100 train_loss=0.107576 val_loss=0.107115 val_acc=0.9615 val_reversal_acc=0.9454 best_val_loss=0.107115 patience_wait=0
loss model=hemibrain_dense seed=1 epoch=58/100 train_loss=0.10504 val_loss=0.109196 val_acc=0.9596 val_reversal_acc=0.9448 best_val_loss=0.107115 patience_wait=1
loss model=hemibrain_dense seed=1 epoch=59/100 train_loss=0.105388 val_loss=0.106585 val_acc=0.9596 val_reversal_acc=0.9427 best_val_loss=0.106585 patience_wait=0
loss model=hemibrain_dense seed=1 epoch=60/100 train_loss=0.100858 val_loss=0.100223 val_acc=0.9644 val_reversal_acc=0.9497 best_val_loss=0.100223 patience_wait=0
loss model=hemibrain_dense seed=1 epoch=61/100 train_loss=0.101771 val_loss=0.102671 val_acc=0.9622 val_reversal_acc=0.9457 best_val_loss=0.100223 patience_wait=1
loss model=hemibrain_dense seed=1 epoch=62/100 train_loss=0.10135 val_loss=0.0998516 val_acc=0.9637 val_reversal_acc=0.9471 best_val_loss=0.0998516 patience_wait=0
loss model=hemibrain_dense seed=1 epoch=63/100 train_loss=0.100959 val_loss=0.10572 val_acc=0.9626 val_reversal_acc=0.9451 best_val_loss=0.0998516 patience_wait=1
loss model=hemibrain_dense seed=1 epoch=64/100 train_loss=0.0971787 val_loss=0.10242 val_acc=0.9618 val_reversal_acc=0.9448 best_val_loss=0.0998516 patience_wait=2
loss model=hemibrain_dense seed=1 epoch=65/100 train_loss=0.0960314 val_loss=0.0999062 val_acc=0.9657 val_reversal_acc=0.9495 best_val_loss=0.0998516 patience_wait=3
loss model=hemibrain_dense seed=1 epoch=66/100 train_loss=0.0931185 val_loss=0.104123 val_acc=0.9609 val_reversal_acc=0.9437 best_val_loss=0.0998516 patience_wait=4
loss model=hemibrain_dense seed=1 epoch=67/100 train_loss=0.0939011 val_loss=0.102309 val_acc=0.9623 val_reversal_acc=0.9460 best_val_loss=0.0998516 patience_wait=5
loss model=hemibrain_dense seed=1 epoch=68/100 train_loss=0.0911945 val_loss=0.0931932 val_acc=0.9668 val_reversal_acc=0.9509 best_val_loss=0.0931932 patience_wait=0
loss model=hemibrain_dense seed=1 epoch=69/100 train_loss=0.0936088 val_loss=0.0948729 val_acc=0.9651 val_reversal_acc=0.9512 best_val_loss=0.0931932 patience_wait=1
loss model=hemibrain_dense seed=1 epoch=70/100 train_loss=0.0909455 val_loss=0.0923475 val_acc=0.9673 val_reversal_acc=0.9527 best_val_loss=0.0923475 patience_wait=0
loss model=hemibrain_dense seed=1 epoch=71/100 train_loss=0.0911558 val_loss=0.0853477 val_acc=0.9698 val_reversal_acc=0.9581 best_val_loss=0.0853477 patience_wait=0
loss model=hemibrain_dense seed=1 epoch=72/100 train_loss=0.0862465 val_loss=0.101795 val_acc=0.9648 val_reversal_acc=0.9486 best_val_loss=0.0853477 patience_wait=1
loss model=hemibrain_dense seed=1 epoch=73/100 train_loss=0.0845046 val_loss=0.0862288 val_acc=0.9686 val_reversal_acc=0.9549 best_val_loss=0.0853477 patience_wait=2
loss model=hemibrain_dense seed=1 epoch=74/100 train_loss=0.0833916 val_loss=0.0897311 val_acc=0.9678 val_reversal_acc=0.9530 best_val_loss=0.0853477 patience_wait=3
loss model=hemibrain_dense seed=1 epoch=75/100 train_loss=0.0834791 val_loss=0.0813892 val_acc=0.9718 val_reversal_acc=0.9602 best_val_loss=0.0813892 patience_wait=0
loss model=hemibrain_dense seed=1 epoch=76/100 train_loss=0.0819269 val_loss=0.0873709 val_acc=0.9680 val_reversal_acc=0.9559 best_val_loss=0.0813892 patience_wait=1
loss model=hemibrain_dense seed=1 epoch=77/100 train_loss=0.0831329 val_loss=0.0865963 val_acc=0.9680 val_reversal_acc=0.9526 best_val_loss=0.0813892 patience_wait=2
loss model=hemibrain_dense seed=1 epoch=78/100 train_loss=0.0818748 val_loss=0.0881719 val_acc=0.9673 val_reversal_acc=0.9517 best_val_loss=0.0813892 patience_wait=3
loss model=hemibrain_dense seed=1 epoch=79/100 train_loss=0.0789792 val_loss=0.0812614 val_acc=0.9714 val_reversal_acc=0.9587 best_val_loss=0.0812614 patience_wait=0
loss model=hemibrain_dense seed=1 epoch=80/100 train_loss=0.0781574 val_loss=0.079952 val_acc=0.9715 val_reversal_acc=0.9591 best_val_loss=0.079952 patience_wait=0
loss model=hemibrain_dense seed=1 epoch=81/100 train_loss=0.0767285 val_loss=0.075975 val_acc=0.9727 val_reversal_acc=0.9611 best_val_loss=0.075975 patience_wait=0
loss model=hemibrain_dense seed=1 epoch=82/100 train_loss=0.0770594 val_loss=0.0776528 val_acc=0.9725 val_reversal_acc=0.9577 best_val_loss=0.075975 patience_wait=1
loss model=hemibrain_dense seed=1 epoch=83/100 train_loss=0.0793603 val_loss=0.0825923 val_acc=0.9712 val_reversal_acc=0.9572 best_val_loss=0.075975 patience_wait=2
loss model=hemibrain_dense seed=1 epoch=84/100 train_loss=0.0747289 val_loss=0.0767279 val_acc=0.9729 val_reversal_acc=0.9621 best_val_loss=0.075975 patience_wait=3
loss model=hemibrain_dense seed=1 epoch=85/100 train_loss=0.072967 val_loss=0.0761987 val_acc=0.9736 val_reversal_acc=0.9622 best_val_loss=0.075975 patience_wait=4
loss model=hemibrain_dense seed=1 epoch=86/100 train_loss=0.0741126 val_loss=0.0793854 val_acc=0.9706 val_reversal_acc=0.9579 best_val_loss=0.075975 patience_wait=5
loss model=hemibrain_dense seed=1 epoch=87/100 train_loss=0.0737294 val_loss=0.0738429 val_acc=0.9732 val_reversal_acc=0.9613 best_val_loss=0.0738429 patience_wait=0
loss model=hemibrain_dense seed=1 epoch=88/100 train_loss=0.0736445 val_loss=0.0770313 val_acc=0.9723 val_reversal_acc=0.9604 best_val_loss=0.0738429 patience_wait=1
loss model=hemibrain_dense seed=1 epoch=89/100 train_loss=0.0725647 val_loss=0.0745205 val_acc=0.9731 val_reversal_acc=0.9599 best_val_loss=0.0738429 patience_wait=2
loss model=hemibrain_dense seed=1 epoch=90/100 train_loss=0.0712047 val_loss=0.0697907 val_acc=0.9760 val_reversal_acc=0.9659 best_val_loss=0.0697907 patience_wait=0
loss model=hemibrain_dense seed=1 epoch=91/100 train_loss=0.0695681 val_loss=0.0883205 val_acc=0.9677 val_reversal_acc=0.9508 best_val_loss=0.0697907 patience_wait=1
loss model=hemibrain_dense seed=1 epoch=92/100 train_loss=0.0691809 val_loss=0.0792398 val_acc=0.9719 val_reversal_acc=0.9581 best_val_loss=0.0697907 patience_wait=2
loss model=hemibrain_dense seed=1 epoch=93/100 train_loss=0.0699399 val_loss=0.0757991 val_acc=0.9724 val_reversal_acc=0.9586 best_val_loss=0.0697907 patience_wait=3
loss model=hemibrain_dense seed=1 epoch=94/100 train_loss=0.071451 val_loss=0.072025 val_acc=0.9756 val_reversal_acc=0.9643 best_val_loss=0.0697907 patience_wait=4
loss model=hemibrain_dense seed=1 epoch=95/100 train_loss=0.0654959 val_loss=0.0690083 val_acc=0.9759 val_reversal_acc=0.9648 best_val_loss=0.0690083 patience_wait=0
loss model=hemibrain_dense seed=1 epoch=96/100 train_loss=0.0690948 val_loss=0.0712537 val_acc=0.9747 val_reversal_acc=0.9617 best_val_loss=0.0690083 patience_wait=1
loss model=hemibrain_dense seed=1 epoch=97/100 train_loss=0.0678134 val_loss=0.0653741 val_acc=0.9770 val_reversal_acc=0.9654 best_val_loss=0.0653741 patience_wait=0
loss model=hemibrain_dense seed=1 epoch=98/100 train_loss=0.065101 val_loss=0.0661155 val_acc=0.9763 val_reversal_acc=0.9641 best_val_loss=0.0653741 patience_wait=1
loss model=hemibrain_dense seed=1 epoch=99/100 train_loss=0.0659554 val_loss=0.0663723 val_acc=0.9765 val_reversal_acc=0.9650 best_val_loss=0.0653741 patience_wait=2
loss model=hemibrain_dense seed=1 epoch=100/100 train_loss=0.0647421 val_loss=0.0615853 val_acc=0.9779 val_reversal_acc=0.9669 best_val_loss=0.0615853 patience_wait=0
model-done model=hemibrain_dense seed=1 best_val_loss=0.0615853 test_acc=0.9803 test_reversal_acc=0.9717
model-start model=hemibrain_dense seed=2 runtime=dense N=11690 recurrent_params=136656100 trainable_params=137462711 init_nonzero_edges=1277773 timesteps=21
loss model=hemibrain_dense seed=2 epoch=1/100 train_loss=0.627556 val_loss=0.607921 val_acc=0.6574 val_reversal_acc=0.6520 best_val_loss=0.607921 patience_wait=0
loss model=hemibrain_dense seed=2 epoch=2/100 train_loss=0.605631 val_loss=0.600517 val_acc=0.6596 val_reversal_acc=0.6552 best_val_loss=0.600517 patience_wait=0
loss model=hemibrain_dense seed=2 epoch=3/100 train_loss=0.603886 val_loss=0.602915 val_acc=0.6585 val_reversal_acc=0.6543 best_val_loss=0.600517 patience_wait=1
loss model=hemibrain_dense seed=2 epoch=4/100 train_loss=0.603179 val_loss=0.599852 val_acc=0.6604 val_reversal_acc=0.6539 best_val_loss=0.599852 patience_wait=0
loss model=hemibrain_dense seed=2 epoch=5/100 train_loss=0.602059 val_loss=0.599396 val_acc=0.6579 val_reversal_acc=0.6529 best_val_loss=0.599396 patience_wait=0
loss model=hemibrain_dense seed=2 epoch=6/100 train_loss=0.601193 val_loss=0.599444 val_acc=0.6591 val_reversal_acc=0.6547 best_val_loss=0.599396 patience_wait=1
loss model=hemibrain_dense seed=2 epoch=7/100 train_loss=0.599704 val_loss=0.60259 val_acc=0.6593 val_reversal_acc=0.6546 best_val_loss=0.599396 patience_wait=2
loss model=hemibrain_dense seed=2 epoch=8/100 train_loss=0.600767 val_loss=0.599693 val_acc=0.6618 val_reversal_acc=0.6583 best_val_loss=0.599396 patience_wait=3
loss model=hemibrain_dense seed=2 epoch=9/100 train_loss=0.601148 val_loss=0.597122 val_acc=0.6673 val_reversal_acc=0.6648 best_val_loss=0.597122 patience_wait=0
loss model=hemibrain_dense seed=2 epoch=10/100 train_loss=0.596162 val_loss=0.587492 val_acc=0.6842 val_reversal_acc=0.6767 best_val_loss=0.587492 patience_wait=0
loss model=hemibrain_dense seed=2 epoch=11/100 train_loss=0.554245 val_loss=0.509339 val_acc=0.7544 val_reversal_acc=0.7362 best_val_loss=0.509339 patience_wait=0
loss model=hemibrain_dense seed=2 epoch=12/100 train_loss=0.472587 val_loss=0.432173 val_acc=0.8076 val_reversal_acc=0.7757 best_val_loss=0.432173 patience_wait=0
loss model=hemibrain_dense seed=2 epoch=13/100 train_loss=0.404053 val_loss=0.379611 val_acc=0.8381 val_reversal_acc=0.8090 best_val_loss=0.379611 patience_wait=0
loss model=hemibrain_dense seed=2 epoch=14/100 train_loss=0.361868 val_loss=0.339761 val_acc=0.8582 val_reversal_acc=0.8284 best_val_loss=0.339761 patience_wait=0
loss model=hemibrain_dense seed=2 epoch=15/100 train_loss=0.329702 val_loss=0.321053 val_acc=0.8688 val_reversal_acc=0.8359 best_val_loss=0.321053 patience_wait=0
loss model=hemibrain_dense seed=2 epoch=16/100 train_loss=0.310536 val_loss=0.304907 val_acc=0.8760 val_reversal_acc=0.8402 best_val_loss=0.304907 patience_wait=0
loss model=hemibrain_dense seed=2 epoch=17/100 train_loss=0.289528 val_loss=0.274806 val_acc=0.8919 val_reversal_acc=0.8665 best_val_loss=0.274806 patience_wait=0
loss model=hemibrain_dense seed=2 epoch=18/100 train_loss=0.270526 val_loss=0.25886 val_acc=0.8963 val_reversal_acc=0.8664 best_val_loss=0.25886 patience_wait=0
loss model=hemibrain_dense seed=2 epoch=19/100 train_loss=0.255739 val_loss=0.249475 val_acc=0.9021 val_reversal_acc=0.8734 best_val_loss=0.249475 patience_wait=0
loss model=hemibrain_dense seed=2 epoch=20/100 train_loss=0.243098 val_loss=0.236581 val_acc=0.9073 val_reversal_acc=0.8803 best_val_loss=0.236581 patience_wait=0
loss model=hemibrain_dense seed=2 epoch=21/100 train_loss=0.235254 val_loss=0.22765 val_acc=0.9128 val_reversal_acc=0.8852 best_val_loss=0.22765 patience_wait=0
loss model=hemibrain_dense seed=2 epoch=22/100 train_loss=0.228425 val_loss=0.219236 val_acc=0.9131 val_reversal_acc=0.8829 best_val_loss=0.219236 patience_wait=0
loss model=hemibrain_dense seed=2 epoch=23/100 train_loss=0.219734 val_loss=0.219323 val_acc=0.9146 val_reversal_acc=0.8845 best_val_loss=0.219236 patience_wait=1
loss model=hemibrain_dense seed=2 epoch=24/100 train_loss=0.211397 val_loss=0.200723 val_acc=0.9214 val_reversal_acc=0.8977 best_val_loss=0.200723 patience_wait=0
loss model=hemibrain_dense seed=2 epoch=25/100 train_loss=0.208322 val_loss=0.223697 val_acc=0.9098 val_reversal_acc=0.8750 best_val_loss=0.200723 patience_wait=1
loss model=hemibrain_dense seed=2 epoch=26/100 train_loss=0.199631 val_loss=0.19884 val_acc=0.9227 val_reversal_acc=0.8948 best_val_loss=0.19884 patience_wait=0
loss model=hemibrain_dense seed=2 epoch=27/100 train_loss=0.197479 val_loss=0.197803 val_acc=0.9234 val_reversal_acc=0.8943 best_val_loss=0.197803 patience_wait=0
loss model=hemibrain_dense seed=2 epoch=28/100 train_loss=0.189966 val_loss=0.187183 val_acc=0.9274 val_reversal_acc=0.9038 best_val_loss=0.187183 patience_wait=0
loss model=hemibrain_dense seed=2 epoch=29/100 train_loss=0.185751 val_loss=0.17022 val_acc=0.9352 val_reversal_acc=0.9143 best_val_loss=0.17022 patience_wait=0
loss model=hemibrain_dense seed=2 epoch=30/100 train_loss=0.18423 val_loss=0.18467 val_acc=0.9295 val_reversal_acc=0.9038 best_val_loss=0.17022 patience_wait=1
loss model=hemibrain_dense seed=2 epoch=31/100 train_loss=0.177089 val_loss=0.174331 val_acc=0.9337 val_reversal_acc=0.9109 best_val_loss=0.17022 patience_wait=2
loss model=hemibrain_dense seed=2 epoch=32/100 train_loss=0.179456 val_loss=0.172872 val_acc=0.9346 val_reversal_acc=0.9099 best_val_loss=0.17022 patience_wait=3
loss model=hemibrain_dense seed=2 epoch=33/100 train_loss=0.169341 val_loss=0.1724 val_acc=0.9330 val_reversal_acc=0.9068 best_val_loss=0.17022 patience_wait=4
loss model=hemibrain_dense seed=2 epoch=34/100 train_loss=0.167781 val_loss=0.166121 val_acc=0.9366 val_reversal_acc=0.9132 best_val_loss=0.166121 patience_wait=0
loss model=hemibrain_dense seed=2 epoch=35/100 train_loss=0.164301 val_loss=0.165003 val_acc=0.9376 val_reversal_acc=0.9156 best_val_loss=0.165003 patience_wait=0
loss model=hemibrain_dense seed=2 epoch=36/100 train_loss=0.156526 val_loss=0.152073 val_acc=0.9432 val_reversal_acc=0.9212 best_val_loss=0.152073 patience_wait=0
loss model=hemibrain_dense seed=2 epoch=37/100 train_loss=0.158141 val_loss=0.154195 val_acc=0.9439 val_reversal_acc=0.9236 best_val_loss=0.152073 patience_wait=1
loss model=hemibrain_dense seed=2 epoch=38/100 train_loss=0.153598 val_loss=0.147006 val_acc=0.9441 val_reversal_acc=0.9210 best_val_loss=0.147006 patience_wait=0
loss model=hemibrain_dense seed=2 epoch=39/100 train_loss=0.152561 val_loss=0.149734 val_acc=0.9423 val_reversal_acc=0.9191 best_val_loss=0.147006 patience_wait=1
loss model=hemibrain_dense seed=2 epoch=40/100 train_loss=0.149515 val_loss=0.1458 val_acc=0.9446 val_reversal_acc=0.9217 best_val_loss=0.1458 patience_wait=0
loss model=hemibrain_dense seed=2 epoch=41/100 train_loss=0.145075 val_loss=0.143497 val_acc=0.9464 val_reversal_acc=0.9243 best_val_loss=0.143497 patience_wait=0
loss model=hemibrain_dense seed=2 epoch=42/100 train_loss=0.140602 val_loss=0.139385 val_acc=0.9478 val_reversal_acc=0.9245 best_val_loss=0.139385 patience_wait=0
loss model=hemibrain_dense seed=2 epoch=43/100 train_loss=0.140721 val_loss=0.133102 val_acc=0.9521 val_reversal_acc=0.9332 best_val_loss=0.133102 patience_wait=0
loss model=hemibrain_dense seed=2 epoch=44/100 train_loss=0.137002 val_loss=0.131115 val_acc=0.9512 val_reversal_acc=0.9302 best_val_loss=0.131115 patience_wait=0
loss model=hemibrain_dense seed=2 epoch=45/100 train_loss=0.133958 val_loss=0.124839 val_acc=0.9546 val_reversal_acc=0.9341 best_val_loss=0.124839 patience_wait=0
loss model=hemibrain_dense seed=2 epoch=46/100 train_loss=0.130812 val_loss=0.122225 val_acc=0.9555 val_reversal_acc=0.9365 best_val_loss=0.122225 patience_wait=0
loss model=hemibrain_dense seed=2 epoch=47/100 train_loss=0.12981 val_loss=0.122494 val_acc=0.9545 val_reversal_acc=0.9353 best_val_loss=0.122225 patience_wait=1
loss model=hemibrain_dense seed=2 epoch=48/100 train_loss=0.124516 val_loss=0.120044 val_acc=0.9574 val_reversal_acc=0.9395 best_val_loss=0.120044 patience_wait=0
loss model=hemibrain_dense seed=2 epoch=49/100 train_loss=0.122242 val_loss=0.121271 val_acc=0.9546 val_reversal_acc=0.9358 best_val_loss=0.120044 patience_wait=1
loss model=hemibrain_dense seed=2 epoch=50/100 train_loss=0.123487 val_loss=0.117917 val_acc=0.9574 val_reversal_acc=0.9391 best_val_loss=0.117917 patience_wait=0
loss model=hemibrain_dense seed=2 epoch=51/100 train_loss=0.119939 val_loss=0.118695 val_acc=0.9548 val_reversal_acc=0.9323 best_val_loss=0.117917 patience_wait=1
loss model=hemibrain_dense seed=2 epoch=52/100 train_loss=0.116875 val_loss=0.112135 val_acc=0.9592 val_reversal_acc=0.9404 best_val_loss=0.112135 patience_wait=0
loss model=hemibrain_dense seed=2 epoch=53/100 train_loss=0.115761 val_loss=0.113965 val_acc=0.9605 val_reversal_acc=0.9426 best_val_loss=0.112135 patience_wait=1
loss model=hemibrain_dense seed=2 epoch=54/100 train_loss=0.110979 val_loss=0.10839 val_acc=0.9614 val_reversal_acc=0.9411 best_val_loss=0.10839 patience_wait=0
loss model=hemibrain_dense seed=2 epoch=55/100 train_loss=0.108027 val_loss=0.106011 val_acc=0.9632 val_reversal_acc=0.9452 best_val_loss=0.106011 patience_wait=0
loss model=hemibrain_dense seed=2 epoch=56/100 train_loss=0.107229 val_loss=0.0968044 val_acc=0.9653 val_reversal_acc=0.9477 best_val_loss=0.0968044 patience_wait=0
loss model=hemibrain_dense seed=2 epoch=57/100 train_loss=0.104094 val_loss=0.101554 val_acc=0.9633 val_reversal_acc=0.9484 best_val_loss=0.0968044 patience_wait=1
loss model=hemibrain_dense seed=2 epoch=58/100 train_loss=0.100966 val_loss=0.0945835 val_acc=0.9667 val_reversal_acc=0.9508 best_val_loss=0.0945835 patience_wait=0
loss model=hemibrain_dense seed=2 epoch=59/100 train_loss=0.0993673 val_loss=0.0929491 val_acc=0.9673 val_reversal_acc=0.9510 best_val_loss=0.0929491 patience_wait=0
loss model=hemibrain_dense seed=2 epoch=60/100 train_loss=0.101944 val_loss=0.0978085 val_acc=0.9665 val_reversal_acc=0.9507 best_val_loss=0.0929491 patience_wait=1
loss model=hemibrain_dense seed=2 epoch=61/100 train_loss=0.0973333 val_loss=0.0958544 val_acc=0.9663 val_reversal_acc=0.9488 best_val_loss=0.0929491 patience_wait=2
loss model=hemibrain_dense seed=2 epoch=62/100 train_loss=0.0972848 val_loss=0.0917563 val_acc=0.9688 val_reversal_acc=0.9540 best_val_loss=0.0917563 patience_wait=0
loss model=hemibrain_dense seed=2 epoch=63/100 train_loss=0.0961311 val_loss=0.0905133 val_acc=0.9686 val_reversal_acc=0.9529 best_val_loss=0.0905133 patience_wait=0
loss model=hemibrain_dense seed=2 epoch=64/100 train_loss=0.0901812 val_loss=0.0861307 val_acc=0.9697 val_reversal_acc=0.9555 best_val_loss=0.0861307 patience_wait=0
loss model=hemibrain_dense seed=2 epoch=65/100 train_loss=0.088966 val_loss=0.0935394 val_acc=0.9671 val_reversal_acc=0.9505 best_val_loss=0.0861307 patience_wait=1
loss model=hemibrain_dense seed=2 epoch=66/100 train_loss=0.0915332 val_loss=0.0845859 val_acc=0.9701 val_reversal_acc=0.9539 best_val_loss=0.0845859 patience_wait=0
loss model=hemibrain_dense seed=2 epoch=67/100 train_loss=0.0889531 val_loss=0.0836409 val_acc=0.9695 val_reversal_acc=0.9534 best_val_loss=0.0836409 patience_wait=0
loss model=hemibrain_dense seed=2 epoch=68/100 train_loss=0.0875286 val_loss=0.0848702 val_acc=0.9705 val_reversal_acc=0.9552 best_val_loss=0.0836409 patience_wait=1
loss model=hemibrain_dense seed=2 epoch=69/100 train_loss=0.0895171 val_loss=0.0780903 val_acc=0.9727 val_reversal_acc=0.9592 best_val_loss=0.0780903 patience_wait=0
loss model=hemibrain_dense seed=2 epoch=70/100 train_loss=0.0869127 val_loss=0.0910504 val_acc=0.9671 val_reversal_acc=0.9496 best_val_loss=0.0780903 patience_wait=1
loss model=hemibrain_dense seed=2 epoch=71/100 train_loss=0.0834915 val_loss=0.0821469 val_acc=0.9712 val_reversal_acc=0.9565 best_val_loss=0.0780903 patience_wait=2
loss model=hemibrain_dense seed=2 epoch=72/100 train_loss=0.0825694 val_loss=0.084043 val_acc=0.9710 val_reversal_acc=0.9563 best_val_loss=0.0780903 patience_wait=3
loss model=hemibrain_dense seed=2 epoch=73/100 train_loss=0.0844188 val_loss=0.0801555 val_acc=0.9711 val_reversal_acc=0.9565 best_val_loss=0.0780903 patience_wait=4
loss model=hemibrain_dense seed=2 epoch=74/100 train_loss=0.0821295 val_loss=0.0763009 val_acc=0.9736 val_reversal_acc=0.9583 best_val_loss=0.0763009 patience_wait=0
loss model=hemibrain_dense seed=2 epoch=75/100 train_loss=0.0798629 val_loss=0.0793008 val_acc=0.9720 val_reversal_acc=0.9583 best_val_loss=0.0763009 patience_wait=1
loss model=hemibrain_dense seed=2 epoch=76/100 train_loss=0.0804109 val_loss=0.0793802 val_acc=0.9715 val_reversal_acc=0.9561 best_val_loss=0.0763009 patience_wait=2
loss model=hemibrain_dense seed=2 epoch=77/100 train_loss=0.0800911 val_loss=0.0779652 val_acc=0.9726 val_reversal_acc=0.9589 best_val_loss=0.0763009 patience_wait=3
loss model=hemibrain_dense seed=2 epoch=78/100 train_loss=0.0773727 val_loss=0.0744853 val_acc=0.9743 val_reversal_acc=0.9616 best_val_loss=0.0744853 patience_wait=0
loss model=hemibrain_dense seed=2 epoch=79/100 train_loss=0.07679 val_loss=0.0797997 val_acc=0.9719 val_reversal_acc=0.9577 best_val_loss=0.0744853 patience_wait=1
loss model=hemibrain_dense seed=2 epoch=80/100 train_loss=0.0753673 val_loss=0.0699571 val_acc=0.9767 val_reversal_acc=0.9663 best_val_loss=0.0699571 patience_wait=0
loss model=hemibrain_dense seed=2 epoch=81/100 train_loss=0.0751558 val_loss=0.0746699 val_acc=0.9749 val_reversal_acc=0.9629 best_val_loss=0.0699571 patience_wait=1
loss model=hemibrain_dense seed=2 epoch=82/100 train_loss=0.0752071 val_loss=0.073489 val_acc=0.9751 val_reversal_acc=0.9625 best_val_loss=0.0699571 patience_wait=2
loss model=hemibrain_dense seed=2 epoch=83/100 train_loss=0.075293 val_loss=0.0713911 val_acc=0.9747 val_reversal_acc=0.9630 best_val_loss=0.0699571 patience_wait=3
loss model=hemibrain_dense seed=2 epoch=84/100 train_loss=0.0736995 val_loss=0.0699776 val_acc=0.9759 val_reversal_acc=0.9639 best_val_loss=0.0699571 patience_wait=4
loss model=hemibrain_dense seed=2 epoch=85/100 train_loss=0.0744136 val_loss=0.0780547 val_acc=0.9727 val_reversal_acc=0.9592 best_val_loss=0.0699571 patience_wait=5
loss model=hemibrain_dense seed=2 epoch=86/100 train_loss=0.0739331 val_loss=0.071338 val_acc=0.9753 val_reversal_acc=0.9625 best_val_loss=0.0699571 patience_wait=6
loss model=hemibrain_dense seed=2 epoch=87/100 train_loss=0.0722646 val_loss=0.0721443 val_acc=0.9755 val_reversal_acc=0.9620 best_val_loss=0.0699571 patience_wait=7
loss model=hemibrain_dense seed=2 epoch=88/100 train_loss=0.0703686 val_loss=0.0639071 val_acc=0.9785 val_reversal_acc=0.9665 best_val_loss=0.0639071 patience_wait=0
loss model=hemibrain_dense seed=2 epoch=89/100 train_loss=0.0680749 val_loss=0.0705351 val_acc=0.9758 val_reversal_acc=0.9630 best_val_loss=0.0639071 patience_wait=1
loss model=hemibrain_dense seed=2 epoch=90/100 train_loss=0.0713988 val_loss=0.0673108 val_acc=0.9770 val_reversal_acc=0.9643 best_val_loss=0.0639071 patience_wait=2
loss model=hemibrain_dense seed=2 epoch=91/100 train_loss=0.0723653 val_loss=0.0689019 val_acc=0.9757 val_reversal_acc=0.9628 best_val_loss=0.0639071 patience_wait=3
loss model=hemibrain_dense seed=2 epoch=92/100 train_loss=0.0691427 val_loss=0.0690468 val_acc=0.9745 val_reversal_acc=0.9611 best_val_loss=0.0639071 patience_wait=4
loss model=hemibrain_dense seed=2 epoch=93/100 train_loss=0.0693016 val_loss=0.0664998 val_acc=0.9768 val_reversal_acc=0.9659 best_val_loss=0.0639071 patience_wait=5
loss model=hemibrain_dense seed=2 epoch=94/100 train_loss=0.0695892 val_loss=0.0706894 val_acc=0.9751 val_reversal_acc=0.9624 best_val_loss=0.0639071 patience_wait=6
loss model=hemibrain_dense seed=2 epoch=95/100 train_loss=0.0680244 val_loss=0.0638038 val_acc=0.9776 val_reversal_acc=0.9660 best_val_loss=0.0638038 patience_wait=0
loss model=hemibrain_dense seed=2 epoch=96/100 train_loss=0.0672199 val_loss=0.0635908 val_acc=0.9788 val_reversal_acc=0.9686 best_val_loss=0.0635908 patience_wait=0
loss model=hemibrain_dense seed=2 epoch=97/100 train_loss=0.0647633 val_loss=0.0600906 val_acc=0.9807 val_reversal_acc=0.9715 best_val_loss=0.0600906 patience_wait=0
loss model=hemibrain_dense seed=2 epoch=98/100 train_loss=0.0667111 val_loss=0.0650385 val_acc=0.9764 val_reversal_acc=0.9641 best_val_loss=0.0600906 patience_wait=1
loss model=hemibrain_dense seed=2 epoch=99/100 train_loss=0.0644192 val_loss=0.068672 val_acc=0.9751 val_reversal_acc=0.9612 best_val_loss=0.0600906 patience_wait=2
loss model=hemibrain_dense seed=2 epoch=100/100 train_loss=0.0659736 val_loss=0.0553768 val_acc=0.9816 val_reversal_acc=0.9710 best_val_loss=0.0553768 patience_wait=0
model-done model=hemibrain_dense seed=2 best_val_loss=0.0553768 test_acc=0.9797 test_reversal_acc=0.9702
model-start model=random_dense seed=0 runtime=dense N=11690 recurrent_params=136656100 trainable_params=137462711 init_nonzero_edges=1277773 timesteps=21
loss model=random_dense seed=0 epoch=1/100 train_loss=0.626276 val_loss=0.60792 val_acc=0.6570 val_reversal_acc=0.6572 best_val_loss=0.60792 patience_wait=0
loss model=random_dense seed=0 epoch=2/100 train_loss=0.606482 val_loss=0.601957 val_acc=0.6592 val_reversal_acc=0.6629 best_val_loss=0.601957 patience_wait=0
loss model=random_dense seed=0 epoch=3/100 train_loss=0.603652 val_loss=0.600129 val_acc=0.6602 val_reversal_acc=0.6654 best_val_loss=0.600129 patience_wait=0
loss model=random_dense seed=0 epoch=4/100 train_loss=0.602153 val_loss=0.599808 val_acc=0.6620 val_reversal_acc=0.6630 best_val_loss=0.599808 patience_wait=0
loss model=random_dense seed=0 epoch=5/100 train_loss=0.603458 val_loss=0.60213 val_acc=0.6615 val_reversal_acc=0.6615 best_val_loss=0.599808 patience_wait=1
loss model=random_dense seed=0 epoch=6/100 train_loss=0.602387 val_loss=0.602104 val_acc=0.6640 val_reversal_acc=0.6639 best_val_loss=0.599808 patience_wait=2
loss model=random_dense seed=0 epoch=7/100 train_loss=0.602374 val_loss=0.599146 val_acc=0.6619 val_reversal_acc=0.6671 best_val_loss=0.599146 patience_wait=0
loss model=random_dense seed=0 epoch=8/100 train_loss=0.601158 val_loss=0.597675 val_acc=0.6678 val_reversal_acc=0.6729 best_val_loss=0.597675 patience_wait=0
loss model=random_dense seed=0 epoch=9/100 train_loss=0.601373 val_loss=0.598204 val_acc=0.6658 val_reversal_acc=0.6673 best_val_loss=0.597675 patience_wait=1
loss model=random_dense seed=0 epoch=10/100 train_loss=0.600423 val_loss=0.595336 val_acc=0.6695 val_reversal_acc=0.6747 best_val_loss=0.595336 patience_wait=0
loss model=random_dense seed=0 epoch=11/100 train_loss=0.596489 val_loss=0.58591 val_acc=0.6819 val_reversal_acc=0.6777 best_val_loss=0.58591 patience_wait=0
loss model=random_dense seed=0 epoch=12/100 train_loss=0.572278 val_loss=0.546363 val_acc=0.7186 val_reversal_acc=0.7078 best_val_loss=0.546363 patience_wait=0
loss model=random_dense seed=0 epoch=13/100 train_loss=0.529753 val_loss=0.51166 val_acc=0.7429 val_reversal_acc=0.7372 best_val_loss=0.51166 patience_wait=0
loss model=random_dense seed=0 epoch=14/100 train_loss=0.495123 val_loss=0.471895 val_acc=0.7701 val_reversal_acc=0.7608 best_val_loss=0.471895 patience_wait=0
loss model=random_dense seed=0 epoch=15/100 train_loss=0.446104 val_loss=0.419796 val_acc=0.8088 val_reversal_acc=0.7949 best_val_loss=0.419796 patience_wait=0
loss model=random_dense seed=0 epoch=16/100 train_loss=0.410658 val_loss=0.38458 val_acc=0.8343 val_reversal_acc=0.8155 best_val_loss=0.38458 patience_wait=0
loss model=random_dense seed=0 epoch=17/100 train_loss=0.376017 val_loss=0.352395 val_acc=0.8488 val_reversal_acc=0.8319 best_val_loss=0.352395 patience_wait=0
loss model=random_dense seed=0 epoch=18/100 train_loss=0.344484 val_loss=0.324785 val_acc=0.8652 val_reversal_acc=0.8434 best_val_loss=0.324785 patience_wait=0
loss model=random_dense seed=0 epoch=19/100 train_loss=0.321176 val_loss=0.297807 val_acc=0.8764 val_reversal_acc=0.8560 best_val_loss=0.297807 patience_wait=0
loss model=random_dense seed=0 epoch=20/100 train_loss=0.295417 val_loss=0.28811 val_acc=0.8842 val_reversal_acc=0.8605 best_val_loss=0.28811 patience_wait=0
loss model=random_dense seed=0 epoch=21/100 train_loss=0.278223 val_loss=0.267747 val_acc=0.8963 val_reversal_acc=0.8730 best_val_loss=0.267747 patience_wait=0
loss model=random_dense seed=0 epoch=22/100 train_loss=0.266429 val_loss=0.270711 val_acc=0.8874 val_reversal_acc=0.8629 best_val_loss=0.267747 patience_wait=1
loss model=random_dense seed=0 epoch=23/100 train_loss=0.256842 val_loss=0.24875 val_acc=0.9010 val_reversal_acc=0.8775 best_val_loss=0.24875 patience_wait=0
loss model=random_dense seed=0 epoch=24/100 train_loss=0.241514 val_loss=0.236646 val_acc=0.9061 val_reversal_acc=0.8836 best_val_loss=0.236646 patience_wait=0
loss model=random_dense seed=0 epoch=25/100 train_loss=0.234081 val_loss=0.231062 val_acc=0.9093 val_reversal_acc=0.8861 best_val_loss=0.231062 patience_wait=0
loss model=random_dense seed=0 epoch=26/100 train_loss=0.227501 val_loss=0.215274 val_acc=0.9146 val_reversal_acc=0.8949 best_val_loss=0.215274 patience_wait=0
loss model=random_dense seed=0 epoch=27/100 train_loss=0.218977 val_loss=0.207361 val_acc=0.9197 val_reversal_acc=0.8979 best_val_loss=0.207361 patience_wait=0
loss model=random_dense seed=0 epoch=28/100 train_loss=0.207866 val_loss=0.204492 val_acc=0.9194 val_reversal_acc=0.8982 best_val_loss=0.204492 patience_wait=0
loss model=random_dense seed=0 epoch=29/100 train_loss=0.206583 val_loss=0.191693 val_acc=0.9273 val_reversal_acc=0.9074 best_val_loss=0.191693 patience_wait=0
loss model=random_dense seed=0 epoch=30/100 train_loss=0.195363 val_loss=0.188034 val_acc=0.9264 val_reversal_acc=0.9074 best_val_loss=0.188034 patience_wait=0
loss model=random_dense seed=0 epoch=31/100 train_loss=0.190096 val_loss=0.193053 val_acc=0.9210 val_reversal_acc=0.8986 best_val_loss=0.188034 patience_wait=1
loss model=random_dense seed=0 epoch=32/100 train_loss=0.186975 val_loss=0.189918 val_acc=0.9258 val_reversal_acc=0.9030 best_val_loss=0.188034 patience_wait=2
loss model=random_dense seed=0 epoch=33/100 train_loss=0.180851 val_loss=0.178714 val_acc=0.9326 val_reversal_acc=0.9116 best_val_loss=0.178714 patience_wait=0
loss model=random_dense seed=0 epoch=34/100 train_loss=0.174281 val_loss=0.170447 val_acc=0.9358 val_reversal_acc=0.9130 best_val_loss=0.170447 patience_wait=0
loss model=random_dense seed=0 epoch=35/100 train_loss=0.171859 val_loss=0.168625 val_acc=0.9340 val_reversal_acc=0.9098 best_val_loss=0.168625 patience_wait=0
loss model=random_dense seed=0 epoch=36/100 train_loss=0.164735 val_loss=0.152856 val_acc=0.9430 val_reversal_acc=0.9263 best_val_loss=0.152856 patience_wait=0
loss model=random_dense seed=0 epoch=37/100 train_loss=0.158918 val_loss=0.163829 val_acc=0.9365 val_reversal_acc=0.9173 best_val_loss=0.152856 patience_wait=1
loss model=random_dense seed=0 epoch=38/100 train_loss=0.15385 val_loss=0.149991 val_acc=0.9436 val_reversal_acc=0.9242 best_val_loss=0.149991 patience_wait=0
loss model=random_dense seed=0 epoch=39/100 train_loss=0.151689 val_loss=0.151951 val_acc=0.9440 val_reversal_acc=0.9251 best_val_loss=0.149991 patience_wait=1
loss model=random_dense seed=0 epoch=40/100 train_loss=0.150708 val_loss=0.147437 val_acc=0.9424 val_reversal_acc=0.9224 best_val_loss=0.147437 patience_wait=0
loss model=random_dense seed=0 epoch=41/100 train_loss=0.146026 val_loss=0.138244 val_acc=0.9497 val_reversal_acc=0.9311 best_val_loss=0.138244 patience_wait=0
loss model=random_dense seed=0 epoch=42/100 train_loss=0.138942 val_loss=0.13434 val_acc=0.9520 val_reversal_acc=0.9346 best_val_loss=0.13434 patience_wait=0
loss model=random_dense seed=0 epoch=43/100 train_loss=0.140461 val_loss=0.141005 val_acc=0.9480 val_reversal_acc=0.9292 best_val_loss=0.13434 patience_wait=1
loss model=random_dense seed=0 epoch=44/100 train_loss=0.137007 val_loss=0.128794 val_acc=0.9511 val_reversal_acc=0.9339 best_val_loss=0.128794 patience_wait=0
loss model=random_dense seed=0 epoch=45/100 train_loss=0.132516 val_loss=0.127188 val_acc=0.9530 val_reversal_acc=0.9379 best_val_loss=0.127188 patience_wait=0
loss model=random_dense seed=0 epoch=46/100 train_loss=0.132913 val_loss=0.125345 val_acc=0.9540 val_reversal_acc=0.9385 best_val_loss=0.125345 patience_wait=0
loss model=random_dense seed=0 epoch=47/100 train_loss=0.129609 val_loss=0.127216 val_acc=0.9535 val_reversal_acc=0.9362 best_val_loss=0.125345 patience_wait=1
loss model=random_dense seed=0 epoch=48/100 train_loss=0.129416 val_loss=0.1311 val_acc=0.9501 val_reversal_acc=0.9273 best_val_loss=0.125345 patience_wait=2
loss model=random_dense seed=0 epoch=49/100 train_loss=0.127044 val_loss=0.127806 val_acc=0.9520 val_reversal_acc=0.9340 best_val_loss=0.125345 patience_wait=3
loss model=random_dense seed=0 epoch=50/100 train_loss=0.124614 val_loss=0.122807 val_acc=0.9548 val_reversal_acc=0.9368 best_val_loss=0.122807 patience_wait=0
loss model=random_dense seed=0 epoch=51/100 train_loss=0.123227 val_loss=0.125633 val_acc=0.9544 val_reversal_acc=0.9375 best_val_loss=0.122807 patience_wait=1
loss model=random_dense seed=0 epoch=52/100 train_loss=0.121592 val_loss=0.113689 val_acc=0.9595 val_reversal_acc=0.9440 best_val_loss=0.113689 patience_wait=0
loss model=random_dense seed=0 epoch=53/100 train_loss=0.121032 val_loss=0.131365 val_acc=0.9499 val_reversal_acc=0.9288 best_val_loss=0.113689 patience_wait=1
loss model=random_dense seed=0 epoch=54/100 train_loss=0.120091 val_loss=0.112321 val_acc=0.9595 val_reversal_acc=0.9447 best_val_loss=0.112321 patience_wait=0
loss model=random_dense seed=0 epoch=55/100 train_loss=0.118199 val_loss=0.108203 val_acc=0.9604 val_reversal_acc=0.9457 best_val_loss=0.108203 patience_wait=0
loss model=random_dense seed=0 epoch=56/100 train_loss=0.11339 val_loss=0.112529 val_acc=0.9566 val_reversal_acc=0.9391 best_val_loss=0.108203 patience_wait=1
loss model=random_dense seed=0 epoch=57/100 train_loss=0.11325 val_loss=0.109706 val_acc=0.9596 val_reversal_acc=0.9435 best_val_loss=0.108203 patience_wait=2
loss model=random_dense seed=0 epoch=58/100 train_loss=0.112332 val_loss=0.112614 val_acc=0.9568 val_reversal_acc=0.9406 best_val_loss=0.108203 patience_wait=3
loss model=random_dense seed=0 epoch=59/100 train_loss=0.111784 val_loss=0.105415 val_acc=0.9614 val_reversal_acc=0.9449 best_val_loss=0.105415 patience_wait=0
loss model=random_dense seed=0 epoch=60/100 train_loss=0.107821 val_loss=0.104927 val_acc=0.9624 val_reversal_acc=0.9456 best_val_loss=0.104927 patience_wait=0
loss model=random_dense seed=0 epoch=61/100 train_loss=0.109301 val_loss=0.107921 val_acc=0.9595 val_reversal_acc=0.9422 best_val_loss=0.104927 patience_wait=1
loss model=random_dense seed=0 epoch=62/100 train_loss=0.10926 val_loss=0.108894 val_acc=0.9583 val_reversal_acc=0.9417 best_val_loss=0.104927 patience_wait=2
loss model=random_dense seed=0 epoch=63/100 train_loss=0.106145 val_loss=0.100435 val_acc=0.9639 val_reversal_acc=0.9479 best_val_loss=0.100435 patience_wait=0
loss model=random_dense seed=0 epoch=64/100 train_loss=0.103096 val_loss=0.101893 val_acc=0.9629 val_reversal_acc=0.9461 best_val_loss=0.100435 patience_wait=1
loss model=random_dense seed=0 epoch=65/100 train_loss=0.100853 val_loss=0.0984129 val_acc=0.9660 val_reversal_acc=0.9512 best_val_loss=0.0984129 patience_wait=0
loss model=random_dense seed=0 epoch=66/100 train_loss=0.0998276 val_loss=0.0979603 val_acc=0.9641 val_reversal_acc=0.9493 best_val_loss=0.0979603 patience_wait=0
loss model=random_dense seed=0 epoch=67/100 train_loss=0.0982408 val_loss=0.0928313 val_acc=0.9672 val_reversal_acc=0.9525 best_val_loss=0.0928313 patience_wait=0
loss model=random_dense seed=0 epoch=68/100 train_loss=0.0951513 val_loss=0.0910703 val_acc=0.9679 val_reversal_acc=0.9539 best_val_loss=0.0910703 patience_wait=0
loss model=random_dense seed=0 epoch=69/100 train_loss=0.0960219 val_loss=0.0910151 val_acc=0.9678 val_reversal_acc=0.9531 best_val_loss=0.0910151 patience_wait=0
loss model=random_dense seed=0 epoch=70/100 train_loss=0.0946398 val_loss=0.088473 val_acc=0.9682 val_reversal_acc=0.9526 best_val_loss=0.088473 patience_wait=0
loss model=random_dense seed=0 epoch=71/100 train_loss=0.0931532 val_loss=0.0904512 val_acc=0.9665 val_reversal_acc=0.9492 best_val_loss=0.088473 patience_wait=1
loss model=random_dense seed=0 epoch=72/100 train_loss=0.0924802 val_loss=0.0942963 val_acc=0.9660 val_reversal_acc=0.9480 best_val_loss=0.088473 patience_wait=2
loss model=random_dense seed=0 epoch=73/100 train_loss=0.0922941 val_loss=0.0934027 val_acc=0.9661 val_reversal_acc=0.9491 best_val_loss=0.088473 patience_wait=3
loss model=random_dense seed=0 epoch=74/100 train_loss=0.0888223 val_loss=0.0919728 val_acc=0.9663 val_reversal_acc=0.9501 best_val_loss=0.088473 patience_wait=4
loss model=random_dense seed=0 epoch=75/100 train_loss=0.0884393 val_loss=0.0850226 val_acc=0.9702 val_reversal_acc=0.9549 best_val_loss=0.0850226 patience_wait=0
loss model=random_dense seed=0 epoch=76/100 train_loss=0.0868252 val_loss=0.0891551 val_acc=0.9695 val_reversal_acc=0.9535 best_val_loss=0.0850226 patience_wait=1
loss model=random_dense seed=0 epoch=77/100 train_loss=0.08598 val_loss=0.0843164 val_acc=0.9708 val_reversal_acc=0.9560 best_val_loss=0.0843164 patience_wait=0
loss model=random_dense seed=0 epoch=78/100 train_loss=0.0865698 val_loss=0.0772093 val_acc=0.9732 val_reversal_acc=0.9612 best_val_loss=0.0772093 patience_wait=0
loss model=random_dense seed=0 epoch=79/100 train_loss=0.08402 val_loss=0.0870939 val_acc=0.9694 val_reversal_acc=0.9552 best_val_loss=0.0772093 patience_wait=1
loss model=random_dense seed=0 epoch=80/100 train_loss=0.0852688 val_loss=0.0807908 val_acc=0.9724 val_reversal_acc=0.9582 best_val_loss=0.0772093 patience_wait=2
loss model=random_dense seed=0 epoch=81/100 train_loss=0.0813478 val_loss=0.0761603 val_acc=0.9745 val_reversal_acc=0.9625 best_val_loss=0.0761603 patience_wait=0
loss model=random_dense seed=0 epoch=82/100 train_loss=0.0831038 val_loss=0.0807157 val_acc=0.9702 val_reversal_acc=0.9569 best_val_loss=0.0761603 patience_wait=1
loss model=random_dense seed=0 epoch=83/100 train_loss=0.0800279 val_loss=0.0783666 val_acc=0.9718 val_reversal_acc=0.9587 best_val_loss=0.0761603 patience_wait=2
loss model=random_dense seed=0 epoch=84/100 train_loss=0.0800451 val_loss=0.0896299 val_acc=0.9673 val_reversal_acc=0.9482 best_val_loss=0.0761603 patience_wait=3
loss model=random_dense seed=0 epoch=85/100 train_loss=0.0810233 val_loss=0.0888386 val_acc=0.9680 val_reversal_acc=0.9520 best_val_loss=0.0761603 patience_wait=4
loss model=random_dense seed=0 epoch=86/100 train_loss=0.0792871 val_loss=0.0787643 val_acc=0.9723 val_reversal_acc=0.9579 best_val_loss=0.0761603 patience_wait=5
loss model=random_dense seed=0 epoch=87/100 train_loss=0.0774188 val_loss=0.0875633 val_acc=0.9682 val_reversal_acc=0.9509 best_val_loss=0.0761603 patience_wait=6
loss model=random_dense seed=0 epoch=88/100 train_loss=0.0757822 val_loss=0.0789652 val_acc=0.9722 val_reversal_acc=0.9560 best_val_loss=0.0761603 patience_wait=7
loss model=random_dense seed=0 epoch=89/100 train_loss=0.0747882 val_loss=0.0708981 val_acc=0.9755 val_reversal_acc=0.9632 best_val_loss=0.0708981 patience_wait=0
loss model=random_dense seed=0 epoch=90/100 train_loss=0.0746225 val_loss=0.0728835 val_acc=0.9742 val_reversal_acc=0.9618 best_val_loss=0.0708981 patience_wait=1
loss model=random_dense seed=0 epoch=91/100 train_loss=0.0721475 val_loss=0.0751137 val_acc=0.9737 val_reversal_acc=0.9592 best_val_loss=0.0708981 patience_wait=2
loss model=random_dense seed=0 epoch=92/100 train_loss=0.073441 val_loss=0.0742478 val_acc=0.9729 val_reversal_acc=0.9576 best_val_loss=0.0708981 patience_wait=3
loss model=random_dense seed=0 epoch=93/100 train_loss=0.0714279 val_loss=0.0696477 val_acc=0.9736 val_reversal_acc=0.9603 best_val_loss=0.0696477 patience_wait=0
loss model=random_dense seed=0 epoch=94/100 train_loss=0.069425 val_loss=0.070885 val_acc=0.9751 val_reversal_acc=0.9617 best_val_loss=0.0696477 patience_wait=1
loss model=random_dense seed=0 epoch=95/100 train_loss=0.0727253 val_loss=0.0704107 val_acc=0.9757 val_reversal_acc=0.9622 best_val_loss=0.0696477 patience_wait=2
loss model=random_dense seed=0 epoch=96/100 train_loss=0.072211 val_loss=0.0678167 val_acc=0.9764 val_reversal_acc=0.9654 best_val_loss=0.0678167 patience_wait=0
loss model=random_dense seed=0 epoch=97/100 train_loss=0.0719687 val_loss=0.0699324 val_acc=0.9766 val_reversal_acc=0.9634 best_val_loss=0.0678167 patience_wait=1
loss model=random_dense seed=0 epoch=98/100 train_loss=0.0669104 val_loss=0.0766299 val_acc=0.9721 val_reversal_acc=0.9564 best_val_loss=0.0678167 patience_wait=2
loss model=random_dense seed=0 epoch=99/100 train_loss=0.0691701 val_loss=0.0698254 val_acc=0.9762 val_reversal_acc=0.9622 best_val_loss=0.0678167 patience_wait=3
loss model=random_dense seed=0 epoch=100/100 train_loss=0.0682517 val_loss=0.0648014 val_acc=0.9775 val_reversal_acc=0.9659 best_val_loss=0.0648014 patience_wait=0
model-done model=random_dense seed=0 best_val_loss=0.0648014 test_acc=0.9768 test_reversal_acc=0.9650
model-start model=random_dense seed=1 runtime=dense N=11690 recurrent_params=136656100 trainable_params=137462711 init_nonzero_edges=1277773 timesteps=21
loss model=random_dense seed=1 epoch=1/100 train_loss=0.631882 val_loss=0.606024 val_acc=0.6562 val_reversal_acc=0.6615 best_val_loss=0.606024 patience_wait=0
loss model=random_dense seed=1 epoch=2/100 train_loss=0.606884 val_loss=0.602723 val_acc=0.6583 val_reversal_acc=0.6609 best_val_loss=0.602723 patience_wait=0
loss model=random_dense seed=1 epoch=3/100 train_loss=0.604771 val_loss=0.604106 val_acc=0.6581 val_reversal_acc=0.6634 best_val_loss=0.602723 patience_wait=1
loss model=random_dense seed=1 epoch=4/100 train_loss=0.604675 val_loss=0.601565 val_acc=0.6576 val_reversal_acc=0.6608 best_val_loss=0.601565 patience_wait=0
loss model=random_dense seed=1 epoch=5/100 train_loss=0.604076 val_loss=0.601108 val_acc=0.6618 val_reversal_acc=0.6630 best_val_loss=0.601108 patience_wait=0
loss model=random_dense seed=1 epoch=6/100 train_loss=0.602397 val_loss=0.600598 val_acc=0.6561 val_reversal_acc=0.6596 best_val_loss=0.600598 patience_wait=0
loss model=random_dense seed=1 epoch=7/100 train_loss=0.601052 val_loss=0.599801 val_acc=0.6591 val_reversal_acc=0.6635 best_val_loss=0.599801 patience_wait=0
loss model=random_dense seed=1 epoch=8/100 train_loss=0.599815 val_loss=0.600342 val_acc=0.6583 val_reversal_acc=0.6607 best_val_loss=0.599801 patience_wait=1
loss model=random_dense seed=1 epoch=9/100 train_loss=0.600095 val_loss=0.611763 val_acc=0.6476 val_reversal_acc=0.6404 best_val_loss=0.599801 patience_wait=2
loss model=random_dense seed=1 epoch=10/100 train_loss=0.601232 val_loss=0.59798 val_acc=0.6702 val_reversal_acc=0.6684 best_val_loss=0.59798 patience_wait=0
loss model=random_dense seed=1 epoch=11/100 train_loss=0.585661 val_loss=0.569095 val_acc=0.7007 val_reversal_acc=0.6919 best_val_loss=0.569095 patience_wait=0
loss model=random_dense seed=1 epoch=12/100 train_loss=0.5343 val_loss=0.510386 val_acc=0.7518 val_reversal_acc=0.7418 best_val_loss=0.510386 patience_wait=0
loss model=random_dense seed=1 epoch=13/100 train_loss=0.4761 val_loss=0.446269 val_acc=0.7949 val_reversal_acc=0.7759 best_val_loss=0.446269 patience_wait=0
loss model=random_dense seed=1 epoch=14/100 train_loss=0.421645 val_loss=0.413154 val_acc=0.8115 val_reversal_acc=0.7857 best_val_loss=0.413154 patience_wait=0
loss model=random_dense seed=1 epoch=15/100 train_loss=0.388672 val_loss=0.367467 val_acc=0.8423 val_reversal_acc=0.8208 best_val_loss=0.367467 patience_wait=0
loss model=random_dense seed=1 epoch=16/100 train_loss=0.361173 val_loss=0.350027 val_acc=0.8507 val_reversal_acc=0.8264 best_val_loss=0.350027 patience_wait=0
loss model=random_dense seed=1 epoch=17/100 train_loss=0.333556 val_loss=0.322077 val_acc=0.8663 val_reversal_acc=0.8422 best_val_loss=0.322077 patience_wait=0
loss model=random_dense seed=1 epoch=18/100 train_loss=0.316253 val_loss=0.310202 val_acc=0.8710 val_reversal_acc=0.8479 best_val_loss=0.310202 patience_wait=0
loss model=random_dense seed=1 epoch=19/100 train_loss=0.296125 val_loss=0.28561 val_acc=0.8849 val_reversal_acc=0.8582 best_val_loss=0.28561 patience_wait=0
loss model=random_dense seed=1 epoch=20/100 train_loss=0.277176 val_loss=0.276286 val_acc=0.8849 val_reversal_acc=0.8565 best_val_loss=0.276286 patience_wait=0
loss model=random_dense seed=1 epoch=21/100 train_loss=0.26513 val_loss=0.257774 val_acc=0.8965 val_reversal_acc=0.8730 best_val_loss=0.257774 patience_wait=0
loss model=random_dense seed=1 epoch=22/100 train_loss=0.253573 val_loss=0.257677 val_acc=0.8957 val_reversal_acc=0.8674 best_val_loss=0.257677 patience_wait=0
loss model=random_dense seed=1 epoch=23/100 train_loss=0.244402 val_loss=0.24726 val_acc=0.8996 val_reversal_acc=0.8762 best_val_loss=0.24726 patience_wait=0
loss model=random_dense seed=1 epoch=24/100 train_loss=0.236363 val_loss=0.240098 val_acc=0.9059 val_reversal_acc=0.8794 best_val_loss=0.240098 patience_wait=0
loss model=random_dense seed=1 epoch=25/100 train_loss=0.226704 val_loss=0.225032 val_acc=0.9093 val_reversal_acc=0.8844 best_val_loss=0.225032 patience_wait=0
loss model=random_dense seed=1 epoch=26/100 train_loss=0.211387 val_loss=0.229225 val_acc=0.9104 val_reversal_acc=0.8803 best_val_loss=0.225032 patience_wait=1
loss model=random_dense seed=1 epoch=27/100 train_loss=0.204542 val_loss=0.204247 val_acc=0.9212 val_reversal_acc=0.8956 best_val_loss=0.204247 patience_wait=0
loss model=random_dense seed=1 epoch=28/100 train_loss=0.192612 val_loss=0.199442 val_acc=0.9239 val_reversal_acc=0.8991 best_val_loss=0.199442 patience_wait=0
loss model=random_dense seed=1 epoch=29/100 train_loss=0.188411 val_loss=0.19469 val_acc=0.9251 val_reversal_acc=0.9026 best_val_loss=0.19469 patience_wait=0
loss model=random_dense seed=1 epoch=30/100 train_loss=0.185641 val_loss=0.193248 val_acc=0.9232 val_reversal_acc=0.8975 best_val_loss=0.193248 patience_wait=0
loss model=random_dense seed=1 epoch=31/100 train_loss=0.182017 val_loss=0.182337 val_acc=0.9318 val_reversal_acc=0.9092 best_val_loss=0.182337 patience_wait=0
loss model=random_dense seed=1 epoch=32/100 train_loss=0.180494 val_loss=0.174175 val_acc=0.9332 val_reversal_acc=0.9116 best_val_loss=0.174175 patience_wait=0
loss model=random_dense seed=1 epoch=33/100 train_loss=0.171277 val_loss=0.172699 val_acc=0.9342 val_reversal_acc=0.9104 best_val_loss=0.172699 patience_wait=0
loss model=random_dense seed=1 epoch=34/100 train_loss=0.169028 val_loss=0.181225 val_acc=0.9314 val_reversal_acc=0.9082 best_val_loss=0.172699 patience_wait=1
loss model=random_dense seed=1 epoch=35/100 train_loss=0.165306 val_loss=0.176581 val_acc=0.9332 val_reversal_acc=0.9113 best_val_loss=0.172699 patience_wait=2
loss model=random_dense seed=1 epoch=36/100 train_loss=0.162811 val_loss=0.172551 val_acc=0.9339 val_reversal_acc=0.9124 best_val_loss=0.172551 patience_wait=0
loss model=random_dense seed=1 epoch=37/100 train_loss=0.160915 val_loss=0.167678 val_acc=0.9349 val_reversal_acc=0.9122 best_val_loss=0.167678 patience_wait=0
loss model=random_dense seed=1 epoch=38/100 train_loss=0.153934 val_loss=0.158276 val_acc=0.9389 val_reversal_acc=0.9207 best_val_loss=0.158276 patience_wait=0
loss model=random_dense seed=1 epoch=39/100 train_loss=0.153002 val_loss=0.157099 val_acc=0.9402 val_reversal_acc=0.9187 best_val_loss=0.157099 patience_wait=0
loss model=random_dense seed=1 epoch=40/100 train_loss=0.147121 val_loss=0.149129 val_acc=0.9419 val_reversal_acc=0.9202 best_val_loss=0.149129 patience_wait=0
loss model=random_dense seed=1 epoch=41/100 train_loss=0.14814 val_loss=0.148276 val_acc=0.9437 val_reversal_acc=0.9236 best_val_loss=0.148276 patience_wait=0
loss model=random_dense seed=1 epoch=42/100 train_loss=0.142592 val_loss=0.140921 val_acc=0.9489 val_reversal_acc=0.9314 best_val_loss=0.140921 patience_wait=0
loss model=random_dense seed=1 epoch=43/100 train_loss=0.140259 val_loss=0.13797 val_acc=0.9465 val_reversal_acc=0.9270 best_val_loss=0.13797 patience_wait=0
loss model=random_dense seed=1 epoch=44/100 train_loss=0.137691 val_loss=0.140297 val_acc=0.9456 val_reversal_acc=0.9225 best_val_loss=0.13797 patience_wait=1
loss model=random_dense seed=1 epoch=45/100 train_loss=0.131439 val_loss=0.138281 val_acc=0.9473 val_reversal_acc=0.9264 best_val_loss=0.13797 patience_wait=2
loss model=random_dense seed=1 epoch=46/100 train_loss=0.129691 val_loss=0.134764 val_acc=0.9505 val_reversal_acc=0.9290 best_val_loss=0.134764 patience_wait=0
loss model=random_dense seed=1 epoch=47/100 train_loss=0.127339 val_loss=0.131299 val_acc=0.9514 val_reversal_acc=0.9319 best_val_loss=0.131299 patience_wait=0
loss model=random_dense seed=1 epoch=48/100 train_loss=0.119417 val_loss=0.13475 val_acc=0.9505 val_reversal_acc=0.9293 best_val_loss=0.131299 patience_wait=1
loss model=random_dense seed=1 epoch=49/100 train_loss=0.121673 val_loss=0.120218 val_acc=0.9568 val_reversal_acc=0.9404 best_val_loss=0.120218 patience_wait=0
loss model=random_dense seed=1 epoch=50/100 train_loss=0.116287 val_loss=0.115832 val_acc=0.9581 val_reversal_acc=0.9404 best_val_loss=0.115832 patience_wait=0
loss model=random_dense seed=1 epoch=51/100 train_loss=0.115695 val_loss=0.114915 val_acc=0.9570 val_reversal_acc=0.9392 best_val_loss=0.114915 patience_wait=0
loss model=random_dense seed=1 epoch=52/100 train_loss=0.111348 val_loss=0.114558 val_acc=0.9577 val_reversal_acc=0.9395 best_val_loss=0.114558 patience_wait=0
loss model=random_dense seed=1 epoch=53/100 train_loss=0.109404 val_loss=0.112017 val_acc=0.9599 val_reversal_acc=0.9430 best_val_loss=0.112017 patience_wait=0
loss model=random_dense seed=1 epoch=54/100 train_loss=0.109127 val_loss=0.121299 val_acc=0.9547 val_reversal_acc=0.9335 best_val_loss=0.112017 patience_wait=1
loss model=random_dense seed=1 epoch=55/100 train_loss=0.108475 val_loss=0.103298 val_acc=0.9623 val_reversal_acc=0.9443 best_val_loss=0.103298 patience_wait=0
loss model=random_dense seed=1 epoch=56/100 train_loss=0.104676 val_loss=0.108079 val_acc=0.9615 val_reversal_acc=0.9440 best_val_loss=0.103298 patience_wait=1
loss model=random_dense seed=1 epoch=57/100 train_loss=0.105951 val_loss=0.118843 val_acc=0.9561 val_reversal_acc=0.9339 best_val_loss=0.103298 patience_wait=2
loss model=random_dense seed=1 epoch=58/100 train_loss=0.102037 val_loss=0.0952839 val_acc=0.9648 val_reversal_acc=0.9508 best_val_loss=0.0952839 patience_wait=0
loss model=random_dense seed=1 epoch=59/100 train_loss=0.100924 val_loss=0.10255 val_acc=0.9624 val_reversal_acc=0.9447 best_val_loss=0.0952839 patience_wait=1
loss model=random_dense seed=1 epoch=60/100 train_loss=0.0973749 val_loss=0.101358 val_acc=0.9645 val_reversal_acc=0.9478 best_val_loss=0.0952839 patience_wait=2
loss model=random_dense seed=1 epoch=61/100 train_loss=0.0968554 val_loss=0.0954128 val_acc=0.9654 val_reversal_acc=0.9496 best_val_loss=0.0952839 patience_wait=3
loss model=random_dense seed=1 epoch=62/100 train_loss=0.0956074 val_loss=0.0989177 val_acc=0.9633 val_reversal_acc=0.9454 best_val_loss=0.0952839 patience_wait=4
loss model=random_dense seed=1 epoch=63/100 train_loss=0.0938166 val_loss=0.0993482 val_acc=0.9627 val_reversal_acc=0.9431 best_val_loss=0.0952839 patience_wait=5
loss model=random_dense seed=1 epoch=64/100 train_loss=0.0935476 val_loss=0.0936161 val_acc=0.9658 val_reversal_acc=0.9516 best_val_loss=0.0936161 patience_wait=0
loss model=random_dense seed=1 epoch=65/100 train_loss=0.0922321 val_loss=0.0926117 val_acc=0.9660 val_reversal_acc=0.9497 best_val_loss=0.0926117 patience_wait=0
loss model=random_dense seed=1 epoch=66/100 train_loss=0.0913293 val_loss=0.097359 val_acc=0.9638 val_reversal_acc=0.9447 best_val_loss=0.0926117 patience_wait=1
loss model=random_dense seed=1 epoch=67/100 train_loss=0.0898969 val_loss=0.0935276 val_acc=0.9669 val_reversal_acc=0.9531 best_val_loss=0.0926117 patience_wait=2
loss model=random_dense seed=1 epoch=68/100 train_loss=0.0881825 val_loss=0.0939611 val_acc=0.9655 val_reversal_acc=0.9479 best_val_loss=0.0926117 patience_wait=3
loss model=random_dense seed=1 epoch=69/100 train_loss=0.0887237 val_loss=0.0916268 val_acc=0.9673 val_reversal_acc=0.9525 best_val_loss=0.0916268 patience_wait=0
loss model=random_dense seed=1 epoch=70/100 train_loss=0.086714 val_loss=0.0914091 val_acc=0.9679 val_reversal_acc=0.9518 best_val_loss=0.0914091 patience_wait=0
loss model=random_dense seed=1 epoch=71/100 train_loss=0.0849972 val_loss=0.0833802 val_acc=0.9699 val_reversal_acc=0.9568 best_val_loss=0.0833802 patience_wait=0
loss model=random_dense seed=1 epoch=72/100 train_loss=0.0815628 val_loss=0.085521 val_acc=0.9699 val_reversal_acc=0.9565 best_val_loss=0.0833802 patience_wait=1
loss model=random_dense seed=1 epoch=73/100 train_loss=0.0804905 val_loss=0.089501 val_acc=0.9660 val_reversal_acc=0.9501 best_val_loss=0.0833802 patience_wait=2
loss model=random_dense seed=1 epoch=74/100 train_loss=0.0799381 val_loss=0.0845096 val_acc=0.9697 val_reversal_acc=0.9559 best_val_loss=0.0833802 patience_wait=3
loss model=random_dense seed=1 epoch=75/100 train_loss=0.0812759 val_loss=0.0828267 val_acc=0.9695 val_reversal_acc=0.9548 best_val_loss=0.0828267 patience_wait=0
loss model=random_dense seed=1 epoch=76/100 train_loss=0.0790025 val_loss=0.08311 val_acc=0.9689 val_reversal_acc=0.9529 best_val_loss=0.0828267 patience_wait=1
loss model=random_dense seed=1 epoch=77/100 train_loss=0.079689 val_loss=0.0864318 val_acc=0.9682 val_reversal_acc=0.9536 best_val_loss=0.0828267 patience_wait=2
loss model=random_dense seed=1 epoch=78/100 train_loss=0.078689 val_loss=0.0808857 val_acc=0.9710 val_reversal_acc=0.9566 best_val_loss=0.0808857 patience_wait=0
loss model=random_dense seed=1 epoch=79/100 train_loss=0.0746659 val_loss=0.0800578 val_acc=0.9711 val_reversal_acc=0.9560 best_val_loss=0.0800578 patience_wait=0
loss model=random_dense seed=1 epoch=80/100 train_loss=0.0760553 val_loss=0.0821966 val_acc=0.9715 val_reversal_acc=0.9576 best_val_loss=0.0800578 patience_wait=1
loss model=random_dense seed=1 epoch=81/100 train_loss=0.0735153 val_loss=0.0778254 val_acc=0.9712 val_reversal_acc=0.9579 best_val_loss=0.0778254 patience_wait=0
loss model=random_dense seed=1 epoch=82/100 train_loss=0.0766831 val_loss=0.0755372 val_acc=0.9731 val_reversal_acc=0.9599 best_val_loss=0.0755372 patience_wait=0
loss model=random_dense seed=1 epoch=83/100 train_loss=0.0752799 val_loss=0.076716 val_acc=0.9731 val_reversal_acc=0.9604 best_val_loss=0.0755372 patience_wait=1
loss model=random_dense seed=1 epoch=84/100 train_loss=0.0728744 val_loss=0.0716221 val_acc=0.9749 val_reversal_acc=0.9615 best_val_loss=0.0716221 patience_wait=0
loss model=random_dense seed=1 epoch=85/100 train_loss=0.0717557 val_loss=0.0775757 val_acc=0.9725 val_reversal_acc=0.9581 best_val_loss=0.0716221 patience_wait=1
loss model=random_dense seed=1 epoch=86/100 train_loss=0.0715654 val_loss=0.081362 val_acc=0.9707 val_reversal_acc=0.9542 best_val_loss=0.0716221 patience_wait=2
loss model=random_dense seed=1 epoch=87/100 train_loss=0.0752365 val_loss=0.0760382 val_acc=0.9725 val_reversal_acc=0.9577 best_val_loss=0.0716221 patience_wait=3
loss model=random_dense seed=1 epoch=88/100 train_loss=0.0710124 val_loss=0.0769273 val_acc=0.9729 val_reversal_acc=0.9589 best_val_loss=0.0716221 patience_wait=4
loss model=random_dense seed=1 epoch=89/100 train_loss=0.0713022 val_loss=0.0744924 val_acc=0.9746 val_reversal_acc=0.9608 best_val_loss=0.0716221 patience_wait=5
loss model=random_dense seed=1 epoch=90/100 train_loss=0.0675879 val_loss=0.0709572 val_acc=0.9755 val_reversal_acc=0.9624 best_val_loss=0.0709572 patience_wait=0
loss model=random_dense seed=1 epoch=91/100 train_loss=0.06701 val_loss=0.0739214 val_acc=0.9747 val_reversal_acc=0.9621 best_val_loss=0.0709572 patience_wait=1
loss model=random_dense seed=1 epoch=92/100 train_loss=0.0682859 val_loss=0.0766316 val_acc=0.9730 val_reversal_acc=0.9591 best_val_loss=0.0709572 patience_wait=2
loss model=random_dense seed=1 epoch=93/100 train_loss=0.0671547 val_loss=0.0726651 val_acc=0.9749 val_reversal_acc=0.9611 best_val_loss=0.0709572 patience_wait=3
loss model=random_dense seed=1 epoch=94/100 train_loss=0.0697718 val_loss=0.0663813 val_acc=0.9773 val_reversal_acc=0.9667 best_val_loss=0.0663813 patience_wait=0
loss model=random_dense seed=1 epoch=95/100 train_loss=0.0674583 val_loss=0.0773412 val_acc=0.9713 val_reversal_acc=0.9579 best_val_loss=0.0663813 patience_wait=1
loss model=random_dense seed=1 epoch=96/100 train_loss=0.0673083 val_loss=0.0740955 val_acc=0.9741 val_reversal_acc=0.9609 best_val_loss=0.0663813 patience_wait=2
loss model=random_dense seed=1 epoch=97/100 train_loss=0.0641516 val_loss=0.0674585 val_acc=0.9762 val_reversal_acc=0.9637 best_val_loss=0.0663813 patience_wait=3
loss model=random_dense seed=1 epoch=98/100 train_loss=0.063649 val_loss=0.0665458 val_acc=0.9764 val_reversal_acc=0.9642 best_val_loss=0.0663813 patience_wait=4
loss model=random_dense seed=1 epoch=99/100 train_loss=0.0663206 val_loss=0.0625962 val_acc=0.9790 val_reversal_acc=0.9685 best_val_loss=0.0625962 patience_wait=0
loss model=random_dense seed=1 epoch=100/100 train_loss=0.0621725 val_loss=0.0630033 val_acc=0.9774 val_reversal_acc=0.9663 best_val_loss=0.0625962 patience_wait=1
model-done model=random_dense seed=1 best_val_loss=0.0625962 test_acc=0.9796 test_reversal_acc=0.9693
model-start model=random_dense seed=2 runtime=dense N=11690 recurrent_params=136656100 trainable_params=137462711 init_nonzero_edges=1277773 timesteps=21
loss model=random_dense seed=2 epoch=1/100 train_loss=0.625316 val_loss=0.606256 val_acc=0.6588 val_reversal_acc=0.6557 best_val_loss=0.606256 patience_wait=0
loss model=random_dense seed=2 epoch=2/100 train_loss=0.606154 val_loss=0.600294 val_acc=0.6585 val_reversal_acc=0.6527 best_val_loss=0.600294 patience_wait=0
loss model=random_dense seed=2 epoch=3/100 train_loss=0.602863 val_loss=0.600216 val_acc=0.6594 val_reversal_acc=0.6569 best_val_loss=0.600216 patience_wait=0
loss model=random_dense seed=2 epoch=4/100 train_loss=0.603432 val_loss=0.599987 val_acc=0.6587 val_reversal_acc=0.6553 best_val_loss=0.599987 patience_wait=0
loss model=random_dense seed=2 epoch=5/100 train_loss=0.602284 val_loss=0.598842 val_acc=0.6592 val_reversal_acc=0.6538 best_val_loss=0.598842 patience_wait=0
loss model=random_dense seed=2 epoch=6/100 train_loss=0.601139 val_loss=0.599517 val_acc=0.6579 val_reversal_acc=0.6551 best_val_loss=0.598842 patience_wait=1
loss model=random_dense seed=2 epoch=7/100 train_loss=0.600179 val_loss=0.60108 val_acc=0.6598 val_reversal_acc=0.6521 best_val_loss=0.598842 patience_wait=2
loss model=random_dense seed=2 epoch=8/100 train_loss=0.600343 val_loss=0.599936 val_acc=0.6585 val_reversal_acc=0.6548 best_val_loss=0.598842 patience_wait=3
loss model=random_dense seed=2 epoch=9/100 train_loss=0.601755 val_loss=0.596433 val_acc=0.6691 val_reversal_acc=0.6663 best_val_loss=0.596433 patience_wait=0
loss model=random_dense seed=2 epoch=10/100 train_loss=0.592541 val_loss=0.574079 val_acc=0.6995 val_reversal_acc=0.6926 best_val_loss=0.574079 patience_wait=0
loss model=random_dense seed=2 epoch=11/100 train_loss=0.565582 val_loss=0.542131 val_acc=0.7236 val_reversal_acc=0.7076 best_val_loss=0.542131 patience_wait=0
loss model=random_dense seed=2 epoch=12/100 train_loss=0.521947 val_loss=0.488204 val_acc=0.7630 val_reversal_acc=0.7423 best_val_loss=0.488204 patience_wait=0
loss model=random_dense seed=2 epoch=13/100 train_loss=0.46476 val_loss=0.44536 val_acc=0.7902 val_reversal_acc=0.7646 best_val_loss=0.44536 patience_wait=0
loss model=random_dense seed=2 epoch=14/100 train_loss=0.416244 val_loss=0.395097 val_acc=0.8207 val_reversal_acc=0.7943 best_val_loss=0.395097 patience_wait=0
loss model=random_dense seed=2 epoch=15/100 train_loss=0.371566 val_loss=0.353441 val_acc=0.8496 val_reversal_acc=0.8225 best_val_loss=0.353441 patience_wait=0
loss model=random_dense seed=2 epoch=16/100 train_loss=0.347531 val_loss=0.319327 val_acc=0.8671 val_reversal_acc=0.8448 best_val_loss=0.319327 patience_wait=0
loss model=random_dense seed=2 epoch=17/100 train_loss=0.326218 val_loss=0.312715 val_acc=0.8701 val_reversal_acc=0.8436 best_val_loss=0.312715 patience_wait=0
loss model=random_dense seed=2 epoch=18/100 train_loss=0.310841 val_loss=0.292393 val_acc=0.8788 val_reversal_acc=0.8504 best_val_loss=0.292393 patience_wait=0
loss model=random_dense seed=2 epoch=19/100 train_loss=0.293318 val_loss=0.281367 val_acc=0.8854 val_reversal_acc=0.8576 best_val_loss=0.281367 patience_wait=0
loss model=random_dense seed=2 epoch=20/100 train_loss=0.276521 val_loss=0.268143 val_acc=0.8899 val_reversal_acc=0.8620 best_val_loss=0.268143 patience_wait=0
loss model=random_dense seed=2 epoch=21/100 train_loss=0.263284 val_loss=0.259801 val_acc=0.8979 val_reversal_acc=0.8694 best_val_loss=0.259801 patience_wait=0
loss model=random_dense seed=2 epoch=22/100 train_loss=0.255655 val_loss=0.242771 val_acc=0.9026 val_reversal_acc=0.8754 best_val_loss=0.242771 patience_wait=0
loss model=random_dense seed=2 epoch=23/100 train_loss=0.243483 val_loss=0.23936 val_acc=0.9052 val_reversal_acc=0.8764 best_val_loss=0.23936 patience_wait=0
loss model=random_dense seed=2 epoch=24/100 train_loss=0.231882 val_loss=0.225214 val_acc=0.9107 val_reversal_acc=0.8853 best_val_loss=0.225214 patience_wait=0
loss model=random_dense seed=2 epoch=25/100 train_loss=0.22331 val_loss=0.224097 val_acc=0.9082 val_reversal_acc=0.8785 best_val_loss=0.224097 patience_wait=0
loss model=random_dense seed=2 epoch=26/100 train_loss=0.214224 val_loss=0.216234 val_acc=0.9158 val_reversal_acc=0.8883 best_val_loss=0.216234 patience_wait=0
loss model=random_dense seed=2 epoch=27/100 train_loss=0.20911 val_loss=0.210871 val_acc=0.9204 val_reversal_acc=0.8915 best_val_loss=0.210871 patience_wait=0
loss model=random_dense seed=2 epoch=28/100 train_loss=0.200262 val_loss=0.192164 val_acc=0.9258 val_reversal_acc=0.9029 best_val_loss=0.192164 patience_wait=0
loss model=random_dense seed=2 epoch=29/100 train_loss=0.195436 val_loss=0.186884 val_acc=0.9296 val_reversal_acc=0.9066 best_val_loss=0.186884 patience_wait=0
loss model=random_dense seed=2 epoch=30/100 train_loss=0.191053 val_loss=0.18785 val_acc=0.9273 val_reversal_acc=0.9029 best_val_loss=0.186884 patience_wait=1
loss model=random_dense seed=2 epoch=31/100 train_loss=0.187192 val_loss=0.181474 val_acc=0.9308 val_reversal_acc=0.9077 best_val_loss=0.181474 patience_wait=0
loss model=random_dense seed=2 epoch=32/100 train_loss=0.18737 val_loss=0.176258 val_acc=0.9316 val_reversal_acc=0.9104 best_val_loss=0.176258 patience_wait=0
loss model=random_dense seed=2 epoch=33/100 train_loss=0.17833 val_loss=0.180539 val_acc=0.9313 val_reversal_acc=0.9068 best_val_loss=0.176258 patience_wait=1
loss model=random_dense seed=2 epoch=34/100 train_loss=0.176206 val_loss=0.173434 val_acc=0.9331 val_reversal_acc=0.9112 best_val_loss=0.173434 patience_wait=0
loss model=random_dense seed=2 epoch=35/100 train_loss=0.170638 val_loss=0.170441 val_acc=0.9346 val_reversal_acc=0.9098 best_val_loss=0.170441 patience_wait=0
loss model=random_dense seed=2 epoch=36/100 train_loss=0.166009 val_loss=0.16133 val_acc=0.9380 val_reversal_acc=0.9180 best_val_loss=0.16133 patience_wait=0
loss model=random_dense seed=2 epoch=37/100 train_loss=0.162036 val_loss=0.161388 val_acc=0.9393 val_reversal_acc=0.9185 best_val_loss=0.16133 patience_wait=1
loss model=random_dense seed=2 epoch=38/100 train_loss=0.158752 val_loss=0.150264 val_acc=0.9447 val_reversal_acc=0.9234 best_val_loss=0.150264 patience_wait=0
loss model=random_dense seed=2 epoch=39/100 train_loss=0.156686 val_loss=0.149499 val_acc=0.9436 val_reversal_acc=0.9216 best_val_loss=0.149499 patience_wait=0
loss model=random_dense seed=2 epoch=40/100 train_loss=0.153359 val_loss=0.148257 val_acc=0.9449 val_reversal_acc=0.9221 best_val_loss=0.148257 patience_wait=0
loss model=random_dense seed=2 epoch=41/100 train_loss=0.148439 val_loss=0.149147 val_acc=0.9428 val_reversal_acc=0.9191 best_val_loss=0.148257 patience_wait=1
loss model=random_dense seed=2 epoch=42/100 train_loss=0.14556 val_loss=0.141733 val_acc=0.9474 val_reversal_acc=0.9260 best_val_loss=0.141733 patience_wait=0
loss model=random_dense seed=2 epoch=43/100 train_loss=0.143184 val_loss=0.137705 val_acc=0.9497 val_reversal_acc=0.9296 best_val_loss=0.137705 patience_wait=0
loss model=random_dense seed=2 epoch=44/100 train_loss=0.136426 val_loss=0.137948 val_acc=0.9467 val_reversal_acc=0.9245 best_val_loss=0.137705 patience_wait=1
loss model=random_dense seed=2 epoch=45/100 train_loss=0.137852 val_loss=0.133038 val_acc=0.9518 val_reversal_acc=0.9297 best_val_loss=0.133038 patience_wait=0
loss model=random_dense seed=2 epoch=46/100 train_loss=0.132456 val_loss=0.125779 val_acc=0.9539 val_reversal_acc=0.9368 best_val_loss=0.125779 patience_wait=0
loss model=random_dense seed=2 epoch=47/100 train_loss=0.128694 val_loss=0.120394 val_acc=0.9557 val_reversal_acc=0.9367 best_val_loss=0.120394 patience_wait=0
loss model=random_dense seed=2 epoch=48/100 train_loss=0.123818 val_loss=0.121933 val_acc=0.9553 val_reversal_acc=0.9350 best_val_loss=0.120394 patience_wait=1
loss model=random_dense seed=2 epoch=49/100 train_loss=0.124854 val_loss=0.118105 val_acc=0.9571 val_reversal_acc=0.9378 best_val_loss=0.118105 patience_wait=0
loss model=random_dense seed=2 epoch=50/100 train_loss=0.122695 val_loss=0.114765 val_acc=0.9579 val_reversal_acc=0.9413 best_val_loss=0.114765 patience_wait=0
loss model=random_dense seed=2 epoch=51/100 train_loss=0.118241 val_loss=0.115711 val_acc=0.9561 val_reversal_acc=0.9350 best_val_loss=0.114765 patience_wait=1
loss model=random_dense seed=2 epoch=52/100 train_loss=0.116798 val_loss=0.105799 val_acc=0.9613 val_reversal_acc=0.9424 best_val_loss=0.105799 patience_wait=0
loss model=random_dense seed=2 epoch=53/100 train_loss=0.112212 val_loss=0.113323 val_acc=0.9597 val_reversal_acc=0.9411 best_val_loss=0.105799 patience_wait=1
loss model=random_dense seed=2 epoch=54/100 train_loss=0.11276 val_loss=0.11396 val_acc=0.9596 val_reversal_acc=0.9401 best_val_loss=0.105799 patience_wait=2
loss model=random_dense seed=2 epoch=55/100 train_loss=0.108821 val_loss=0.104852 val_acc=0.9630 val_reversal_acc=0.9464 best_val_loss=0.104852 patience_wait=0
loss model=random_dense seed=2 epoch=56/100 train_loss=0.108074 val_loss=0.100046 val_acc=0.9632 val_reversal_acc=0.9451 best_val_loss=0.100046 patience_wait=0
loss model=random_dense seed=2 epoch=57/100 train_loss=0.103104 val_loss=0.096996 val_acc=0.9652 val_reversal_acc=0.9503 best_val_loss=0.096996 patience_wait=0
loss model=random_dense seed=2 epoch=58/100 train_loss=0.101786 val_loss=0.101954 val_acc=0.9633 val_reversal_acc=0.9437 best_val_loss=0.096996 patience_wait=1
loss model=random_dense seed=2 epoch=59/100 train_loss=0.0996444 val_loss=0.102251 val_acc=0.9628 val_reversal_acc=0.9449 best_val_loss=0.096996 patience_wait=2
loss model=random_dense seed=2 epoch=60/100 train_loss=0.101108 val_loss=0.104334 val_acc=0.9615 val_reversal_acc=0.9405 best_val_loss=0.096996 patience_wait=3
loss model=random_dense seed=2 epoch=61/100 train_loss=0.0992966 val_loss=0.0978791 val_acc=0.9661 val_reversal_acc=0.9491 best_val_loss=0.096996 patience_wait=4
loss model=random_dense seed=2 epoch=62/100 train_loss=0.0989619 val_loss=0.0950583 val_acc=0.9660 val_reversal_acc=0.9488 best_val_loss=0.0950583 patience_wait=0
loss model=random_dense seed=2 epoch=63/100 train_loss=0.0948965 val_loss=0.0953048 val_acc=0.9660 val_reversal_acc=0.9504 best_val_loss=0.0950583 patience_wait=1
loss model=random_dense seed=2 epoch=64/100 train_loss=0.0916376 val_loss=0.0921185 val_acc=0.9674 val_reversal_acc=0.9516 best_val_loss=0.0921185 patience_wait=0
loss model=random_dense seed=2 epoch=65/100 train_loss=0.0885723 val_loss=0.0883378 val_acc=0.9676 val_reversal_acc=0.9503 best_val_loss=0.0883378 patience_wait=0
loss model=random_dense seed=2 epoch=66/100 train_loss=0.0934049 val_loss=0.0906859 val_acc=0.9678 val_reversal_acc=0.9514 best_val_loss=0.0883378 patience_wait=1
loss model=random_dense seed=2 epoch=67/100 train_loss=0.0901831 val_loss=0.0833596 val_acc=0.9699 val_reversal_acc=0.9576 best_val_loss=0.0833596 patience_wait=0
loss model=random_dense seed=2 epoch=68/100 train_loss=0.0903346 val_loss=0.0872437 val_acc=0.9679 val_reversal_acc=0.9510 best_val_loss=0.0833596 patience_wait=1
loss model=random_dense seed=2 epoch=69/100 train_loss=0.0892581 val_loss=0.0888187 val_acc=0.9689 val_reversal_acc=0.9531 best_val_loss=0.0833596 patience_wait=2
loss model=random_dense seed=2 epoch=70/100 train_loss=0.0864296 val_loss=0.0830425 val_acc=0.9693 val_reversal_acc=0.9523 best_val_loss=0.0830425 patience_wait=0
loss model=random_dense seed=2 epoch=71/100 train_loss=0.0844634 val_loss=0.0849323 val_acc=0.9698 val_reversal_acc=0.9540 best_val_loss=0.0830425 patience_wait=1
loss model=random_dense seed=2 epoch=72/100 train_loss=0.0838157 val_loss=0.0748096 val_acc=0.9744 val_reversal_acc=0.9616 best_val_loss=0.0748096 patience_wait=0
loss model=random_dense seed=2 epoch=73/100 train_loss=0.0863632 val_loss=0.0810942 val_acc=0.9718 val_reversal_acc=0.9574 best_val_loss=0.0748096 patience_wait=1
loss model=random_dense seed=2 epoch=74/100 train_loss=0.0839143 val_loss=0.0811396 val_acc=0.9710 val_reversal_acc=0.9538 best_val_loss=0.0748096 patience_wait=2
loss model=random_dense seed=2 epoch=75/100 train_loss=0.0814012 val_loss=0.0804588 val_acc=0.9717 val_reversal_acc=0.9563 best_val_loss=0.0748096 patience_wait=3
loss model=random_dense seed=2 epoch=76/100 train_loss=0.0817132 val_loss=0.0737546 val_acc=0.9740 val_reversal_acc=0.9616 best_val_loss=0.0737546 patience_wait=0
loss model=random_dense seed=2 epoch=77/100 train_loss=0.0793722 val_loss=0.0787967 val_acc=0.9732 val_reversal_acc=0.9578 best_val_loss=0.0737546 patience_wait=1
loss model=random_dense seed=2 epoch=78/100 train_loss=0.0779014 val_loss=0.076966 val_acc=0.9730 val_reversal_acc=0.9578 best_val_loss=0.0737546 patience_wait=2
loss model=random_dense seed=2 epoch=79/100 train_loss=0.0774973 val_loss=0.0776141 val_acc=0.9738 val_reversal_acc=0.9607 best_val_loss=0.0737546 patience_wait=3
loss model=random_dense seed=2 epoch=80/100 train_loss=0.0730308 val_loss=0.0774157 val_acc=0.9730 val_reversal_acc=0.9579 best_val_loss=0.0737546 patience_wait=4
loss model=random_dense seed=2 epoch=81/100 train_loss=0.0764849 val_loss=0.0688414 val_acc=0.9765 val_reversal_acc=0.9643 best_val_loss=0.0688414 patience_wait=0
loss model=random_dense seed=2 epoch=82/100 train_loss=0.0756937 val_loss=0.0713493 val_acc=0.9756 val_reversal_acc=0.9632 best_val_loss=0.0688414 patience_wait=1
loss model=random_dense seed=2 epoch=83/100 train_loss=0.075901 val_loss=0.0854659 val_acc=0.9701 val_reversal_acc=0.9546 best_val_loss=0.0688414 patience_wait=2
loss model=random_dense seed=2 epoch=84/100 train_loss=0.0740353 val_loss=0.0720855 val_acc=0.9757 val_reversal_acc=0.9625 best_val_loss=0.0688414 patience_wait=3
loss model=random_dense seed=2 epoch=85/100 train_loss=0.0737915 val_loss=0.0793794 val_acc=0.9714 val_reversal_acc=0.9559 best_val_loss=0.0688414 patience_wait=4
loss model=random_dense seed=2 epoch=86/100 train_loss=0.0733185 val_loss=0.0729594 val_acc=0.9747 val_reversal_acc=0.9618 best_val_loss=0.0688414 patience_wait=5
loss model=random_dense seed=2 epoch=87/100 train_loss=0.0719973 val_loss=0.0780564 val_acc=0.9712 val_reversal_acc=0.9544 best_val_loss=0.0688414 patience_wait=6
loss model=random_dense seed=2 epoch=88/100 train_loss=0.0728993 val_loss=0.0735508 val_acc=0.9740 val_reversal_acc=0.9595 best_val_loss=0.0688414 patience_wait=7
loss model=random_dense seed=2 epoch=89/100 train_loss=0.0701706 val_loss=0.072109 val_acc=0.9741 val_reversal_acc=0.9591 best_val_loss=0.0688414 patience_wait=8
loss model=random_dense seed=2 epoch=90/100 train_loss=0.0732685 val_loss=0.0682478 val_acc=0.9758 val_reversal_acc=0.9628 best_val_loss=0.0682478 patience_wait=0
loss model=random_dense seed=2 epoch=91/100 train_loss=0.0723163 val_loss=0.0654907 val_acc=0.9771 val_reversal_acc=0.9642 best_val_loss=0.0654907 patience_wait=0
loss model=random_dense seed=2 epoch=92/100 train_loss=0.0705599 val_loss=0.0736359 val_acc=0.9734 val_reversal_acc=0.9594 best_val_loss=0.0654907 patience_wait=1
loss model=random_dense seed=2 epoch=93/100 train_loss=0.0721371 val_loss=0.0671907 val_acc=0.9777 val_reversal_acc=0.9673 best_val_loss=0.0654907 patience_wait=2
loss model=random_dense seed=2 epoch=94/100 train_loss=0.0686615 val_loss=0.0702557 val_acc=0.9766 val_reversal_acc=0.9622 best_val_loss=0.0654907 patience_wait=3
loss model=random_dense seed=2 epoch=95/100 train_loss=0.0674346 val_loss=0.0632209 val_acc=0.9792 val_reversal_acc=0.9671 best_val_loss=0.0632209 patience_wait=0
loss model=random_dense seed=2 epoch=96/100 train_loss=0.0679668 val_loss=0.0636244 val_acc=0.9780 val_reversal_acc=0.9659 best_val_loss=0.0632209 patience_wait=1
loss model=random_dense seed=2 epoch=97/100 train_loss=0.0655711 val_loss=0.0625324 val_acc=0.9786 val_reversal_acc=0.9673 best_val_loss=0.0625324 patience_wait=0
loss model=random_dense seed=2 epoch=98/100 train_loss=0.064859 val_loss=0.067025 val_acc=0.9764 val_reversal_acc=0.9641 best_val_loss=0.0625324 patience_wait=1
loss model=random_dense seed=2 epoch=99/100 train_loss=0.0649754 val_loss=0.0738761 val_acc=0.9746 val_reversal_acc=0.9586 best_val_loss=0.0625324 patience_wait=2
loss model=random_dense seed=2 epoch=100/100 train_loss=0.0658733 val_loss=0.0636513 val_acc=0.9785 val_reversal_acc=0.9667 best_val_loss=0.0625324 patience_wait=3
model-done model=random_dense seed=2 best_val_loss=0.0625324 test_acc=0.9770 test_reversal_acc=0.9656
complete metrics=/home/ec2-user/pathintegrationBPU/outputs/mb_assoc_dense_only_lr1e4_3seed_100ep/metrics_by_seed.csv figures=/home/ec2-user/pathintegrationBPU/outputs/mb_assoc_dense_only_lr1e4_3seed_100ep/associative_accuracy.png,/home/ec2-user/pathintegrationBPU/outputs/mb_assoc_dense_only_lr1e4_3seed_100ep/associative_loss.png
