run-start task=odor_valence_associative_reversal output_dir=/home/ubuntu/pathintegrationBPU/outputs/mb_associative_learning_seed0_60ep matrix=/home/ubuntu/pathintegrationBPU/outputs/hemibrain_mushroom_body_plume/adjacency_unsigned.npz device=cuda
data-ready N=11690 edges=1277773 input_dim=67 timesteps=21 models=hemibrain_seeded,random_sparse,weight_shuffle
model-start model=hemibrain_seeded seed=0 runtime=sparse N=11690 recurrent_params=1277773 trainable_params=2084384 timesteps=21
loss model=hemibrain_seeded seed=0 epoch=1/60 train_loss=0.632026 val_loss=0.603788 val_acc=0.6583 val_reversal_acc=0.6594 best_val_loss=0.603788 patience_wait=0
loss model=hemibrain_seeded seed=0 epoch=2/60 train_loss=0.603978 val_loss=0.600374 val_acc=0.6601 val_reversal_acc=0.6633 best_val_loss=0.600374 patience_wait=0
loss model=hemibrain_seeded seed=0 epoch=3/60 train_loss=0.602819 val_loss=0.600099 val_acc=0.6597 val_reversal_acc=0.6615 best_val_loss=0.600099 patience_wait=0
loss model=hemibrain_seeded seed=0 epoch=4/60 train_loss=0.594561 val_loss=0.53288 val_acc=0.7297 val_reversal_acc=0.7204 best_val_loss=0.53288 patience_wait=0
loss model=hemibrain_seeded seed=0 epoch=5/60 train_loss=0.413615 val_loss=0.345229 val_acc=0.8462 val_reversal_acc=0.8318 best_val_loss=0.345229 patience_wait=0
loss model=hemibrain_seeded seed=0 epoch=6/60 train_loss=0.301064 val_loss=0.256383 val_acc=0.8919 val_reversal_acc=0.8779 best_val_loss=0.256383 patience_wait=0
loss model=hemibrain_seeded seed=0 epoch=7/60 train_loss=0.219798 val_loss=0.186128 val_acc=0.9256 val_reversal_acc=0.9109 best_val_loss=0.186128 patience_wait=0
loss model=hemibrain_seeded seed=0 epoch=8/60 train_loss=0.167285 val_loss=0.143341 val_acc=0.9439 val_reversal_acc=0.9314 best_val_loss=0.143341 patience_wait=0
loss model=hemibrain_seeded seed=0 epoch=9/60 train_loss=0.133919 val_loss=0.117477 val_acc=0.9562 val_reversal_acc=0.9462 best_val_loss=0.117477 patience_wait=0
loss model=hemibrain_seeded seed=0 epoch=10/60 train_loss=0.113154 val_loss=0.104195 val_acc=0.9605 val_reversal_acc=0.9481 best_val_loss=0.104195 patience_wait=0
loss model=hemibrain_seeded seed=0 epoch=11/60 train_loss=0.0930577 val_loss=0.0856958 val_acc=0.9678 val_reversal_acc=0.9579 best_val_loss=0.0856958 patience_wait=0
loss model=hemibrain_seeded seed=0 epoch=12/60 train_loss=0.0844591 val_loss=0.0787651 val_acc=0.9708 val_reversal_acc=0.9615 best_val_loss=0.0787651 patience_wait=0
loss model=hemibrain_seeded seed=0 epoch=13/60 train_loss=0.0757726 val_loss=0.071014 val_acc=0.9739 val_reversal_acc=0.9645 best_val_loss=0.071014 patience_wait=0
loss model=hemibrain_seeded seed=0 epoch=14/60 train_loss=0.0670319 val_loss=0.062958 val_acc=0.9770 val_reversal_acc=0.9682 best_val_loss=0.062958 patience_wait=0
loss model=hemibrain_seeded seed=0 epoch=15/60 train_loss=0.0631178 val_loss=0.0570114 val_acc=0.9784 val_reversal_acc=0.9701 best_val_loss=0.0570114 patience_wait=0
loss model=hemibrain_seeded seed=0 epoch=16/60 train_loss=0.0597941 val_loss=0.0560154 val_acc=0.9790 val_reversal_acc=0.9707 best_val_loss=0.0560154 patience_wait=0
loss model=hemibrain_seeded seed=0 epoch=17/60 train_loss=0.0506872 val_loss=0.0470181 val_acc=0.9825 val_reversal_acc=0.9758 best_val_loss=0.0470181 patience_wait=0
loss model=hemibrain_seeded seed=0 epoch=18/60 train_loss=0.0478661 val_loss=0.0433263 val_acc=0.9840 val_reversal_acc=0.9771 best_val_loss=0.0433263 patience_wait=0
loss model=hemibrain_seeded seed=0 epoch=19/60 train_loss=0.0451845 val_loss=0.0422168 val_acc=0.9840 val_reversal_acc=0.9775 best_val_loss=0.0422168 patience_wait=0
loss model=hemibrain_seeded seed=0 epoch=20/60 train_loss=0.0422292 val_loss=0.0411445 val_acc=0.9850 val_reversal_acc=0.9779 best_val_loss=0.0411445 patience_wait=0
loss model=hemibrain_seeded seed=0 epoch=21/60 train_loss=0.0373168 val_loss=0.0336623 val_acc=0.9881 val_reversal_acc=0.9820 best_val_loss=0.0336623 patience_wait=0
loss model=hemibrain_seeded seed=0 epoch=22/60 train_loss=0.0327317 val_loss=0.0348258 val_acc=0.9871 val_reversal_acc=0.9803 best_val_loss=0.0336623 patience_wait=1
loss model=hemibrain_seeded seed=0 epoch=23/60 train_loss=0.0328504 val_loss=0.0297962 val_acc=0.9896 val_reversal_acc=0.9841 best_val_loss=0.0297962 patience_wait=0
loss model=hemibrain_seeded seed=0 epoch=24/60 train_loss=0.0310563 val_loss=0.0321537 val_acc=0.9881 val_reversal_acc=0.9814 best_val_loss=0.0297962 patience_wait=1
loss model=hemibrain_seeded seed=0 epoch=25/60 train_loss=0.0301636 val_loss=0.0276833 val_acc=0.9900 val_reversal_acc=0.9846 best_val_loss=0.0276833 patience_wait=0
loss model=hemibrain_seeded seed=0 epoch=26/60 train_loss=0.0264489 val_loss=0.0235532 val_acc=0.9922 val_reversal_acc=0.9873 best_val_loss=0.0235532 patience_wait=0
loss model=hemibrain_seeded seed=0 epoch=27/60 train_loss=0.0265751 val_loss=0.0251342 val_acc=0.9913 val_reversal_acc=0.9863 best_val_loss=0.0235532 patience_wait=1
loss model=hemibrain_seeded seed=0 epoch=28/60 train_loss=0.0251264 val_loss=0.0248558 val_acc=0.9912 val_reversal_acc=0.9860 best_val_loss=0.0235532 patience_wait=2
loss model=hemibrain_seeded seed=0 epoch=29/60 train_loss=0.0219282 val_loss=0.022415 val_acc=0.9918 val_reversal_acc=0.9868 best_val_loss=0.022415 patience_wait=0
loss model=hemibrain_seeded seed=0 epoch=30/60 train_loss=0.0226129 val_loss=0.0212334 val_acc=0.9927 val_reversal_acc=0.9880 best_val_loss=0.0212334 patience_wait=0
loss model=hemibrain_seeded seed=0 epoch=31/60 train_loss=0.0219713 val_loss=0.0206355 val_acc=0.9926 val_reversal_acc=0.9883 best_val_loss=0.0206355 patience_wait=0
loss model=hemibrain_seeded seed=0 epoch=32/60 train_loss=0.0207764 val_loss=0.0200821 val_acc=0.9927 val_reversal_acc=0.9880 best_val_loss=0.0200821 patience_wait=0
loss model=hemibrain_seeded seed=0 epoch=33/60 train_loss=0.0206392 val_loss=0.0150765 val_acc=0.9949 val_reversal_acc=0.9920 best_val_loss=0.0150765 patience_wait=0
loss model=hemibrain_seeded seed=0 epoch=34/60 train_loss=0.0198073 val_loss=0.0156027 val_acc=0.9946 val_reversal_acc=0.9915 best_val_loss=0.0150765 patience_wait=1
loss model=hemibrain_seeded seed=0 epoch=35/60 train_loss=0.020083 val_loss=0.0209817 val_acc=0.9923 val_reversal_acc=0.9867 best_val_loss=0.0150765 patience_wait=2
loss model=hemibrain_seeded seed=0 epoch=36/60 train_loss=0.0187074 val_loss=0.01657 val_acc=0.9937 val_reversal_acc=0.9900 best_val_loss=0.0150765 patience_wait=3
loss model=hemibrain_seeded seed=0 epoch=37/60 train_loss=0.0165871 val_loss=0.0150422 val_acc=0.9943 val_reversal_acc=0.9910 best_val_loss=0.0150422 patience_wait=0
loss model=hemibrain_seeded seed=0 epoch=38/60 train_loss=0.0178857 val_loss=0.0177355 val_acc=0.9940 val_reversal_acc=0.9898 best_val_loss=0.0150422 patience_wait=1
loss model=hemibrain_seeded seed=0 epoch=39/60 train_loss=0.0175847 val_loss=0.0152628 val_acc=0.9944 val_reversal_acc=0.9908 best_val_loss=0.0150422 patience_wait=2
loss model=hemibrain_seeded seed=0 epoch=40/60 train_loss=0.0165336 val_loss=0.0175349 val_acc=0.9935 val_reversal_acc=0.9887 best_val_loss=0.0150422 patience_wait=3
loss model=hemibrain_seeded seed=0 epoch=41/60 train_loss=0.0153193 val_loss=0.0147181 val_acc=0.9944 val_reversal_acc=0.9906 best_val_loss=0.0147181 patience_wait=0
loss model=hemibrain_seeded seed=0 epoch=42/60 train_loss=0.0147161 val_loss=0.0164603 val_acc=0.9941 val_reversal_acc=0.9902 best_val_loss=0.0147181 patience_wait=1
loss model=hemibrain_seeded seed=0 epoch=43/60 train_loss=0.0155417 val_loss=0.0131668 val_acc=0.9953 val_reversal_acc=0.9921 best_val_loss=0.0131668 patience_wait=0
loss model=hemibrain_seeded seed=0 epoch=44/60 train_loss=0.0149922 val_loss=0.0156515 val_acc=0.9944 val_reversal_acc=0.9908 best_val_loss=0.0131668 patience_wait=1
loss model=hemibrain_seeded seed=0 epoch=45/60 train_loss=0.0141327 val_loss=0.0155919 val_acc=0.9941 val_reversal_acc=0.9897 best_val_loss=0.0131668 patience_wait=2
loss model=hemibrain_seeded seed=0 epoch=46/60 train_loss=0.0129004 val_loss=0.0125997 val_acc=0.9959 val_reversal_acc=0.9930 best_val_loss=0.0125997 patience_wait=0
loss model=hemibrain_seeded seed=0 epoch=47/60 train_loss=0.0142074 val_loss=0.0127876 val_acc=0.9955 val_reversal_acc=0.9923 best_val_loss=0.0125997 patience_wait=1
loss model=hemibrain_seeded seed=0 epoch=48/60 train_loss=0.0150878 val_loss=0.0141013 val_acc=0.9949 val_reversal_acc=0.9913 best_val_loss=0.0125997 patience_wait=2
loss model=hemibrain_seeded seed=0 epoch=49/60 train_loss=0.0127775 val_loss=0.0149875 val_acc=0.9944 val_reversal_acc=0.9901 best_val_loss=0.0125997 patience_wait=3
loss model=hemibrain_seeded seed=0 epoch=50/60 train_loss=0.0133736 val_loss=0.0128725 val_acc=0.9955 val_reversal_acc=0.9924 best_val_loss=0.0125997 patience_wait=4
loss model=hemibrain_seeded seed=0 epoch=51/60 train_loss=0.0140106 val_loss=0.010088 val_acc=0.9965 val_reversal_acc=0.9943 best_val_loss=0.010088 patience_wait=0
loss model=hemibrain_seeded seed=0 epoch=52/60 train_loss=0.0129686 val_loss=0.0135245 val_acc=0.9953 val_reversal_acc=0.9921 best_val_loss=0.010088 patience_wait=1
loss model=hemibrain_seeded seed=0 epoch=53/60 train_loss=0.0124921 val_loss=0.0112627 val_acc=0.9963 val_reversal_acc=0.9939 best_val_loss=0.010088 patience_wait=2
loss model=hemibrain_seeded seed=0 epoch=54/60 train_loss=0.012029 val_loss=0.0114243 val_acc=0.9956 val_reversal_acc=0.9930 best_val_loss=0.010088 patience_wait=3
loss model=hemibrain_seeded seed=0 epoch=55/60 train_loss=0.0112658 val_loss=0.0123333 val_acc=0.9958 val_reversal_acc=0.9930 best_val_loss=0.010088 patience_wait=4
loss model=hemibrain_seeded seed=0 epoch=56/60 train_loss=0.0120573 val_loss=0.00996007 val_acc=0.9963 val_reversal_acc=0.9936 best_val_loss=0.00996007 patience_wait=0
loss model=hemibrain_seeded seed=0 epoch=57/60 train_loss=0.011389 val_loss=0.0151312 val_acc=0.9943 val_reversal_acc=0.9904 best_val_loss=0.00996007 patience_wait=1
loss model=hemibrain_seeded seed=0 epoch=58/60 train_loss=0.0120253 val_loss=0.012605 val_acc=0.9958 val_reversal_acc=0.9923 best_val_loss=0.00996007 patience_wait=2
loss model=hemibrain_seeded seed=0 epoch=59/60 train_loss=0.0117662 val_loss=0.0106957 val_acc=0.9962 val_reversal_acc=0.9932 best_val_loss=0.00996007 patience_wait=3
loss model=hemibrain_seeded seed=0 epoch=60/60 train_loss=0.0113266 val_loss=0.0119313 val_acc=0.9955 val_reversal_acc=0.9926 best_val_loss=0.00996007 patience_wait=4
model-done model=hemibrain_seeded seed=0 best_val_loss=0.00996007 test_acc=0.9966 test_reversal_acc=0.9946
model-start model=random_sparse seed=0 runtime=sparse N=11690 recurrent_params=1277773 trainable_params=2084384 timesteps=21
loss model=random_sparse seed=0 epoch=1/60 train_loss=0.642416 val_loss=0.61123 val_acc=0.6589 val_reversal_acc=0.6617 best_val_loss=0.61123 patience_wait=0
loss model=random_sparse seed=0 epoch=2/60 train_loss=0.609719 val_loss=0.603253 val_acc=0.6584 val_reversal_acc=0.6612 best_val_loss=0.603253 patience_wait=0
loss model=random_sparse seed=0 epoch=3/60 train_loss=0.605015 val_loss=0.601802 val_acc=0.6580 val_reversal_acc=0.6602 best_val_loss=0.601802 patience_wait=0
loss model=random_sparse seed=0 epoch=4/60 train_loss=0.602747 val_loss=0.599551 val_acc=0.6628 val_reversal_acc=0.6628 best_val_loss=0.599551 patience_wait=0
loss model=random_sparse seed=0 epoch=5/60 train_loss=0.602133 val_loss=0.600021 val_acc=0.6587 val_reversal_acc=0.6596 best_val_loss=0.599551 patience_wait=1
loss model=random_sparse seed=0 epoch=6/60 train_loss=0.601223 val_loss=0.598797 val_acc=0.6616 val_reversal_acc=0.6639 best_val_loss=0.598797 patience_wait=0
loss model=random_sparse seed=0 epoch=7/60 train_loss=0.600318 val_loss=0.599034 val_acc=0.6606 val_reversal_acc=0.6624 best_val_loss=0.598797 patience_wait=1
loss model=random_sparse seed=0 epoch=8/60 train_loss=0.599458 val_loss=0.596341 val_acc=0.6672 val_reversal_acc=0.6716 best_val_loss=0.596341 patience_wait=0
loss model=random_sparse seed=0 epoch=9/60 train_loss=0.575676 val_loss=0.535794 val_acc=0.7200 val_reversal_acc=0.7166 best_val_loss=0.535794 patience_wait=0
loss model=random_sparse seed=0 epoch=10/60 train_loss=0.50201 val_loss=0.446705 val_acc=0.7810 val_reversal_acc=0.7747 best_val_loss=0.446705 patience_wait=0
loss model=random_sparse seed=0 epoch=11/60 train_loss=0.400105 val_loss=0.357389 val_acc=0.8359 val_reversal_acc=0.8219 best_val_loss=0.357389 patience_wait=0
loss model=random_sparse seed=0 epoch=12/60 train_loss=0.318468 val_loss=0.281696 val_acc=0.8778 val_reversal_acc=0.8605 best_val_loss=0.281696 patience_wait=0
loss model=random_sparse seed=0 epoch=13/60 train_loss=0.271766 val_loss=0.263545 val_acc=0.8869 val_reversal_acc=0.8736 best_val_loss=0.263545 patience_wait=0
loss model=random_sparse seed=0 epoch=14/60 train_loss=0.254117 val_loss=0.243015 val_acc=0.8956 val_reversal_acc=0.8851 best_val_loss=0.243015 patience_wait=0
loss model=random_sparse seed=0 epoch=15/60 train_loss=0.238763 val_loss=0.227507 val_acc=0.9036 val_reversal_acc=0.8919 best_val_loss=0.227507 patience_wait=0
loss model=random_sparse seed=0 epoch=16/60 train_loss=0.220429 val_loss=0.206033 val_acc=0.9141 val_reversal_acc=0.9029 best_val_loss=0.206033 patience_wait=0
loss model=random_sparse seed=0 epoch=17/60 train_loss=0.208046 val_loss=0.203869 val_acc=0.9154 val_reversal_acc=0.9020 best_val_loss=0.203869 patience_wait=0
loss model=random_sparse seed=0 epoch=18/60 train_loss=0.196768 val_loss=0.186045 val_acc=0.9240 val_reversal_acc=0.9101 best_val_loss=0.186045 patience_wait=0
loss model=random_sparse seed=0 epoch=19/60 train_loss=0.182278 val_loss=0.175385 val_acc=0.9292 val_reversal_acc=0.9143 best_val_loss=0.175385 patience_wait=0
loss model=random_sparse seed=0 epoch=20/60 train_loss=0.166119 val_loss=0.157403 val_acc=0.9372 val_reversal_acc=0.9215 best_val_loss=0.157403 patience_wait=0
loss model=random_sparse seed=0 epoch=21/60 train_loss=0.149544 val_loss=0.143709 val_acc=0.9425 val_reversal_acc=0.9284 best_val_loss=0.143709 patience_wait=0
loss model=random_sparse seed=0 epoch=22/60 train_loss=0.137767 val_loss=0.131471 val_acc=0.9472 val_reversal_acc=0.9319 best_val_loss=0.131471 patience_wait=0
loss model=random_sparse seed=0 epoch=23/60 train_loss=0.132003 val_loss=0.134783 val_acc=0.9472 val_reversal_acc=0.9319 best_val_loss=0.131471 patience_wait=1
loss model=random_sparse seed=0 epoch=24/60 train_loss=0.129531 val_loss=0.118574 val_acc=0.9536 val_reversal_acc=0.9406 best_val_loss=0.118574 patience_wait=0
loss model=random_sparse seed=0 epoch=25/60 train_loss=0.119307 val_loss=0.115078 val_acc=0.9550 val_reversal_acc=0.9435 best_val_loss=0.115078 patience_wait=0
loss model=random_sparse seed=0 epoch=26/60 train_loss=0.118199 val_loss=0.123685 val_acc=0.9513 val_reversal_acc=0.9354 best_val_loss=0.115078 patience_wait=1
loss model=random_sparse seed=0 epoch=27/60 train_loss=0.116648 val_loss=0.108756 val_acc=0.9574 val_reversal_acc=0.9446 best_val_loss=0.108756 patience_wait=0
loss model=random_sparse seed=0 epoch=28/60 train_loss=0.107769 val_loss=0.10058 val_acc=0.9610 val_reversal_acc=0.9484 best_val_loss=0.10058 patience_wait=0
loss model=random_sparse seed=0 epoch=29/60 train_loss=0.103769 val_loss=0.101623 val_acc=0.9613 val_reversal_acc=0.9490 best_val_loss=0.10058 patience_wait=1
loss model=random_sparse seed=0 epoch=30/60 train_loss=0.100985 val_loss=0.0990446 val_acc=0.9622 val_reversal_acc=0.9488 best_val_loss=0.0990446 patience_wait=0
loss model=random_sparse seed=0 epoch=31/60 train_loss=0.0975453 val_loss=0.0918846 val_acc=0.9658 val_reversal_acc=0.9542 best_val_loss=0.0918846 patience_wait=0
loss model=random_sparse seed=0 epoch=32/60 train_loss=0.0964965 val_loss=0.0871324 val_acc=0.9668 val_reversal_acc=0.9553 best_val_loss=0.0871324 patience_wait=0
loss model=random_sparse seed=0 epoch=33/60 train_loss=0.091213 val_loss=0.0811744 val_acc=0.9689 val_reversal_acc=0.9584 best_val_loss=0.0811744 patience_wait=0
loss model=random_sparse seed=0 epoch=34/60 train_loss=0.0875612 val_loss=0.0849304 val_acc=0.9690 val_reversal_acc=0.9576 best_val_loss=0.0811744 patience_wait=1
loss model=random_sparse seed=0 epoch=35/60 train_loss=0.0857018 val_loss=0.0812454 val_acc=0.9688 val_reversal_acc=0.9573 best_val_loss=0.0811744 patience_wait=2
loss model=random_sparse seed=0 epoch=36/60 train_loss=0.0805251 val_loss=0.0759042 val_acc=0.9717 val_reversal_acc=0.9608 best_val_loss=0.0759042 patience_wait=0
loss model=random_sparse seed=0 epoch=37/60 train_loss=0.0765746 val_loss=0.0699326 val_acc=0.9744 val_reversal_acc=0.9644 best_val_loss=0.0699326 patience_wait=0
loss model=random_sparse seed=0 epoch=38/60 train_loss=0.0755711 val_loss=0.0730455 val_acc=0.9723 val_reversal_acc=0.9606 best_val_loss=0.0699326 patience_wait=1
loss model=random_sparse seed=0 epoch=39/60 train_loss=0.0734448 val_loss=0.0730863 val_acc=0.9726 val_reversal_acc=0.9605 best_val_loss=0.0699326 patience_wait=2
loss model=random_sparse seed=0 epoch=40/60 train_loss=0.0708691 val_loss=0.0683908 val_acc=0.9744 val_reversal_acc=0.9635 best_val_loss=0.0683908 patience_wait=0
loss model=random_sparse seed=0 epoch=41/60 train_loss=0.0682486 val_loss=0.071106 val_acc=0.9738 val_reversal_acc=0.9618 best_val_loss=0.0683908 patience_wait=1
loss model=random_sparse seed=0 epoch=42/60 train_loss=0.068094 val_loss=0.06676 val_acc=0.9744 val_reversal_acc=0.9626 best_val_loss=0.06676 patience_wait=0
loss model=random_sparse seed=0 epoch=43/60 train_loss=0.063658 val_loss=0.0636176 val_acc=0.9760 val_reversal_acc=0.9649 best_val_loss=0.0636176 patience_wait=0
loss model=random_sparse seed=0 epoch=44/60 train_loss=0.0641741 val_loss=0.0691009 val_acc=0.9736 val_reversal_acc=0.9602 best_val_loss=0.0636176 patience_wait=1
loss model=random_sparse seed=0 epoch=45/60 train_loss=0.0615432 val_loss=0.0559239 val_acc=0.9789 val_reversal_acc=0.9707 best_val_loss=0.0559239 patience_wait=0
loss model=random_sparse seed=0 epoch=46/60 train_loss=0.059986 val_loss=0.0688894 val_acc=0.9737 val_reversal_acc=0.9610 best_val_loss=0.0559239 patience_wait=1
loss model=random_sparse seed=0 epoch=47/60 train_loss=0.0586433 val_loss=0.0550444 val_acc=0.9801 val_reversal_acc=0.9713 best_val_loss=0.0550444 patience_wait=0
loss model=random_sparse seed=0 epoch=48/60 train_loss=0.0553444 val_loss=0.0601738 val_acc=0.9779 val_reversal_acc=0.9674 best_val_loss=0.0550444 patience_wait=1
loss model=random_sparse seed=0 epoch=49/60 train_loss=0.0531788 val_loss=0.050282 val_acc=0.9811 val_reversal_acc=0.9719 best_val_loss=0.050282 patience_wait=0
loss model=random_sparse seed=0 epoch=50/60 train_loss=0.054418 val_loss=0.0548399 val_acc=0.9797 val_reversal_acc=0.9696 best_val_loss=0.050282 patience_wait=1
loss model=random_sparse seed=0 epoch=51/60 train_loss=0.0523927 val_loss=0.050651 val_acc=0.9815 val_reversal_acc=0.9723 best_val_loss=0.050282 patience_wait=2
loss model=random_sparse seed=0 epoch=52/60 train_loss=0.0500779 val_loss=0.050332 val_acc=0.9811 val_reversal_acc=0.9722 best_val_loss=0.050282 patience_wait=3
loss model=random_sparse seed=0 epoch=53/60 train_loss=0.0507077 val_loss=0.0490494 val_acc=0.9819 val_reversal_acc=0.9723 best_val_loss=0.0490494 patience_wait=0
loss model=random_sparse seed=0 epoch=54/60 train_loss=0.0484955 val_loss=0.0464471 val_acc=0.9832 val_reversal_acc=0.9742 best_val_loss=0.0464471 patience_wait=0
loss model=random_sparse seed=0 epoch=55/60 train_loss=0.047345 val_loss=0.0498422 val_acc=0.9819 val_reversal_acc=0.9719 best_val_loss=0.0464471 patience_wait=1
loss model=random_sparse seed=0 epoch=56/60 train_loss=0.0458317 val_loss=0.0434268 val_acc=0.9840 val_reversal_acc=0.9755 best_val_loss=0.0434268 patience_wait=0
loss model=random_sparse seed=0 epoch=57/60 train_loss=0.0451334 val_loss=0.0456088 val_acc=0.9827 val_reversal_acc=0.9730 best_val_loss=0.0434268 patience_wait=1
loss model=random_sparse seed=0 epoch=58/60 train_loss=0.043697 val_loss=0.0437449 val_acc=0.9838 val_reversal_acc=0.9751 best_val_loss=0.0434268 patience_wait=2
loss model=random_sparse seed=0 epoch=59/60 train_loss=0.0422912 val_loss=0.0393028 val_acc=0.9854 val_reversal_acc=0.9776 best_val_loss=0.0393028 patience_wait=0
loss model=random_sparse seed=0 epoch=60/60 train_loss=0.041279 val_loss=0.039356 val_acc=0.9859 val_reversal_acc=0.9790 best_val_loss=0.0393028 patience_wait=1
model-done model=random_sparse seed=0 best_val_loss=0.0393028 test_acc=0.9857 test_reversal_acc=0.9787
model-start model=weight_shuffle seed=0 runtime=sparse N=11690 recurrent_params=1277773 trainable_params=2084384 timesteps=21
loss model=weight_shuffle seed=0 epoch=1/60 train_loss=0.630956 val_loss=0.604361 val_acc=0.6555 val_reversal_acc=0.6585 best_val_loss=0.604361 patience_wait=0
loss model=weight_shuffle seed=0 epoch=2/60 train_loss=0.603163 val_loss=0.600065 val_acc=0.6611 val_reversal_acc=0.6634 best_val_loss=0.600065 patience_wait=0
loss model=weight_shuffle seed=0 epoch=3/60 train_loss=0.602586 val_loss=0.601261 val_acc=0.6593 val_reversal_acc=0.6611 best_val_loss=0.600065 patience_wait=1
loss model=weight_shuffle seed=0 epoch=4/60 train_loss=0.564714 val_loss=0.493073 val_acc=0.7511 val_reversal_acc=0.7419 best_val_loss=0.493073 patience_wait=0
loss model=weight_shuffle seed=0 epoch=5/60 train_loss=0.459786 val_loss=0.415662 val_acc=0.8017 val_reversal_acc=0.7888 best_val_loss=0.415662 patience_wait=0
loss model=weight_shuffle seed=0 epoch=6/60 train_loss=0.346621 val_loss=0.27948 val_acc=0.8775 val_reversal_acc=0.8624 best_val_loss=0.27948 patience_wait=0
loss model=weight_shuffle seed=0 epoch=7/60 train_loss=0.238672 val_loss=0.208903 val_acc=0.9138 val_reversal_acc=0.8967 best_val_loss=0.208903 patience_wait=0
loss model=weight_shuffle seed=0 epoch=8/60 train_loss=0.189827 val_loss=0.16726 val_acc=0.9313 val_reversal_acc=0.9191 best_val_loss=0.16726 patience_wait=0
loss model=weight_shuffle seed=0 epoch=9/60 train_loss=0.157442 val_loss=0.136684 val_acc=0.9452 val_reversal_acc=0.9339 best_val_loss=0.136684 patience_wait=0
loss model=weight_shuffle seed=0 epoch=10/60 train_loss=0.137409 val_loss=0.131438 val_acc=0.9467 val_reversal_acc=0.9335 best_val_loss=0.131438 patience_wait=0
loss model=weight_shuffle seed=0 epoch=11/60 train_loss=0.120777 val_loss=0.112669 val_acc=0.9557 val_reversal_acc=0.9454 best_val_loss=0.112669 patience_wait=0
loss model=weight_shuffle seed=0 epoch=12/60 train_loss=0.10452 val_loss=0.0946613 val_acc=0.9630 val_reversal_acc=0.9535 best_val_loss=0.0946613 patience_wait=0
loss model=weight_shuffle seed=0 epoch=13/60 train_loss=0.0919639 val_loss=0.0882653 val_acc=0.9648 val_reversal_acc=0.9517 best_val_loss=0.0882653 patience_wait=0
loss model=weight_shuffle seed=0 epoch=14/60 train_loss=0.0778927 val_loss=0.0792612 val_acc=0.9688 val_reversal_acc=0.9589 best_val_loss=0.0792612 patience_wait=0
loss model=weight_shuffle seed=0 epoch=15/60 train_loss=0.0695726 val_loss=0.0685401 val_acc=0.9734 val_reversal_acc=0.9633 best_val_loss=0.0685401 patience_wait=0
loss model=weight_shuffle seed=0 epoch=16/60 train_loss=0.0621976 val_loss=0.0651614 val_acc=0.9751 val_reversal_acc=0.9652 best_val_loss=0.0651614 patience_wait=0
loss model=weight_shuffle seed=0 epoch=17/60 train_loss=0.0575083 val_loss=0.052244 val_acc=0.9802 val_reversal_acc=0.9722 best_val_loss=0.052244 patience_wait=0
loss model=weight_shuffle seed=0 epoch=18/60 train_loss=0.0514378 val_loss=0.0485585 val_acc=0.9824 val_reversal_acc=0.9755 best_val_loss=0.0485585 patience_wait=0
loss model=weight_shuffle seed=0 epoch=19/60 train_loss=0.0478674 val_loss=0.0419559 val_acc=0.9848 val_reversal_acc=0.9792 best_val_loss=0.0419559 patience_wait=0
loss model=weight_shuffle seed=0 epoch=20/60 train_loss=0.0431663 val_loss=0.0408894 val_acc=0.9850 val_reversal_acc=0.9781 best_val_loss=0.0408894 patience_wait=0
loss model=weight_shuffle seed=0 epoch=21/60 train_loss=0.0414946 val_loss=0.0419737 val_acc=0.9848 val_reversal_acc=0.9776 best_val_loss=0.0408894 patience_wait=1
loss model=weight_shuffle seed=0 epoch=22/60 train_loss=0.0409951 val_loss=0.0367793 val_acc=0.9865 val_reversal_acc=0.9805 best_val_loss=0.0367793 patience_wait=0
loss model=weight_shuffle seed=0 epoch=23/60 train_loss=0.0372017 val_loss=0.0355142 val_acc=0.9877 val_reversal_acc=0.9821 best_val_loss=0.0355142 patience_wait=0
loss model=weight_shuffle seed=0 epoch=24/60 train_loss=0.0348238 val_loss=0.0320975 val_acc=0.9881 val_reversal_acc=0.9822 best_val_loss=0.0320975 patience_wait=0
loss model=weight_shuffle seed=0 epoch=25/60 train_loss=0.0331956 val_loss=0.0335814 val_acc=0.9878 val_reversal_acc=0.9822 best_val_loss=0.0320975 patience_wait=1
loss model=weight_shuffle seed=0 epoch=26/60 train_loss=0.0328974 val_loss=0.0291346 val_acc=0.9895 val_reversal_acc=0.9838 best_val_loss=0.0291346 patience_wait=0
loss model=weight_shuffle seed=0 epoch=27/60 train_loss=0.0321348 val_loss=0.0294653 val_acc=0.9889 val_reversal_acc=0.9824 best_val_loss=0.0291346 patience_wait=1
loss model=weight_shuffle seed=0 epoch=28/60 train_loss=0.0293477 val_loss=0.0282844 val_acc=0.9899 val_reversal_acc=0.9846 best_val_loss=0.0282844 patience_wait=0
loss model=weight_shuffle seed=0 epoch=29/60 train_loss=0.027783 val_loss=0.0313312 val_acc=0.9883 val_reversal_acc=0.9814 best_val_loss=0.0282844 patience_wait=1
loss model=weight_shuffle seed=0 epoch=30/60 train_loss=0.0267003 val_loss=0.0275901 val_acc=0.9896 val_reversal_acc=0.9832 best_val_loss=0.0275901 patience_wait=0
loss model=weight_shuffle seed=0 epoch=31/60 train_loss=0.0259539 val_loss=0.0257896 val_acc=0.9906 val_reversal_acc=0.9853 best_val_loss=0.0257896 patience_wait=0
loss model=weight_shuffle seed=0 epoch=32/60 train_loss=0.024401 val_loss=0.0209252 val_acc=0.9924 val_reversal_acc=0.9882 best_val_loss=0.0209252 patience_wait=0
loss model=weight_shuffle seed=0 epoch=33/60 train_loss=0.0233119 val_loss=0.0202323 val_acc=0.9925 val_reversal_acc=0.9885 best_val_loss=0.0202323 patience_wait=0
loss model=weight_shuffle seed=0 epoch=34/60 train_loss=0.0232497 val_loss=0.0199361 val_acc=0.9928 val_reversal_acc=0.9883 best_val_loss=0.0199361 patience_wait=0
loss model=weight_shuffle seed=0 epoch=35/60 train_loss=0.0205272 val_loss=0.0200976 val_acc=0.9930 val_reversal_acc=0.9886 best_val_loss=0.0199361 patience_wait=1
loss model=weight_shuffle seed=0 epoch=36/60 train_loss=0.0217893 val_loss=0.0170188 val_acc=0.9940 val_reversal_acc=0.9905 best_val_loss=0.0170188 patience_wait=0
loss model=weight_shuffle seed=0 epoch=37/60 train_loss=0.0218289 val_loss=0.0177155 val_acc=0.9938 val_reversal_acc=0.9902 best_val_loss=0.0170188 patience_wait=1
loss model=weight_shuffle seed=0 epoch=38/60 train_loss=0.0207229 val_loss=0.0171371 val_acc=0.9937 val_reversal_acc=0.9896 best_val_loss=0.0170188 patience_wait=2
loss model=weight_shuffle seed=0 epoch=39/60 train_loss=0.0187954 val_loss=0.0170588 val_acc=0.9937 val_reversal_acc=0.9894 best_val_loss=0.0170188 patience_wait=3
loss model=weight_shuffle seed=0 epoch=40/60 train_loss=0.01888 val_loss=0.016845 val_acc=0.9944 val_reversal_acc=0.9906 best_val_loss=0.016845 patience_wait=0
loss model=weight_shuffle seed=0 epoch=41/60 train_loss=0.0177008 val_loss=0.0179289 val_acc=0.9935 val_reversal_acc=0.9888 best_val_loss=0.016845 patience_wait=1
loss model=weight_shuffle seed=0 epoch=42/60 train_loss=0.018323 val_loss=0.0172137 val_acc=0.9943 val_reversal_acc=0.9911 best_val_loss=0.016845 patience_wait=2
loss model=weight_shuffle seed=0 epoch=43/60 train_loss=0.0180497 val_loss=0.0173879 val_acc=0.9939 val_reversal_acc=0.9898 best_val_loss=0.016845 patience_wait=3
loss model=weight_shuffle seed=0 epoch=44/60 train_loss=0.0168532 val_loss=0.0139783 val_acc=0.9947 val_reversal_acc=0.9915 best_val_loss=0.0139783 patience_wait=0
loss model=weight_shuffle seed=0 epoch=45/60 train_loss=0.0170403 val_loss=0.0119534 val_acc=0.9956 val_reversal_acc=0.9930 best_val_loss=0.0119534 patience_wait=0
loss model=weight_shuffle seed=0 epoch=46/60 train_loss=0.0152415 val_loss=0.0168085 val_acc=0.9939 val_reversal_acc=0.9893 best_val_loss=0.0119534 patience_wait=1
loss model=weight_shuffle seed=0 epoch=47/60 train_loss=0.0146953 val_loss=0.0127088 val_acc=0.9951 val_reversal_acc=0.9918 best_val_loss=0.0119534 patience_wait=2
loss model=weight_shuffle seed=0 epoch=48/60 train_loss=0.015774 val_loss=0.0260954 val_acc=0.9904 val_reversal_acc=0.9833 best_val_loss=0.0119534 patience_wait=3
loss model=weight_shuffle seed=0 epoch=49/60 train_loss=0.0155814 val_loss=0.0154768 val_acc=0.9946 val_reversal_acc=0.9905 best_val_loss=0.0119534 patience_wait=4
loss model=weight_shuffle seed=0 epoch=50/60 train_loss=0.0157921 val_loss=0.0137427 val_acc=0.9948 val_reversal_acc=0.9912 best_val_loss=0.0119534 patience_wait=5
loss model=weight_shuffle seed=0 epoch=51/60 train_loss=0.0155978 val_loss=0.0150128 val_acc=0.9947 val_reversal_acc=0.9908 best_val_loss=0.0119534 patience_wait=6
loss model=weight_shuffle seed=0 epoch=52/60 train_loss=0.0134172 val_loss=0.012453 val_acc=0.9952 val_reversal_acc=0.9917 best_val_loss=0.0119534 patience_wait=7
loss model=weight_shuffle seed=0 epoch=53/60 train_loss=0.0134955 val_loss=0.012304 val_acc=0.9955 val_reversal_acc=0.9921 best_val_loss=0.0119534 patience_wait=8
loss model=weight_shuffle seed=0 epoch=54/60 train_loss=0.0132938 val_loss=0.0136442 val_acc=0.9952 val_reversal_acc=0.9914 best_val_loss=0.0119534 patience_wait=9
loss model=weight_shuffle seed=0 epoch=55/60 train_loss=0.0123558 val_loss=0.00924399 val_acc=0.9965 val_reversal_acc=0.9937 best_val_loss=0.00924399 patience_wait=0
loss model=weight_shuffle seed=0 epoch=56/60 train_loss=0.0132222 val_loss=0.0103105 val_acc=0.9966 val_reversal_acc=0.9939 best_val_loss=0.00924399 patience_wait=1
loss model=weight_shuffle seed=0 epoch=57/60 train_loss=0.0126524 val_loss=0.0104095 val_acc=0.9967 val_reversal_acc=0.9943 best_val_loss=0.00924399 patience_wait=2
loss model=weight_shuffle seed=0 epoch=58/60 train_loss=0.0119705 val_loss=0.0110376 val_acc=0.9957 val_reversal_acc=0.9924 best_val_loss=0.00924399 patience_wait=3
loss model=weight_shuffle seed=0 epoch=59/60 train_loss=0.011971 val_loss=0.0084888 val_acc=0.9969 val_reversal_acc=0.9947 best_val_loss=0.0084888 patience_wait=0
loss model=weight_shuffle seed=0 epoch=60/60 train_loss=0.0117021 val_loss=0.00887776 val_acc=0.9970 val_reversal_acc=0.9949 best_val_loss=0.0084888 patience_wait=1
model-done model=weight_shuffle seed=0 best_val_loss=0.0084888 test_acc=0.9963 test_reversal_acc=0.9940
complete metrics=/home/ubuntu/pathintegrationBPU/outputs/mb_associative_learning_seed0_60ep/metrics_by_seed.csv figures=/home/ubuntu/pathintegrationBPU/outputs/mb_associative_learning_seed0_60ep/associative_accuracy.png,/home/ubuntu/pathintegrationBPU/outputs/mb_associative_learning_seed0_60ep/associative_loss.png
